abr 06, 2025 2:43:29 P. M. org.l2jmobius.gameserver.util.DocumentItem parseDocument
ADVERTENCIA: Cannot create item 485
java.util.NoSuchElementException: Unknown name 'speed' for enum BaseStats
	at org.l2jmobius.gameserver.model.stats.Stat.valueOfXml(Stat.java:224)
	at org.l2jmobius.gameserver.util.DocumentBase.attachFunc(DocumentBase.java:245)
	at org.l2jmobius.gameserver.util.DocumentBase.parseTemplate(DocumentBase.java:237)
	at org.l2jmobius.gameserver.util.DocumentBase.parseTemplate(DocumentBase.java:181)
	at org.l2jmobius.gameserver.util.DocumentItem.parseItem(DocumentItem.java:143)
	at org.l2jmobius.gameserver.util.DocumentItem.parseDocument(DocumentItem.java:94)
	at org.l2jmobius.gameserver.util.DocumentBase.parse(DocumentBase.java:152)
	at org.l2jmobius.gameserver.data.xml.ItemData.loadItems(ItemData.java:165)
	at org.l2jmobius.gameserver.data.xml.ItemData.load(ItemData.java:178)
	at org.l2jmobius.gameserver.data.xml.ItemData.<init>(ItemData.java:116)
	at org.l2jmobius.gameserver.data.xml.ItemData$SingletonHolder.<clinit>(ItemData.java:547)
	at org.l2jmobius.gameserver.data.xml.ItemData.getInstance(ItemData.java:542)
	at org.l2jmobius.gameserver.GameServer.<init>(GameServer.java:238)
	at org.l2jmobius.gameserver.GameServer.main(GameServer.java:465)

abr 06, 2025 2:43:29 P. M. org.l2jmobius.gameserver.util.DocumentItem parseDocument
ADVERTENCIA: Cannot create item 486
java.util.NoSuchElementException: Unknown name 'speed' for enum BaseStats
	at org.l2jmobius.gameserver.model.stats.Stat.valueOfXml(Stat.java:224)
	at org.l2jmobius.gameserver.util.DocumentBase.attachFunc(DocumentBase.java:245)
	at org.l2jmobius.gameserver.util.DocumentBase.parseTemplate(DocumentBase.java:237)
	at org.l2jmobius.gameserver.util.DocumentBase.parseTemplate(DocumentBase.java:181)
	at org.l2jmobius.gameserver.util.DocumentItem.parseItem(DocumentItem.java:143)
	at org.l2jmobius.gameserver.util.DocumentItem.parseDocument(DocumentItem.java:94)
	at org.l2jmobius.gameserver.util.DocumentBase.parse(DocumentBase.java:152)
	at org.l2jmobius.gameserver.data.xml.ItemData.loadItems(ItemData.java:165)
	at org.l2jmobius.gameserver.data.xml.ItemData.load(ItemData.java:178)
	at org.l2jmobius.gameserver.data.xml.ItemData.<init>(ItemData.java:116)
	at org.l2jmobius.gameserver.data.xml.ItemData$SingletonHolder.<clinit>(ItemData.java:547)
	at org.l2jmobius.gameserver.data.xml.ItemData.getInstance(ItemData.java:542)
	at org.l2jmobius.gameserver.GameServer.<init>(GameServer.java:238)
	at org.l2jmobius.gameserver.GameServer.main(GameServer.java:465)

abr 06, 2025 2:43:29 P. M. org.l2jmobius.gameserver.util.DocumentItem parseDocument
ADVERTENCIA: Cannot create item 488
java.util.NoSuchElementException: Unknown name 'speed' for enum BaseStats
	at org.l2jmobius.gameserver.model.stats.Stat.valueOfXml(Stat.java:224)
	at org.l2jmobius.gameserver.util.DocumentBase.attachFunc(DocumentBase.java:245)
	at org.l2jmobius.gameserver.util.DocumentBase.parseTemplate(DocumentBase.java:237)
	at org.l2jmobius.gameserver.util.DocumentBase.parseTemplate(DocumentBase.java:181)
	at org.l2jmobius.gameserver.util.DocumentItem.parseItem(DocumentItem.java:143)
	at org.l2jmobius.gameserver.util.DocumentItem.parseDocument(DocumentItem.java:94)
	at org.l2jmobius.gameserver.util.DocumentBase.parse(DocumentBase.java:152)
	at org.l2jmobius.gameserver.data.xml.ItemData.loadItems(ItemData.java:165)
	at org.l2jmobius.gameserver.data.xml.ItemData.load(ItemData.java:178)
	at org.l2jmobius.gameserver.data.xml.ItemData.<init>(ItemData.java:116)
	at org.l2jmobius.gameserver.data.xml.ItemData$SingletonHolder.<clinit>(ItemData.java:547)
	at org.l2jmobius.gameserver.data.xml.ItemData.getInstance(ItemData.java:542)
	at org.l2jmobius.gameserver.GameServer.<init>(GameServer.java:238)
	at org.l2jmobius.gameserver.GameServer.main(GameServer.java:465)

abr 06, 2025 2:43:29 P. M. org.l2jmobius.gameserver.util.DocumentItem parseDocument
ADVERTENCIA: Cannot create item 489
java.util.NoSuchElementException: Unknown name 'speed' for enum BaseStats
	at org.l2jmobius.gameserver.model.stats.Stat.valueOfXml(Stat.java:224)
	at org.l2jmobius.gameserver.util.DocumentBase.attachFunc(DocumentBase.java:245)
	at org.l2jmobius.gameserver.util.DocumentBase.parseTemplate(DocumentBase.java:237)
	at org.l2jmobius.gameserver.util.DocumentBase.parseTemplate(DocumentBase.java:181)
	at org.l2jmobius.gameserver.util.DocumentItem.parseItem(DocumentItem.java:143)
	at org.l2jmobius.gameserver.util.DocumentItem.parseDocument(DocumentItem.java:94)
	at org.l2jmobius.gameserver.util.DocumentBase.parse(DocumentBase.java:152)
	at org.l2jmobius.gameserver.data.xml.ItemData.loadItems(ItemData.java:165)
	at org.l2jmobius.gameserver.data.xml.ItemData.load(ItemData.java:178)
	at org.l2jmobius.gameserver.data.xml.ItemData.<init>(ItemData.java:116)
	at org.l2jmobius.gameserver.data.xml.ItemData$SingletonHolder.<clinit>(ItemData.java:547)
	at org.l2jmobius.gameserver.data.xml.ItemData.getInstance(ItemData.java:542)
	at org.l2jmobius.gameserver.GameServer.<init>(GameServer.java:238)
	at org.l2jmobius.gameserver.GameServer.main(GameServer.java:465)

