2025.04.12 15:42:37,167	INFO	1	org.l2jmobius.commons.util.IXmlReader	Network Config: ipconfig.xml doesn't exist using automatic configuration...
2025.04.12 15:42:37,599	INFO	1	org.l2jmobius.commons.util.IXmlReader	Network Config: Adding new subnet: 192.168.100.0/24 address: 192.168.100.5
2025.04.12 15:42:37,600	INFO	1	org.l2jmobius.commons.util.IXmlReader	Network Config: Adding new subnet: 127.0.0.0/8 address: 127.0.0.1
2025.04.12 15:42:37,600	INFO	1	org.l2jmobius.commons.util.IXmlReader	Network Config: Adding new subnet: 0.0.0.0/0 address: 190.124.152.183
2025.04.12 15:42:37,624	INFO	1	org.l2jmobius.Config	Loaded 6 Filter Words.
2025.04.12 15:42:37,643	INFO	1	org.l2jmobius.gameserver.GameServer	------------------------------------------------=[ Database ]
2025.04.12 15:42:37,780	INFO	1	org.l2jmobius.commons.database.DatabaseFactory	Database: HikariCP pool initialized successfully.
2025.04.12 15:42:37,896	INFO	1	org.l2jmobius.commons.database.DatabaseFactory	Database: Initialized with a valid connection.
2025.04.12 15:42:37,902	INFO	1	org.l2jmobius.gameserver.GameServer	----------------------------------------------=[ ThreadPool ]
2025.04.12 15:42:37,904	INFO	1	org.l2jmobius.commons.threads.ThreadPool	ThreadPool: Initialized
2025.04.12 15:42:37,904	INFO	1	org.l2jmobius.commons.threads.ThreadPool	...scheduled pool executor with 12 high priority threads.
2025.04.12 15:42:37,910	INFO	1	org.l2jmobius.commons.threads.ThreadPool	...scheduled pool executor with 48 total threads.
2025.04.12 15:42:37,910	INFO	1	org.l2jmobius.commons.threads.ThreadPool	...instant pool executor with 24 total threads.
2025.04.12 15:42:37,911	INFO	1	org.l2jmobius.gameserver.GameServer	-----------------------------------------------=[ IdManager ]
2025.04.12 15:42:37,918	INFO	1	org.l2jmobius.gameserver.instancemanager.IdManager	Updated characters online status.
2025.04.12 15:42:37,959	INFO	1	org.l2jmobius.gameserver.instancemanager.IdManager	IdManager: Cleaned 0 elements from database in 0 seconds.
2025.04.12 15:42:37,965	INFO	1	org.l2jmobius.gameserver.instancemanager.IdManager	IdManager: Cleaned 0 expired timestamps from database.
2025.04.12 15:42:37,988	INFO	1	org.l2jmobius.gameserver.instancemanager.IdManager	IdManager: 102912 id's available.
2025.04.12 15:42:37,988	INFO	1	org.l2jmobius.gameserver.GameServer	----------------------------------------=[ Scripting Engine ]
2025.04.12 15:42:38,139	INFO	1	org.l2jmobius.gameserver.scripting.ScriptEngineManager	Loaded 380 files to exclude.
2025.04.12 15:42:38,139	INFO	1	org.l2jmobius.gameserver.GameServer	---------------------------------------------------=[ World ]
2025.04.12 15:42:38,143	INFO	1	org.l2jmobius.commons.util.IXmlReader	InstanceManager: Multiverse Instance created.
2025.04.12 15:42:38,143	INFO	1	org.l2jmobius.commons.util.IXmlReader	InstanceManager: Universe Instance created.
2025.04.12 15:42:38,161	INFO	1	org.l2jmobius.commons.util.IXmlReader	InstanceManager: Loaded 2 instance templates.
2025.04.12 15:42:38,272	INFO	1	org.l2jmobius.commons.util.IXmlReader	MapRegionManager: Loaded 42 map regions.
2025.04.12 15:42:38,288	INFO	1	org.l2jmobius.gameserver.instancemanager.GlobalVariablesManager	GlobalVariablesManager: Loaded 5 variables.
2025.04.12 15:42:38,288	INFO	1	org.l2jmobius.gameserver.GameServer	----------------------------------------------------=[ Data ]
2025.04.12 15:42:38,313	INFO	1	org.l2jmobius.gameserver.data.xml.CategoryData	CategoryData: Loaded 160 categories.
2025.04.12 15:42:38,318	INFO	1	org.l2jmobius.gameserver.GameServer	--------------------------------------------------=[ Skills ]
2025.04.12 15:42:39,501	INFO	1	handlers.EffectMasterHandler	EffectMasterHandler: Loaded 143 effect handlers.
2025.04.12 15:42:39,599	INFO	1	org.l2jmobius.gameserver.data.sql.EnchantSkillTreesTable	EnchantSkillTreesTable: Loaded 14520 enchant skills.
2025.04.12 15:42:39,938	INFO	1	org.l2jmobius.commons.util.IXmlReader	SkillTreeData: Loaded 13741 Class Skills for 89 class skill trees.
2025.04.12 15:42:39,938	INFO	1	org.l2jmobius.commons.util.IXmlReader	SkillTreeData: Loaded 117 fishing skills, 8 Dwarven only fishing skills.
2025.04.12 15:42:39,941	INFO	1	org.l2jmobius.commons.util.IXmlReader	SkillTreeData: Loaded 64 clan skills, 64 for clan and 0 residential.
2025.04.12 15:42:39,941	INFO	1	org.l2jmobius.commons.util.IXmlReader	SkillTreeData: Loaded 8 noble skills.
2025.04.12 15:42:39,941	INFO	1	org.l2jmobius.commons.util.IXmlReader	SkillTreeData: Loaded 5 hero skills.
2025.04.12 15:42:39,942	INFO	1	org.l2jmobius.commons.util.IXmlReader	SkillTreeData: Loaded 25 game master skills.
2025.04.12 15:42:39,942	INFO	1	org.l2jmobius.commons.util.IXmlReader	SkillTreeData: Loaded 1 game master aura skills.
2025.04.12 15:42:41,558	INFO	1	org.l2jmobius.gameserver.data.xml.SkillData	SkillData: Loaded 29864 Skill templates from XML files.
2025.04.12 15:42:41,585	INFO	1	org.l2jmobius.gameserver.data.xml.PetSkillData	PetSkillData: Loaded 795 skills.
2025.04.12 15:42:41,585	INFO	1	org.l2jmobius.gameserver.GameServer	---------------------------------------------------=[ Items ]
2025.04.12 15:42:41,633	WARNING	1	org.l2jmobius.gameserver.util.DocumentItem	Cannot create item 485
2025.04.12 15:42:41,637	WARNING	1	org.l2jmobius.gameserver.util.DocumentItem	Cannot create item 486
2025.04.12 15:42:41,637	WARNING	1	org.l2jmobius.gameserver.util.DocumentItem	Cannot create item 488
2025.04.12 15:42:41,638	WARNING	1	org.l2jmobius.gameserver.util.DocumentItem	Cannot create item 489
2025.04.12 15:42:41,835	INFO	1	org.l2jmobius.gameserver.data.xml.ItemData	ItemData: Highest item id used: 13534
2025.04.12 15:42:41,836	INFO	1	org.l2jmobius.gameserver.data.xml.ItemData	ItemData: Loaded 6881 etc items.
2025.04.12 15:42:41,836	INFO	1	org.l2jmobius.gameserver.data.xml.ItemData	ItemData: Loaded 1102 armor items.
2025.04.12 15:42:41,836	INFO	1	org.l2jmobius.gameserver.data.xml.ItemData	ItemData: Loaded 1223 weapon items.
2025.04.12 15:42:41,836	INFO	1	org.l2jmobius.gameserver.data.xml.ItemData	ItemData: Loaded 9206 items in total.
2025.04.12 15:42:41,840	INFO	1	org.l2jmobius.commons.util.IXmlReader	EnchantItemGroupsData: Loaded 4 item group templates.
2025.04.12 15:42:41,840	INFO	1	org.l2jmobius.commons.util.IXmlReader	EnchantItemGroupsData: Loaded 1 scroll group templates.
2025.04.12 15:42:41,840	INFO	1	org.l2jmobius.commons.util.IXmlReader	EnchantItemGroupsData: Max weapon enchant is set to 16.
2025.04.12 15:42:41,840	INFO	1	org.l2jmobius.commons.util.IXmlReader	EnchantItemGroupsData: Max armor enchant is set to 16.
2025.04.12 15:42:41,840	INFO	1	org.l2jmobius.commons.util.IXmlReader	EnchantItemGroupsData: Max accessory enchant is set to 16.
2025.04.12 15:42:41,845	INFO	1	org.l2jmobius.commons.util.IXmlReader	EnchantItemData: Loaded 30 enchant scrolls.
2025.04.12 15:42:41,847	INFO	1	org.l2jmobius.commons.util.IXmlReader	EnchantItemOptionsData: Loaded 0 items and 0 options.
2025.04.12 15:42:42,255	INFO	1	org.l2jmobius.gameserver.data.xml.OptionData	OptionData: Loaded 16380 options.
2025.04.12 15:42:42,263	INFO	1	org.l2jmobius.commons.util.IXmlReader	EnchantItemHPBonusData: Loaded 6 enchant HP bonuses.
2025.04.12 15:42:42,264	INFO	1	org.l2jmobius.gameserver.data.MerchantPriceConfigTable	MerchantPriceConfigTable: Loaded 28 merchant price configs.
2025.04.12 15:42:42,800	WARNING	1	org.l2jmobius.commons.util.IXmlReader	Folder C:\Users\Usuario\Desktop\Server Interlude KameKase\game\data\buylists\custom doesn't exist!
2025.04.12 15:42:42,800	INFO	1	org.l2jmobius.gameserver.data.xml.BuyListData	BuyListData: Loaded 616 buyLists.
2025.04.12 15:42:42,935	WARNING	1	org.l2jmobius.commons.util.IXmlReader	Buy price 3000000 is less than sell price 3065000 at entry 6 of multisell 51004.
2025.04.12 15:42:42,935	WARNING	1	org.l2jmobius.commons.util.IXmlReader	Buy price 3000000 is less than sell price 3065000 at entry 7 of multisell 51004.
2025.04.12 15:42:42,935	WARNING	1	org.l2jmobius.commons.util.IXmlReader	Buy price 3000000 is less than sell price 3065000 at entry 8 of multisell 51004.
2025.04.12 15:42:42,935	WARNING	1	org.l2jmobius.commons.util.IXmlReader	Buy price 3000000 is less than sell price 3065000 at entry 12 of multisell 51004.
2025.04.12 15:42:42,935	WARNING	1	org.l2jmobius.commons.util.IXmlReader	Buy price 3000000 is less than sell price 3065000 at entry 13 of multisell 51004.
2025.04.12 15:42:42,936	WARNING	1	org.l2jmobius.commons.util.IXmlReader	Buy price 3000000 is less than sell price 3065000 at entry 14 of multisell 51004.
2025.04.12 15:42:42,936	WARNING	1	org.l2jmobius.commons.util.IXmlReader	Buy price 3000000 is less than sell price 3065000 at entry 15 of multisell 51004.
2025.04.12 15:42:42,936	WARNING	1	org.l2jmobius.commons.util.IXmlReader	Buy price 3000000 is less than sell price 3065000 at entry 16 of multisell 51004.
2025.04.12 15:42:42,936	WARNING	1	org.l2jmobius.commons.util.IXmlReader	Buy price 3000000 is less than sell price 3065000 at entry 17 of multisell 51004.
2025.04.12 15:42:42,936	WARNING	1	org.l2jmobius.commons.util.IXmlReader	Buy price 3000000 is less than sell price 3065000 at entry 21 of multisell 51004.
2025.04.12 15:42:42,936	WARNING	1	org.l2jmobius.commons.util.IXmlReader	Buy price 3000000 is less than sell price 3065000 at entry 22 of multisell 51004.
2025.04.12 15:42:42,936	WARNING	1	org.l2jmobius.commons.util.IXmlReader	Buy price 3000000 is less than sell price 3065000 at entry 23 of multisell 51004.
2025.04.12 15:42:42,936	WARNING	1	org.l2jmobius.commons.util.IXmlReader	Buy price 3000000 is less than sell price 3065000 at entry 25 of multisell 51004.
2025.04.12 15:42:42,936	WARNING	1	org.l2jmobius.commons.util.IXmlReader	Buy price 3000000 is less than sell price 3065000 at entry 26 of multisell 51004.
2025.04.12 15:42:42,936	WARNING	1	org.l2jmobius.commons.util.IXmlReader	Buy price 3000000 is less than sell price 3065000 at entry 27 of multisell 51004.
2025.04.12 15:42:42,936	WARNING	1	org.l2jmobius.commons.util.IXmlReader	Buy price 3000000 is less than sell price 3065000 at entry 28 of multisell 51004.
2025.04.12 15:42:42,936	WARNING	1	org.l2jmobius.commons.util.IXmlReader	Buy price 3000000 is less than sell price 3065000 at entry 32 of multisell 51004.
2025.04.12 15:42:42,937	WARNING	1	org.l2jmobius.commons.util.IXmlReader	Buy price 3000000 is less than sell price 3065000 at entry 33 of multisell 51004.
2025.04.12 15:42:42,937	WARNING	1	org.l2jmobius.commons.util.IXmlReader	Buy price 3000000 is less than sell price 3065000 at entry 34 of multisell 51004.
2025.04.12 15:42:42,937	WARNING	1	org.l2jmobius.commons.util.IXmlReader	Buy price 3000000 is less than sell price 3065000 at entry 38 of multisell 51004.
2025.04.12 15:42:42,937	WARNING	1	org.l2jmobius.commons.util.IXmlReader	Buy price 3000000 is less than sell price 3065000 at entry 39 of multisell 51004.
2025.04.12 15:42:42,937	WARNING	1	org.l2jmobius.commons.util.IXmlReader	Buy price 3000000 is less than sell price 3065000 at entry 40 of multisell 51004.
2025.04.12 15:42:42,937	WARNING	1	org.l2jmobius.commons.util.IXmlReader	Buy price 3000000 is less than sell price 3063775 at entry 41 of multisell 51004.
2025.04.12 15:42:42,937	WARNING	1	org.l2jmobius.commons.util.IXmlReader	Buy price 3000000 is less than sell price 3063775 at entry 42 of multisell 51004.
2025.04.12 15:42:42,937	WARNING	1	org.l2jmobius.commons.util.IXmlReader	Buy price 3000000 is less than sell price 3065000 at entry 46 of multisell 51004.
2025.04.12 15:42:42,937	WARNING	1	org.l2jmobius.commons.util.IXmlReader	Buy price 3000000 is less than sell price 3065000 at entry 47 of multisell 51004.
2025.04.12 15:42:42,937	WARNING	1	org.l2jmobius.commons.util.IXmlReader	Buy price 3000000 is less than sell price 3065000 at entry 48 of multisell 51004.
2025.04.12 15:42:42,937	WARNING	1	org.l2jmobius.commons.util.IXmlReader	Buy price 3000000 is less than sell price 3063775 at entry 49 of multisell 51004.
2025.04.12 15:42:42,937	WARNING	1	org.l2jmobius.commons.util.IXmlReader	Buy price 3000000 is less than sell price 3063775 at entry 50 of multisell 51004.
2025.04.12 15:42:42,937	WARNING	1	org.l2jmobius.commons.util.IXmlReader	Buy price 3000000 is less than sell price 3063775 at entry 51 of multisell 51004.
2025.04.12 15:42:42,938	WARNING	1	org.l2jmobius.commons.util.IXmlReader	Buy price 3000000 is less than sell price 3065000 at entry 52 of multisell 51004.
2025.04.12 15:42:42,938	WARNING	1	org.l2jmobius.commons.util.IXmlReader	Buy price 3000000 is less than sell price 3065000 at entry 53 of multisell 51004.
2025.04.12 15:42:42,938	WARNING	1	org.l2jmobius.commons.util.IXmlReader	Buy price 3000000 is less than sell price 3065000 at entry 54 of multisell 51004.
2025.04.12 15:42:42,943	WARNING	1	org.l2jmobius.commons.util.IXmlReader	Buy price 5000000 is less than sell price 8700000 at entry 5 of multisell 52000.
2025.04.12 15:42:42,947	WARNING	1	org.l2jmobius.commons.util.IXmlReader	Buy price 400000 is less than sell price 500000 at entry 8 of multisell 52005.
2025.04.12 15:42:42,947	WARNING	1	org.l2jmobius.commons.util.IXmlReader	Buy price 500000 is less than sell price 600000 at entry 9 of multisell 52005.
2025.04.12 15:42:42,947	WARNING	1	org.l2jmobius.commons.util.IXmlReader	Buy price 200000 is less than sell price 220000 at entry 11 of multisell 52005.
2025.04.12 15:42:42,947	WARNING	1	org.l2jmobius.commons.util.IXmlReader	Buy price 300000 is less than sell price 450000 at entry 12 of multisell 52005.
2025.04.12 15:42:42,947	WARNING	1	org.l2jmobius.commons.util.IXmlReader	Buy price 800000 is less than sell price 1220000 at entry 13 of multisell 52005.
2025.04.12 15:42:42,947	WARNING	1	org.l2jmobius.commons.util.IXmlReader	Buy price 500000 is less than sell price 1450000 at entry 14 of multisell 52005.
2025.04.12 15:42:42,947	WARNING	1	org.l2jmobius.commons.util.IXmlReader	Buy price 1000000 is less than sell price 1750000 at entry 15 of multisell 52005.
2025.04.12 15:42:42,970	WARNING	1	org.l2jmobius.commons.util.IXmlReader	MultisellData: can't find product with itemId: 486 in list: 52009
2025.04.12 15:42:42,971	WARNING	1	org.l2jmobius.commons.util.IXmlReader	MultisellData: can't find ingredient with itemId: 486 in list: 52009
2025.04.12 15:42:42,971	WARNING	1	org.l2jmobius.commons.util.IXmlReader	MultisellData: can't find product with itemId: 489 in list: 52009
2025.04.12 15:42:42,971	WARNING	1	org.l2jmobius.commons.util.IXmlReader	MultisellData: can't find ingredient with itemId: 489 in list: 52009
2025.04.12 15:42:42,979	INFO	1	org.l2jmobius.commons.util.IXmlReader	MultisellData: Loaded 113 multisell lists.
2025.04.12 15:42:43,013	INFO	1	org.l2jmobius.commons.util.IXmlReader	RecipeData: Loaded 871 recipes.
2025.04.12 15:42:43,025	INFO	1	org.l2jmobius.commons.util.IXmlReader	ArmorSetData: Loaded 51 armor sets.
2025.04.12 15:42:43,036	INFO	1	org.l2jmobius.commons.util.IXmlReader	FishData: Loaded 278 fishes.
2025.04.12 15:42:43,038	INFO	1	org.l2jmobius.commons.util.IXmlReader	FishingMonstersData: Loaded 8 fishing monsters.
2025.04.12 15:42:43,040	INFO	1	org.l2jmobius.commons.util.IXmlReader	FishingRodsData: Loaded 6 fishing rods.
2025.04.12 15:42:43,062	INFO	1	org.l2jmobius.commons.util.IXmlReader	HennaData: Loaded 180 henna data.
2025.04.12 15:42:43,063	INFO	1	org.l2jmobius.gameserver.GameServer	----------------------------------------------=[ Characters ]
2025.04.12 15:42:43,067	INFO	1	org.l2jmobius.commons.util.IXmlReader	ClassListData: Loaded 89 class data.
2025.04.12 15:42:43,070	INFO	1	org.l2jmobius.commons.util.IXmlReader	InitialEquipmentData: Loaded 9 initial equipment data.
2025.04.12 15:42:43,074	INFO	1	org.l2jmobius.commons.util.IXmlReader	InitialShortcutData: Loaded 5 initial global shortcut data.
2025.04.12 15:42:43,074	INFO	1	org.l2jmobius.commons.util.IXmlReader	InitialShortcutData: Loaded 4 initial shortcut data.
2025.04.12 15:42:43,074	INFO	1	org.l2jmobius.commons.util.IXmlReader	InitialShortcutData: Loaded 0 macro presets.
2025.04.12 15:42:43,076	INFO	1	org.l2jmobius.gameserver.data.xml.ExperienceData	ExperienceData: Loaded 81 levels.
2025.04.12 15:42:43,077	INFO	1	org.l2jmobius.gameserver.data.xml.ExperienceData	ExperienceData: Max Player Level is 80.
2025.04.12 15:42:43,077	INFO	1	org.l2jmobius.gameserver.data.xml.ExperienceData	ExperienceData: Max Pet Level is 80.
2025.04.12 15:42:43,081	INFO	1	org.l2jmobius.commons.util.IXmlReader	KarmaData: Loaded 80 karma modifiers.
2025.04.12 15:42:43,083	INFO	1	org.l2jmobius.commons.util.IXmlReader	HitConditionBonusData: Loaded hit condition bonuses.
2025.04.12 15:42:43,284	INFO	1	org.l2jmobius.gameserver.data.xml.PlayerTemplateData	PlayerTemplateData: Loaded 89 character templates.
2025.04.12 15:42:43,284	INFO	1	org.l2jmobius.gameserver.data.xml.PlayerTemplateData	PlayerTemplateData: Loaded 42720 level up gain records.
2025.04.12 15:42:43,287	INFO	1	org.l2jmobius.gameserver.data.sql.CharInfoTable	CharInfoTable: Loaded 33 char names.
2025.04.12 15:42:43,290	INFO	1	org.l2jmobius.commons.util.IXmlReader	AdminData: Loaded 10 access levels.
2025.04.12 15:42:43,293	INFO	1	org.l2jmobius.commons.util.IXmlReader	AdminData: Loaded 425 access commands.
2025.04.12 15:42:43,294	INFO	1	org.l2jmobius.gameserver.instancemanager.RaidBossPointsManager	RaidBossPointsManager: Loaded 0 Characters Raid Points.
2025.04.12 15:42:43,359	INFO	1	org.l2jmobius.commons.util.IXmlReader	PetDataTable: Loaded 12 pets.
2025.04.12 15:42:43,362	INFO	1	org.l2jmobius.gameserver.GameServer	---------------------------------------------------=[ Clans ]
2025.04.12 15:42:43,371	INFO	1	org.l2jmobius.gameserver.communitybbs.Manager.ForumsBBSManager	ForumsBBSManager: Loaded 4 forums. Last forum id used: 4
2025.04.12 15:42:43,371	INFO	1	org.l2jmobius.gameserver.data.sql.ClanTable	ClanTable: Restored 0 clans from the database.
2025.04.12 15:42:43,377	INFO	1	org.l2jmobius.gameserver.instancemanager.CHSiegeManager	CHSiegeManager: Loaded 6 conquerable clan halls.
2025.04.12 15:42:43,408	INFO	1	org.l2jmobius.gameserver.instancemanager.ClanHallAuctionManager	ClanHallAuctionManager: Loaded 38 auction(s)
2025.04.12 15:42:43,410	INFO	1	org.l2jmobius.gameserver.data.sql.ClanHallTable	ClanHallTable: Loaded 0 clan halls
2025.04.12 15:42:43,410	INFO	1	org.l2jmobius.gameserver.data.sql.ClanHallTable	ClanHallTable: Loaded 38 free clan halls
2025.04.12 15:42:43,410	INFO	1	org.l2jmobius.gameserver.GameServer	-------------------------------------------------=[ Geodata ]
2025.04.12 15:42:44,094	INFO	1	org.l2jmobius.gameserver.geoengine.GeoEngine	GeoEngine: Loaded 158 regions.
2025.04.12 15:42:44,094	INFO	1	org.l2jmobius.gameserver.GameServer	----------------------------------------------------=[ NPCs ]
2025.04.12 15:42:44,115	INFO	1	org.l2jmobius.gameserver.instancemanager.ZoneManager	ZoneManager 12 by 17 Zone Region Grid set up.
2025.04.12 15:42:45,084	INFO	1	org.l2jmobius.commons.util.IXmlReader	NpcData: Loaded 6519 NPCs.
2025.04.12 15:42:45,103	INFO	1	org.l2jmobius.commons.util.IXmlReader	NpcData: Loaded 19 custom NPCs.
2025.04.12 15:42:45,108	INFO	1	org.l2jmobius.commons.util.IXmlReader	SkillLearnData: Loaded 217 skill learn data.
2025.04.12 15:42:45,113	INFO	1	org.l2jmobius.gameserver.instancemanager.GrandBossManager	GrandBossManager: Gigantic Chaos Golem(25512) status is 0.
2025.04.12 15:42:45,114	INFO	1	org.l2jmobius.gameserver.instancemanager.GrandBossManager	GrandBossManager: Queen Ant(29001) status is 0.
2025.04.12 15:42:45,114	INFO	1	org.l2jmobius.gameserver.instancemanager.GrandBossManager	GrandBossManager: Core(29006) status is 0.
2025.04.12 15:42:45,114	INFO	1	org.l2jmobius.gameserver.instancemanager.GrandBossManager	GrandBossManager: Orfen(29014) status is 0.
2025.04.12 15:42:45,114	INFO	1	org.l2jmobius.gameserver.instancemanager.GrandBossManager	GrandBossManager: Baium(29020) status is 0.
2025.04.12 15:42:45,114	INFO	1	org.l2jmobius.gameserver.instancemanager.GrandBossManager	GrandBossManager: Zaken(29022) status is 0.
2025.04.12 15:42:45,114	INFO	1	org.l2jmobius.gameserver.instancemanager.GrandBossManager	GrandBossManager: Valakas(29028) status is 0.
2025.04.12 15:42:45,114	INFO	1	org.l2jmobius.gameserver.instancemanager.GrandBossManager	GrandBossManager: Frintezza(29045) status is 0.
2025.04.12 15:42:45,114	INFO	1	org.l2jmobius.gameserver.instancemanager.GrandBossManager	GrandBossManager: Antharas(29068) status is 0.
2025.04.12 15:42:45,114	INFO	1	org.l2jmobius.gameserver.instancemanager.GrandBossManager	GrandBossManager: Loaded 9 Instances
2025.04.12 15:42:45,215	INFO	1	org.l2jmobius.gameserver.instancemanager.ZoneManager	ZoneManager: Loaded 28 zone classes and 2413 zones.
2025.04.12 15:42:45,216	INFO	1	org.l2jmobius.gameserver.instancemanager.ZoneManager	ZoneManager: Last static id 200011.
2025.04.12 15:42:45,260	INFO	1	org.l2jmobius.commons.util.IXmlReader	DoorData: Loaded 547 doors.
2025.04.12 15:42:45,271	INFO	1	FenceData	FenceData: Loaded 1 fences.
2025.04.12 15:42:45,282	INFO	1	org.l2jmobius.gameserver.data.xml.LevelUpCrystalData	Soul crystal data : Loaded 39
2025.04.12 15:42:45,282	INFO	1	org.l2jmobius.gameserver.data.xml.LevelUpCrystalData	Npc leveling crystal data : Loaded 125
2025.04.12 15:42:45,283	INFO	1	org.l2jmobius.gameserver.data.xml.FakePlayerData	FakePlayerData: Disabled.
2025.04.12 15:42:45,284	INFO	1	org.l2jmobius.gameserver.instancemanager.FakePlayerChatManager	FakePlayerChatManager: Disabled.
2025.04.12 15:42:46,081	INFO	1	org.l2jmobius.gameserver.instancemanager.WalkingManager	WalkingManager: Loaded 14 walking routes.
2025.04.12 15:42:46,087	INFO	1	org.l2jmobius.commons.util.IXmlReader	StaticObjectData: Loaded 29 static object templates.
2025.04.12 15:42:46,096	INFO	1	org.l2jmobius.gameserver.instancemanager.CastleManager	CastleManager: Loaded 9 castles
2025.04.12 15:42:46,101	INFO	1	org.l2jmobius.gameserver.data.SchemeBufferTable	SchemeBufferTable: Loaded 28 players schemes and 38 available buffs.
2025.04.12 15:42:46,102	INFO	1	org.l2jmobius.gameserver.instancemanager.GrandBossManager	GrandBossManager: Initialized 14 Grand Boss Zones
2025.04.12 15:42:46,103	INFO	1	org.l2jmobius.gameserver.GameServer	------------------------------------------------=[ Olympiad ]
2025.04.12 15:42:46,109	INFO	1	org.l2jmobius.gameserver.model.olympiad.Olympiad	Olympiad System: Loading Olympiad System....
2025.04.12 15:42:46,109	INFO	1	org.l2jmobius.gameserver.model.olympiad.Olympiad	Olympiad System: Currently in Olympiad Period
2025.04.12 15:42:46,109	INFO	1	org.l2jmobius.gameserver.model.olympiad.Olympiad	Olympiad System: 27137 minutes until period ends
2025.04.12 15:42:46,110	INFO	1	org.l2jmobius.gameserver.model.olympiad.Olympiad	Olympiad System: Next weekly change is in 4562 minutes
2025.04.12 15:42:46,110	INFO	1	org.l2jmobius.gameserver.model.olympiad.Olympiad	Olympiad System: Loaded 0 Nobles
2025.04.12 15:42:46,113	INFO	1	org.l2jmobius.gameserver.model.olympiad.Olympiad	Olympiad System: Competition Period Starts in 0 days, 2 hours and 18 mins.
2025.04.12 15:42:46,121	INFO	1	org.l2jmobius.gameserver.model.olympiad.Olympiad	Olympiad System: Event starts/started : Sat Apr 12 18:00:46 ART 2025
2025.04.12 15:42:46,123	INFO	1	org.l2jmobius.gameserver.model.olympiad.Hero	Hero System: Loaded 0 Heroes.
2025.04.12 15:42:46,123	INFO	1	org.l2jmobius.gameserver.model.olympiad.Hero	Hero System: Loaded 0 all time Heroes.
2025.04.12 15:42:46,123	INFO	1	org.l2jmobius.gameserver.GameServer	---------------------------------------------=[ Seven Signs ]
2025.04.12 15:42:46,127	INFO	1	org.l2jmobius.gameserver.model.sevensigns.SevenSigns	SevenSigns: Currently in the Seal Validation period!
2025.04.12 15:42:46,127	INFO	1	org.l2jmobius.gameserver.model.sevensigns.SevenSigns	SevenSigns: The Seal of Avarice remains unclaimed.
2025.04.12 15:42:46,127	INFO	1	org.l2jmobius.gameserver.model.sevensigns.SevenSigns	SevenSigns: The Seal of Gnosis remains unclaimed.
2025.04.12 15:42:46,127	INFO	1	org.l2jmobius.gameserver.model.sevensigns.SevenSigns	SevenSigns: The Seal of Strife remains unclaimed.
2025.04.12 15:42:46,127	INFO	1	org.l2jmobius.gameserver.model.sevensigns.SevenSigns	SevenSigns: The competition ended with a tie last week.
2025.04.12 15:42:46,127	INFO	1	org.l2jmobius.gameserver.model.sevensigns.SevenSigns	SevenSigns: Next period change set to Mon Apr 14 18:00:46 ART 2025
2025.04.12 15:42:46,128	INFO	1	org.l2jmobius.gameserver.model.sevensigns.SevenSigns	SevenSigns: Next period begins in 2 days, 2 hours and 17 mins.
2025.04.12 15:42:46,128	INFO	1	org.l2jmobius.gameserver.GameServer	---------------------------------------------------=[ Cache ]
2025.04.12 15:42:46,129	INFO	1	org.l2jmobius.gameserver.cache.HtmCache	Cache[HTML]: Running lazy cache.
2025.04.12 15:42:46,130	INFO	1	org.l2jmobius.gameserver.data.sql.CrestTable	CrestTable: Loaded 0 Crests.
2025.04.12 15:42:46,136	INFO	1	org.l2jmobius.gameserver.data.sql.TeleportLocationTable	TeleportLocationTable: Loaded 704 teleport location templates.
2025.04.12 15:42:46,182	INFO	1	org.l2jmobius.gameserver.data.AugmentationData	AugmentationData: Loaded 22640 augmentations.
2025.04.12 15:42:46,185	INFO	1	org.l2jmobius.gameserver.instancemanager.SellBuffsManager	SellBuffsManager: Loaded 132 allowed buffs.
2025.04.12 15:42:46,185	INFO	1	org.l2jmobius.gameserver.GameServer	-------------------------------------------------=[ Scripts ]
2025.04.12 15:42:46,186	INFO	1	org.l2jmobius.gameserver.GameServer	Loading server scripts...
2025.04.12 15:42:47,802	INFO	1	handlers.MasterHandler	Loading Handlers...
2025.04.12 15:42:47,921	INFO	1	handlers.MasterHandler	ActionHandler: Loaded 10 handlers.
2025.04.12 15:42:47,921	INFO	1	handlers.MasterHandler	ActionShiftHandler: Loaded 6 handlers.
2025.04.12 15:42:47,921	INFO	1	handlers.MasterHandler	AdminCommandHandler: Loaded 436 handlers.
2025.04.12 15:42:47,921	INFO	1	handlers.MasterHandler	BypassHandler: Loaded 38 handlers.
2025.04.12 15:42:47,921	INFO	1	handlers.MasterHandler	ChatHandler: Loaded 14 handlers.
2025.04.12 15:42:47,921	INFO	1	handlers.MasterHandler	CommunityBoardHandler: Loaded 27 handlers.
2025.04.12 15:42:47,921	INFO	1	handlers.MasterHandler	ItemHandler: Loaded 25 handlers.
2025.04.12 15:42:47,921	INFO	1	handlers.MasterHandler	PunishmentHandler: Loaded 3 handlers.
2025.04.12 15:42:47,921	INFO	1	handlers.MasterHandler	UserCommandHandler: Loaded 15 handlers.
2025.04.12 15:42:47,922	INFO	1	handlers.MasterHandler	VoicedCommandHandler: Loaded 15 handlers.
2025.04.12 15:42:47,922	INFO	1	handlers.MasterHandler	TargetHandler: Loaded 34 handlers.
2025.04.12 15:42:47,922	INFO	1	handlers.MasterHandler	Handlers Loaded...
2025.04.12 15:42:52,053	INFO	1	org.l2jmobius.commons.util.IXmlReader	NpcBuffersData: Loaded 10 buffers data.
2025.04.12 15:42:52,079	CONFIG	1	conquerablehalls.BanditStronghold.BanditStronghold	Bandit StrongHold siege scheduled for Fri Apr 25 12:00:00 ART 2025.
2025.04.12 15:42:52,082	CONFIG	1	conquerablehalls.DevastatedCastle.DevastatedCastle	Devastated Castle siege scheduled for Fri Apr 25 12:00:00 ART 2025.
2025.04.12 15:42:52,084	CONFIG	1	conquerablehalls.FortressOfResistance.FortressOfResistance	Fortress of Resistance siege scheduled for Fri Apr 25 12:00:00 ART 2025.
2025.04.12 15:42:52,088	CONFIG	1	conquerablehalls.FortressOfTheDead.FortressOfTheDead	Fortress of the Dead siege scheduled for Fri Apr 25 12:00:00 ART 2025.
2025.04.12 15:42:52,092	CONFIG	1	conquerablehalls.RainbowSpringsChateau.RainbowSpringsChateau	Rainbow Springs siege scheduled for Fri Apr 25 12:00:00 ART 2025.
2025.04.12 15:42:52,095	CONFIG	1	conquerablehalls.WildBeastReserve.WildBeastReserve	Beast Farm siege scheduled for Fri Apr 25 12:00:00 ART 2025.
2025.04.12 15:42:52,132	INFO	1	org.l2jmobius.gameserver.model.events.AbstractScript	Event Heavy Medal has passed... Ignored 
2025.04.12 15:42:52,134	INFO	1	org.l2jmobius.gameserver.model.events.AbstractScript	Event L2 Day has passed... Ignored 
2025.04.12 15:42:52,446	INFO	1	org.l2jmobius.gameserver.data.SpawnTable	SpawnTable: Initializing spawns...
2025.04.12 15:42:54,223	INFO	1	org.l2jmobius.gameserver.data.SpawnTable	SpawnTable: 36013 spawns have been initialized!
2025.04.12 15:42:54,226	INFO	1	org.l2jmobius.gameserver.instancemanager.DayNightSpawnManager	DayNightSpawnManager: Removed 0 night creatures
2025.04.12 15:42:54,230	INFO	1	org.l2jmobius.gameserver.instancemanager.DayNightSpawnManager	DayNightSpawnManager: Spawned 232 day creatures
2025.04.12 15:42:54,236	INFO	1	org.l2jmobius.gameserver.instancemanager.FourSepulchersManager	FourSepulchersManager: loaded 20 Mysterious-Box spawns.
2025.04.12 15:42:54,261	INFO	1	org.l2jmobius.gameserver.instancemanager.FourSepulchersManager	FourSepulchersManager: loaded 716 Physical type monsters spawns.
2025.04.12 15:42:54,283	INFO	1	org.l2jmobius.gameserver.instancemanager.FourSepulchersManager	FourSepulchersManager: loaded 716 Magical type monsters spawns.
2025.04.12 15:42:54,288	INFO	1	org.l2jmobius.gameserver.instancemanager.FourSepulchersManager	FourSepulchersManager: loaded 92 Church of duke monsters spawns.
2025.04.12 15:42:54,293	INFO	1	org.l2jmobius.gameserver.instancemanager.FourSepulchersManager	FourSepulchersManager: loaded 68 Emperor's grave NPC spawns.
2025.04.12 15:42:54,295	INFO	1	org.l2jmobius.gameserver.instancemanager.FourSepulchersManager	FourSepulchersManager: spawned Conquerors' Sepulcher Manager
2025.04.12 15:42:54,295	INFO	1	org.l2jmobius.gameserver.instancemanager.FourSepulchersManager	FourSepulchersManager: spawned Emperors' Sepulcher Manager
2025.04.12 15:42:54,295	INFO	1	org.l2jmobius.gameserver.instancemanager.FourSepulchersManager	FourSepulchersManager: spawned Great Sages' Sepulcher Manager
2025.04.12 15:42:54,295	INFO	1	org.l2jmobius.gameserver.instancemanager.FourSepulchersManager	FourSepulchersManager: spawned Judges' Sepulcher Manager
2025.04.12 15:42:54,296	INFO	1	org.l2jmobius.gameserver.instancemanager.FourSepulchersManager	FourSepulchersManager: Beginning in Attack time
2025.04.12 15:42:54,299	INFO	1	org.l2jmobius.gameserver.instancemanager.DimensionalRiftManager	DimensionalRiftManager: Loaded 7 room types with 56 rooms.
2025.04.12 15:42:54,303	INFO	1	org.l2jmobius.gameserver.instancemanager.DimensionalRiftManager	DimensionalRiftManager: Loaded 462 dimensional rift spawns, 0 errors.
2025.04.12 15:42:54,331	INFO	1	org.l2jmobius.gameserver.instancemanager.RaidBossSpawnManager	RaidBossSpawnManager: Loaded 190 Instances
2025.04.12 15:42:54,331	INFO	1	org.l2jmobius.gameserver.instancemanager.RaidBossSpawnManager	RaidBossSpawnManager: Scheduled 0 Instances
2025.04.12 15:42:54,331	INFO	1	org.l2jmobius.gameserver.GameServer	---------------------------------------------------=[ Siege ]
2025.04.12 15:42:54,340	INFO	1	org.l2jmobius.gameserver.data.xml.SiegeScheduleData	SiegeScheduleData: Loaded 9 siege schedulers.
2025.04.12 15:42:54,341	INFO	1	org.l2jmobius.gameserver.model.siege.Siege	Siege of Gludio: Sun Apr 13 16:00:00 ART 2025
2025.04.12 15:42:54,342	INFO	1	org.l2jmobius.gameserver.model.siege.Siege	Siege of Dion: Sun Apr 13 20:00:00 ART 2025
2025.04.12 15:42:54,343	INFO	1	org.l2jmobius.gameserver.model.siege.Siege	Siege of Giran: Sun Apr 13 16:00:00 ART 2025
2025.04.12 15:42:54,343	INFO	1	org.l2jmobius.gameserver.model.siege.Siege	Siege of Oren: Sun Apr 13 20:00:00 ART 2025
2025.04.12 15:42:54,345	INFO	1	org.l2jmobius.gameserver.model.siege.Siege	Siege of Aden: Sun Apr 13 16:00:00 ART 2025
2025.04.12 15:42:54,345	INFO	1	org.l2jmobius.gameserver.model.siege.Siege	Siege of Innadril: Sun Apr 13 20:00:00 ART 2025
2025.04.12 15:42:54,346	INFO	1	org.l2jmobius.gameserver.model.siege.Siege	Siege of Goddard: Sun Apr 13 16:00:00 ART 2025
2025.04.12 15:42:54,346	INFO	1	org.l2jmobius.gameserver.model.siege.Siege	Siege of Rune: Sun Apr 13 20:00:00 ART 2025
2025.04.12 15:42:54,347	INFO	1	org.l2jmobius.gameserver.model.siege.Siege	Siege of Schuttgart: Sun Apr 13 16:00:00 ART 2025
2025.04.12 15:42:54,358	INFO	1	org.l2jmobius.commons.util.IXmlReader	CastleManorManager: Loaded 258 seeds.
2025.04.12 15:42:54,364	INFO	1	org.l2jmobius.commons.util.IXmlReader	CastleManorManager: Manor data loaded.
2025.04.12 15:42:54,370	INFO	1	org.l2jmobius.gameserver.instancemanager.MercTicketManager	MercTicketManager: Loaded 0 Mercenary Tickets
2025.04.12 15:42:54,370	INFO	1	org.l2jmobius.gameserver.instancemanager.QuestManager	QuestManager: Loaded 342 quests.
2025.04.12 15:42:54,371	INFO	1	org.l2jmobius.gameserver.instancemanager.QuestManager	QuestManager: Loaded 121 scripts.
2025.04.12 15:42:54,377	INFO	1	org.l2jmobius.gameserver.instancemanager.games.MonsterRaceManager	MonsterRace: loaded 938 records, currently on race #939
2025.04.12 15:42:54,419	INFO	1	org.l2jmobius.gameserver.model.sevensigns.SevenSignsFestival	SevenSignsFestival: Initialization bypassed due to Seal Validation in effect.
2025.04.12 15:42:54,419	INFO	1	org.l2jmobius.gameserver.GameServer	AutoSpawnHandler: Loaded 124 handlers in total.
2025.04.12 15:42:54,429	INFO	1	org.l2jmobius.gameserver.taskmanager.TaskManager	TaskManager: Loaded 10 Tasks.
2025.04.12 15:42:54,530	INFO	1	org.l2jmobius.gameserver.instancemanager.PunishmentManager	PunishmentManager: Loaded 0 active and 0 expired punishments.
2025.04.12 15:42:54,531	INFO	1	org.l2jmobius.gameserver.GameServer	IdManager: Free ObjectID's remaining: 1879007390
2025.04.12 15:42:54,533	INFO	1	org.l2jmobius.gameserver.data.sql.OfflineTraderTable	OfflineTraderTable: Loading offline traders...
2025.04.12 15:42:54,533	INFO	1	org.l2jmobius.gameserver.data.sql.OfflineTraderTable	OfflineTraderTable: Loaded 0 offline traders.
2025.04.12 15:42:54,534	INFO	1	org.l2jmobius.gameserver.instancemanager.ServerRestartManager	Scheduled server restart at Sun Apr 13 06:00:00 ART 2025.
2025.04.12 15:42:55,283	INFO	1	org.l2jmobius.gameserver.GameServer	GameServer: Started, using 1408 of 4096 MB total memory.
2025.04.12 15:42:55,283	INFO	1	org.l2jmobius.gameserver.GameServer	GameServer: Maximum number of connected players is 2000.
2025.04.12 15:42:55,285	INFO	1	org.l2jmobius.gameserver.GameServer	GameServer: Server loaded in 18 seconds.
2025.04.12 15:42:55,299	INFO	137	org.l2jmobius.gameserver.LoginServerThread	LoginServerThread: Connecting to login on 127.0.0.1:9014
2025.04.12 15:42:55,358	INFO	137	org.l2jmobius.gameserver.LoginServerThread	LoginServerThread: Registered on login as Server 2: Sieghardt
2025.04.12 15:44:20,121	SEVERE	150	org.l2jmobius.gameserver.model.item.instance.Item	Item item_id=485 not known, object_id=268476759
2025.04.12 15:51:14,436	INFO	68	org.l2jmobius.gameserver.instancemanager.GlobalVariablesManager	GlobalVariablesManager: Stored 5 variables.
2025.04.12 15:51:36,938	INFO	40	org.l2jmobius.gameserver.ui.SystemPanel	New maximum connected count of 2!
2025.04.12 15:58:23,742	WARNING	63	org.l2jmobius.gameserver.model.actor.Creature	ElMatapulgas dropped id = 262, count = 1
2025.04.12 15:58:23,744	WARNING	63	org.l2jmobius.gameserver.model.actor.Creature	ElMatapulgas dropped id = 1875, count = 1
2025.04.12 16:00:00,114	INFO	105	org.l2jmobius.gameserver.instancemanager.DayNightSpawnManager	DayNightSpawnManager: Removed 232 day creatures
2025.04.12 16:00:00,140	INFO	105	org.l2jmobius.gameserver.instancemanager.DayNightSpawnManager	DayNightSpawnManager: Spawned 684 night creatures
2025.04.12 16:00:46,338	SEVERE	205	org.l2jmobius.gameserver.model.item.instance.Item	Item item_id=485 not known, object_id=268476759
2025.04.12 16:02:54,038	INFO	81	ai.bosses.Zaken.Zaken	Zaken door id 21240006 opened, game time 00.00.
2025.04.12 16:03:57,938	INFO	40	org.l2jmobius.gameserver.ui.SystemPanel	New maximum connected count of 3!
2025.04.12 16:07:05,938	INFO	40	org.l2jmobius.gameserver.ui.SystemPanel	New maximum connected count of 4!
2025.04.12 16:07:54,054	INFO	63	ai.bosses.Zaken.Zaken	Zaken door id 21240006 closed.
2025.04.12 16:12:54,444	INFO	88	org.l2jmobius.gameserver.taskmanager.tasks.TaskSevenSignsUpdate	SevenSigns: Data updated successfully.
2025.04.12 16:21:14,441	INFO	90	org.l2jmobius.gameserver.instancemanager.GlobalVariablesManager	GlobalVariablesManager: Stored 5 variables.
2025.04.12 16:41:06,145	WARNING	60	org.l2jmobius.gameserver.model.actor.Creature	mochila2 dropped id = 23, count = 1
2025.04.12 16:41:06,147	WARNING	60	org.l2jmobius.gameserver.model.actor.Creature	mochila2 dropped id = 28, count = 1
2025.04.12 16:41:23,759	WARNING	84	org.l2jmobius.gameserver.model.actor.Creature	mochila dropped id = 2999, count = 3
2025.04.12 16:41:23,761	WARNING	84	org.l2jmobius.gameserver.model.actor.Creature	mochila dropped id = 1101, count = 1
2025.04.12 16:42:54,432	INFO	70	org.l2jmobius.gameserver.taskmanager.tasks.TaskSevenSignsUpdate	SevenSigns: Data updated successfully.
2025.04.12 16:43:57,374	WARNING	55	org.l2jmobius.gameserver.model.actor.Creature	ElMatapulgas dropped id = 1875, count = 1
2025.04.12 16:43:57,377	WARNING	55	org.l2jmobius.gameserver.model.actor.Creature	ElMatapulgas dropped id = 895, count = 1
2025.04.12 16:50:40,938	INFO	40	org.l2jmobius.gameserver.ui.SystemPanel	New maximum connected count of 5!
2025.04.12 16:51:14,438	INFO	92	org.l2jmobius.gameserver.instancemanager.GlobalVariablesManager	GlobalVariablesManager: Stored 5 variables.
2025.04.12 16:53:02,939	INFO	40	org.l2jmobius.gameserver.ui.SystemPanel	New maximum connected count of 6!
2025.04.12 16:54:04,939	INFO	40	org.l2jmobius.gameserver.ui.SystemPanel	New maximum connected count of 7!
2025.04.12 17:00:00,072	INFO	111	org.l2jmobius.gameserver.instancemanager.DayNightSpawnManager	DayNightSpawnManager: Removed 684 night creatures
2025.04.12 17:00:00,075	INFO	111	org.l2jmobius.gameserver.instancemanager.DayNightSpawnManager	DayNightSpawnManager: Spawned 232 day creatures
2025.04.12 17:12:54,431	INFO	71	org.l2jmobius.gameserver.taskmanager.tasks.TaskSevenSignsUpdate	SevenSigns: Data updated successfully.
2025.04.12 17:21:14,449	INFO	88	org.l2jmobius.gameserver.instancemanager.GlobalVariablesManager	GlobalVariablesManager: Stored 5 variables.
2025.04.12 17:36:51,245	SEVERE	198	org.l2jmobius.gameserver.model.item.instance.Item	Item item_id=485 not known, object_id=268476759
2025.04.12 17:42:54,440	INFO	91	org.l2jmobius.gameserver.taskmanager.tasks.TaskSevenSignsUpdate	SevenSigns: Data updated successfully.
2025.04.12 17:46:53,740	WARNING	73	org.l2jmobius.gameserver.model.actor.Creature	KameKase dropped id = 1870, count = 1
2025.04.12 17:46:53,742	WARNING	73	org.l2jmobius.gameserver.model.actor.Creature	KameKase dropped id = 1343, count = 90
2025.04.12 17:51:14,435	INFO	57	org.l2jmobius.gameserver.instancemanager.GlobalVariablesManager	GlobalVariablesManager: Stored 5 variables.
2025.04.12 17:56:03,157	WARNING	93	org.l2jmobius.gameserver.model.actor.Creature	mati5 dropped id = 1539, count = 888
2025.04.12 17:56:03,159	WARNING	93	org.l2jmobius.gameserver.model.actor.Creature	mati5 dropped id = 43, count = 1
2025.04.12 18:00:46,115	INFO	60	org.l2jmobius.gameserver.model.olympiad.Olympiad	Olympiad System: Olympiad Game Started
2025.04.12 18:12:54,442	INFO	85	org.l2jmobius.gameserver.taskmanager.tasks.TaskSevenSignsUpdate	SevenSigns: Data updated successfully.
2025.04.12 18:21:14,436	INFO	88	org.l2jmobius.gameserver.instancemanager.GlobalVariablesManager	GlobalVariablesManager: Stored 5 variables.
2025.04.12 18:27:54,438	INFO	88	org.l2jmobius.gameserver.taskmanager.tasks.TaskOlympiadSave	Olympiad System: Data updated.
2025.04.12 18:42:54,431	INFO	70	org.l2jmobius.gameserver.taskmanager.tasks.TaskSevenSignsUpdate	SevenSigns: Data updated successfully.
2025.04.12 18:51:14,439	INFO	85	org.l2jmobius.gameserver.instancemanager.GlobalVariablesManager	GlobalVariablesManager: Stored 5 variables.
2025.04.12 18:57:54,430	INFO	89	org.l2jmobius.gameserver.taskmanager.tasks.TaskOlympiadSave	Olympiad System: Data updated.
2025.04.12 19:12:54,440	INFO	94	org.l2jmobius.gameserver.taskmanager.tasks.TaskSevenSignsUpdate	SevenSigns: Data updated successfully.
2025.04.12 19:21:14,438	INFO	80	org.l2jmobius.gameserver.instancemanager.GlobalVariablesManager	GlobalVariablesManager: Stored 5 variables.
2025.04.12 19:27:54,432	INFO	76	org.l2jmobius.gameserver.taskmanager.tasks.TaskOlympiadSave	Olympiad System: Data updated.
2025.04.12 19:42:54,442	INFO	62	org.l2jmobius.gameserver.taskmanager.tasks.TaskSevenSignsUpdate	SevenSigns: Data updated successfully.
2025.04.12 19:51:14,441	INFO	82	org.l2jmobius.gameserver.instancemanager.GlobalVariablesManager	GlobalVariablesManager: Stored 5 variables.
2025.04.12 19:57:54,431	INFO	67	org.l2jmobius.gameserver.taskmanager.tasks.TaskOlympiadSave	Olympiad System: Data updated.
2025.04.12 20:00:00,092	INFO	112	org.l2jmobius.gameserver.instancemanager.DayNightSpawnManager	DayNightSpawnManager: Removed 232 day creatures
2025.04.12 20:00:00,103	INFO	112	org.l2jmobius.gameserver.instancemanager.DayNightSpawnManager	DayNightSpawnManager: Spawned 684 night creatures
2025.04.12 20:02:54,029	INFO	68	ai.bosses.Zaken.Zaken	Zaken door id 21240006 opened, game time 00.00.
2025.04.12 20:07:54,031	INFO	74	ai.bosses.Zaken.Zaken	Zaken door id 21240006 closed.
2025.04.12 20:12:54,432	INFO	54	org.l2jmobius.gameserver.taskmanager.tasks.TaskSevenSignsUpdate	SevenSigns: Data updated successfully.
2025.04.12 20:21:14,436	INFO	72	org.l2jmobius.gameserver.instancemanager.GlobalVariablesManager	GlobalVariablesManager: Stored 5 variables.
2025.04.12 20:27:54,431	INFO	91	org.l2jmobius.gameserver.taskmanager.tasks.TaskOlympiadSave	Olympiad System: Data updated.
2025.04.12 20:28:25,939	INFO	40	org.l2jmobius.gameserver.ui.SystemPanel	New maximum connected count of 8!
2025.04.12 20:42:54,431	INFO	75	org.l2jmobius.gameserver.taskmanager.tasks.TaskSevenSignsUpdate	SevenSigns: Data updated successfully.
2025.04.12 20:51:14,437	INFO	61	org.l2jmobius.gameserver.instancemanager.GlobalVariablesManager	GlobalVariablesManager: Stored 5 variables.
2025.04.12 20:57:07,947	INFO	40	org.l2jmobius.gameserver.ui.SystemPanel	New maximum connected count of 9!
2025.04.12 20:57:54,430	INFO	71	org.l2jmobius.gameserver.taskmanager.tasks.TaskOlympiadSave	Olympiad System: Data updated.
2025.04.12 21:00:00,089	INFO	108	org.l2jmobius.gameserver.instancemanager.DayNightSpawnManager	DayNightSpawnManager: Removed 684 night creatures
2025.04.12 21:00:00,092	INFO	108	org.l2jmobius.gameserver.instancemanager.DayNightSpawnManager	DayNightSpawnManager: Spawned 232 day creatures
2025.04.12 21:12:54,432	INFO	81	org.l2jmobius.gameserver.taskmanager.tasks.TaskSevenSignsUpdate	SevenSigns: Data updated successfully.
2025.04.12 21:21:14,435	INFO	72	org.l2jmobius.gameserver.instancemanager.GlobalVariablesManager	GlobalVariablesManager: Stored 5 variables.
2025.04.12 21:27:54,438	INFO	90	org.l2jmobius.gameserver.taskmanager.tasks.TaskOlympiadSave	Olympiad System: Data updated.
2025.04.12 21:42:34,951	INFO	40	org.l2jmobius.gameserver.ui.SystemPanel	New maximum connected count of 10!
2025.04.12 21:42:54,432	INFO	66	org.l2jmobius.gameserver.taskmanager.tasks.TaskSevenSignsUpdate	SevenSigns: Data updated successfully.
2025.04.12 21:51:09,950	INFO	40	org.l2jmobius.gameserver.ui.SystemPanel	New maximum connected count of 11!
2025.04.12 21:51:14,434	INFO	84	org.l2jmobius.gameserver.instancemanager.GlobalVariablesManager	GlobalVariablesManager: Stored 5 variables.
2025.04.12 21:57:54,430	INFO	74	org.l2jmobius.gameserver.taskmanager.tasks.TaskOlympiadSave	Olympiad System: Data updated.
2025.04.12 22:12:54,451	INFO	68	org.l2jmobius.gameserver.taskmanager.tasks.TaskSevenSignsUpdate	SevenSigns: Data updated successfully.
2025.04.12 22:21:14,435	INFO	64	org.l2jmobius.gameserver.instancemanager.GlobalVariablesManager	GlobalVariablesManager: Stored 5 variables.
2025.04.12 22:22:09,937	WARNING	73	org.l2jmobius.gameserver.model.actor.Creature	spoiler dropped id = 2525, count = 1
2025.04.12 22:22:09,939	WARNING	73	org.l2jmobius.gameserver.model.actor.Creature	spoiler dropped id = 850, count = 1
2025.04.12 22:27:54,430	INFO	48	org.l2jmobius.gameserver.taskmanager.tasks.TaskOlympiadSave	Olympiad System: Data updated.
2025.04.12 22:42:54,447	INFO	54	org.l2jmobius.gameserver.taskmanager.tasks.TaskSevenSignsUpdate	SevenSigns: Data updated successfully.
2025.04.12 22:51:14,434	INFO	86	org.l2jmobius.gameserver.instancemanager.GlobalVariablesManager	GlobalVariablesManager: Stored 5 variables.
2025.04.12 22:52:19,334	WARNING	63	org.l2jmobius.gameserver.model.actor.Creature	mati4 dropped id = 5159, count = 12
2025.04.12 22:52:19,336	WARNING	63	org.l2jmobius.gameserver.model.actor.Creature	mati4 dropped id = 1875, count = 1
2025.04.12 22:57:54,439	INFO	56	org.l2jmobius.gameserver.taskmanager.tasks.TaskOlympiadSave	Olympiad System: Data updated.
2025.04.12 23:01:16,658	WARNING	56	org.l2jmobius.gameserver.model.actor.Creature	mochila dropped id = 1835, count = 4413
2025.04.12 23:01:16,660	WARNING	56	org.l2jmobius.gameserver.model.actor.Creature	mochila dropped id = 3031, count = 680
2025.04.12 23:12:54,431	INFO	84	org.l2jmobius.gameserver.taskmanager.tasks.TaskSevenSignsUpdate	SevenSigns: Data updated successfully.
2025.04.12 23:21:14,436	INFO	84	org.l2jmobius.gameserver.instancemanager.GlobalVariablesManager	GlobalVariablesManager: Stored 5 variables.
2025.04.12 23:27:54,430	INFO	48	org.l2jmobius.gameserver.taskmanager.tasks.TaskOlympiadSave	Olympiad System: Data updated.
2025.04.12 23:42:54,431	INFO	82	org.l2jmobius.gameserver.taskmanager.tasks.TaskSevenSignsUpdate	SevenSigns: Data updated successfully.
2025.04.12 23:51:14,437	INFO	50	org.l2jmobius.gameserver.instancemanager.GlobalVariablesManager	GlobalVariablesManager: Stored 5 variables.
2025.04.12 23:57:54,431	INFO	82	org.l2jmobius.gameserver.taskmanager.tasks.TaskOlympiadSave	Olympiad System: Data updated.
2025.04.13 00:00:00,071	INFO	103	org.l2jmobius.gameserver.instancemanager.DayNightSpawnManager	DayNightSpawnManager: Removed 232 day creatures
2025.04.13 00:00:00,080	INFO	103	org.l2jmobius.gameserver.instancemanager.DayNightSpawnManager	DayNightSpawnManager: Spawned 684 night creatures
2025.04.13 00:00:46,114	INFO	94	org.l2jmobius.gameserver.model.olympiad.Olympiad	Olympiad System: Olympiad Game Ended
2025.04.13 00:00:46,115	INFO	94	org.l2jmobius.gameserver.model.olympiad.Olympiad	Olympiad System: Competition Period Starts in 0 days, 18 hours and 0 mins.
2025.04.13 00:00:46,117	INFO	94	org.l2jmobius.gameserver.model.olympiad.Olympiad	Olympiad System: Event starts/started : Sun Apr 13 18:00:46 ART 2025
2025.04.13 00:02:54,030	INFO	92	ai.bosses.Zaken.Zaken	Zaken door id 21240006 opened, game time 00.00.
2025.04.13 00:07:54,031	INFO	67	ai.bosses.Zaken.Zaken	Zaken door id 21240006 closed.
2025.04.13 00:12:54,431	INFO	92	org.l2jmobius.gameserver.taskmanager.tasks.TaskSevenSignsUpdate	SevenSigns: Data updated successfully.
2025.04.13 00:21:14,438	INFO	72	org.l2jmobius.gameserver.instancemanager.GlobalVariablesManager	GlobalVariablesManager: Stored 5 variables.
2025.04.13 00:42:54,431	INFO	74	org.l2jmobius.gameserver.taskmanager.tasks.TaskSevenSignsUpdate	SevenSigns: Data updated successfully.
2025.04.13 00:51:14,445	INFO	84	org.l2jmobius.gameserver.instancemanager.GlobalVariablesManager	GlobalVariablesManager: Stored 5 variables.
2025.04.13 01:00:00,061	INFO	101	org.l2jmobius.gameserver.instancemanager.DayNightSpawnManager	DayNightSpawnManager: Removed 684 night creatures
2025.04.13 01:00:00,064	INFO	101	org.l2jmobius.gameserver.instancemanager.DayNightSpawnManager	DayNightSpawnManager: Spawned 232 day creatures
2025.04.13 01:12:54,439	INFO	91	org.l2jmobius.gameserver.taskmanager.tasks.TaskSevenSignsUpdate	SevenSigns: Data updated successfully.
2025.04.13 01:21:14,446	INFO	70	org.l2jmobius.gameserver.instancemanager.GlobalVariablesManager	GlobalVariablesManager: Stored 5 variables.
2025.04.13 01:42:54,445	INFO	61	org.l2jmobius.gameserver.taskmanager.tasks.TaskSevenSignsUpdate	SevenSigns: Data updated successfully.
2025.04.13 01:51:14,441	INFO	52	org.l2jmobius.gameserver.instancemanager.GlobalVariablesManager	GlobalVariablesManager: Stored 5 variables.
2025.04.13 02:12:54,432	INFO	56	org.l2jmobius.gameserver.taskmanager.tasks.TaskSevenSignsUpdate	SevenSigns: Data updated successfully.
2025.04.13 02:21:14,434	INFO	95	org.l2jmobius.gameserver.instancemanager.GlobalVariablesManager	GlobalVariablesManager: Stored 5 variables.
2025.04.13 02:42:54,432	INFO	71	org.l2jmobius.gameserver.taskmanager.tasks.TaskSevenSignsUpdate	SevenSigns: Data updated successfully.
2025.04.13 02:51:14,434	INFO	67	org.l2jmobius.gameserver.instancemanager.GlobalVariablesManager	GlobalVariablesManager: Stored 5 variables.
2025.04.13 03:12:54,445	INFO	84	org.l2jmobius.gameserver.taskmanager.tasks.TaskSevenSignsUpdate	SevenSigns: Data updated successfully.
2025.04.13 03:21:14,438	INFO	49	org.l2jmobius.gameserver.instancemanager.GlobalVariablesManager	GlobalVariablesManager: Stored 5 variables.
2025.04.13 03:42:54,432	INFO	78	org.l2jmobius.gameserver.taskmanager.tasks.TaskSevenSignsUpdate	SevenSigns: Data updated successfully.
2025.04.13 03:51:14,434	INFO	72	org.l2jmobius.gameserver.instancemanager.GlobalVariablesManager	GlobalVariablesManager: Stored 5 variables.
2025.04.13 04:00:00,029	INFO	103	org.l2jmobius.gameserver.instancemanager.DayNightSpawnManager	DayNightSpawnManager: Removed 232 day creatures
2025.04.13 04:00:00,038	INFO	103	org.l2jmobius.gameserver.instancemanager.DayNightSpawnManager	DayNightSpawnManager: Spawned 684 night creatures
2025.04.13 04:02:54,040	INFO	82	ai.bosses.Zaken.Zaken	Zaken door id 21240006 opened, game time 00.00.
2025.04.13 04:07:54,041	INFO	90	ai.bosses.Zaken.Zaken	Zaken door id 21240006 closed.
2025.04.13 04:12:54,438	INFO	89	org.l2jmobius.gameserver.taskmanager.tasks.TaskSevenSignsUpdate	SevenSigns: Data updated successfully.
2025.04.13 04:21:14,441	INFO	48	org.l2jmobius.gameserver.instancemanager.GlobalVariablesManager	GlobalVariablesManager: Stored 5 variables.
2025.04.13 04:42:54,432	INFO	64	org.l2jmobius.gameserver.taskmanager.tasks.TaskSevenSignsUpdate	SevenSigns: Data updated successfully.
2025.04.13 04:51:14,436	INFO	56	org.l2jmobius.gameserver.instancemanager.GlobalVariablesManager	GlobalVariablesManager: Stored 5 variables.
2025.04.13 05:00:00,074	INFO	98	org.l2jmobius.gameserver.instancemanager.DayNightSpawnManager	DayNightSpawnManager: Removed 684 night creatures
2025.04.13 05:00:00,076	INFO	98	org.l2jmobius.gameserver.instancemanager.DayNightSpawnManager	DayNightSpawnManager: Spawned 232 day creatures
2025.04.13 05:12:54,436	INFO	89	org.l2jmobius.gameserver.taskmanager.tasks.TaskSevenSignsUpdate	SevenSigns: Data updated successfully.
2025.04.13 05:21:14,446	INFO	65	org.l2jmobius.gameserver.instancemanager.GlobalVariablesManager	GlobalVariablesManager: Stored 5 variables.
2025.04.13 05:42:54,431	INFO	51	org.l2jmobius.gameserver.taskmanager.tasks.TaskSevenSignsUpdate	SevenSigns: Data updated successfully.
2025.04.13 05:50:00,537	WARNING	63	org.l2jmobius.gameserver.Shutdown	Server scheduled restart issued shutdown command. Restart in 600 seconds!
2025.04.13 05:51:14,434	INFO	56	org.l2jmobius.gameserver.instancemanager.GlobalVariablesManager	GlobalVariablesManager: Stored 5 variables.
2025.04.13 06:00:02,726	WARNING	1421	org.l2jmobius.gameserver.Shutdown	GM shutdown countdown is over. restarting NOW!
2025.04.13 06:00:02,735	INFO	1421	org.l2jmobius.gameserver.Shutdown	All players disconnected and saved(8ms).
2025.04.13 06:00:02,735	INFO	1421	org.l2jmobius.gameserver.Shutdown	Game Time Task Manager: Thread interruped(1ms).
2025.04.13 06:00:02,735	INFO	1421	org.l2jmobius.commons.threads.ThreadPool	ThreadPool: Shutting down.
2025.04.13 06:00:02,737	INFO	1421	org.l2jmobius.gameserver.Shutdown	Thread Pool Manager: Manager has been shut down(2ms).
2025.04.13 06:00:02,737	INFO	1421	org.l2jmobius.gameserver.Shutdown	Login Server Thread: Thread interruped(0ms).
2025.04.13 06:00:02,737	INFO	1421	org.l2jmobius.gameserver.Shutdown	GM restart received. Restarting NOW!
2025.04.13 06:00:02,737	INFO	1421	org.l2jmobius.gameserver.Shutdown	SevenSigns: Seven Signs data saved(0ms).
2025.04.13 06:00:02,738	INFO	1421	org.l2jmobius.gameserver.Shutdown	SevenSigns: Seven Signs status saved(1ms).
2025.04.13 06:00:02,754	INFO	1421	org.l2jmobius.gameserver.Shutdown	RaidBossSpawnManager: All raidboss info saved(16ms).
2025.04.13 06:00:02,756	INFO	1421	org.l2jmobius.gameserver.Shutdown	GrandBossManager: All Grand Boss info saved(1ms).
2025.04.13 06:00:02,756	INFO	1421	org.l2jmobius.gameserver.Shutdown	Olympiad System: Data saved(1ms).
2025.04.13 06:00:02,756	INFO	1421	org.l2jmobius.gameserver.Shutdown	Hero System: Data saved(0ms).
2025.04.13 06:00:02,756	INFO	1421	org.l2jmobius.gameserver.Shutdown	Clan System: Data saved(0ms).
2025.04.13 06:00:02,756	INFO	1421	org.l2jmobius.gameserver.Shutdown	Cursed Weapons Manager: Data saved(0ms).
2025.04.13 06:00:02,758	INFO	1421	org.l2jmobius.gameserver.Shutdown	Castle Manor Manager: Data saved(2ms).
2025.04.13 06:00:02,758	CONFIG	1421	conquerablehalls.FortressOfTheDead.FortressOfTheDead	FortressOfTheDead: Successfully saved attackers to database.
2025.04.13 06:00:02,758	CONFIG	1421	conquerablehalls.DevastatedCastle.DevastatedCastle	DevastatedCastle: Successfully saved attackers to database.
2025.04.13 06:00:02,758	CONFIG	1421	conquerablehalls.BanditStronghold.BanditStronghold	BanditStronghold: Successfully saved attackers to database.
2025.04.13 06:00:02,758	CONFIG	1421	conquerablehalls.FortressOfResistance.FortressOfResistance	FortressOfResistance: Successfully saved attackers to database.
2025.04.13 06:00:02,758	CONFIG	1421	conquerablehalls.RainbowSpringsChateau.RainbowSpringsChateau	RainbowSpringsChateau: Successfully saved attackers to database.
2025.04.13 06:00:02,758	CONFIG	1421	conquerablehalls.WildBeastReserve.WildBeastReserve	WildBeastReserve: Successfully saved attackers to database.
2025.04.13 06:00:02,758	INFO	1421	org.l2jmobius.gameserver.Shutdown	CHSiegeManager: Siegable hall attacker lists saved!
2025.04.13 06:00:02,759	INFO	1421	org.l2jmobius.gameserver.Shutdown	Quest Manager: Data saved(1ms).
2025.04.13 06:00:02,768	INFO	1421	org.l2jmobius.gameserver.instancemanager.GlobalVariablesManager	GlobalVariablesManager: Stored 5 variables.
2025.04.13 06:00:02,768	INFO	1421	org.l2jmobius.gameserver.Shutdown	Global Variables Manager: Variables saved(9ms).
2025.04.13 06:00:02,769	INFO	1421	org.l2jmobius.gameserver.Shutdown	Fishing Championship data has been saved.
2025.04.13 06:00:02,811	INFO	1421	org.l2jmobius.gameserver.Shutdown	SchemeBufferTable data has been saved.
2025.04.13 06:00:07,815	INFO	1421	org.l2jmobius.commons.database.DatabaseFactory	Database: HikariCP pool closed successfully.
2025.04.13 06:00:07,815	INFO	1421	org.l2jmobius.gameserver.Shutdown	Database Factory: Database connection has been shut down(2ms).
2025.04.13 06:00:07,815	INFO	1421	org.l2jmobius.gameserver.Shutdown	The server has been successfully shut down in 5seconds.
