2025.04.11 20:11:31,284	INFO	1	org.l2jmobius.commons.util.IXmlReader	Network Config: ipconfig.xml doesn't exist using automatic configuration...
2025.04.11 20:11:31,878	INFO	1	org.l2jmobius.commons.util.IXmlReader	Network Config: Adding new subnet: 192.168.100.0/24 address: 192.168.100.5
2025.04.11 20:11:31,879	INFO	1	org.l2jmobius.commons.util.IXmlReader	Network Config: Adding new subnet: 127.0.0.0/8 address: 127.0.0.1
2025.04.11 20:11:31,879	INFO	1	org.l2jmobius.commons.util.IXmlReader	Network Config: Adding new subnet: 0.0.0.0/0 address: 190.124.152.183
2025.04.11 20:11:31,906	INFO	1	org.l2jmobius.Config	Loaded 6 Filter Words.
2025.04.11 20:11:31,932	INFO	1	org.l2jmobius.gameserver.GameServer	------------------------------------------------=[ Database ]
2025.04.11 20:11:32,081	INFO	1	org.l2jmobius.commons.database.DatabaseFactory	Database: HikariCP pool initialized successfully.
2025.04.11 20:11:32,216	INFO	1	org.l2jmobius.commons.database.DatabaseFactory	Database: Initialized with a valid connection.
2025.04.11 20:11:32,222	INFO	1	org.l2jmobius.gameserver.GameServer	----------------------------------------------=[ ThreadPool ]
2025.04.11 20:11:32,225	INFO	1	org.l2jmobius.commons.threads.ThreadPool	ThreadPool: Initialized
2025.04.11 20:11:32,225	INFO	1	org.l2jmobius.commons.threads.ThreadPool	...scheduled pool executor with 12 high priority threads.
2025.04.11 20:11:32,232	INFO	1	org.l2jmobius.commons.threads.ThreadPool	...scheduled pool executor with 48 total threads.
2025.04.11 20:11:32,233	INFO	1	org.l2jmobius.commons.threads.ThreadPool	...instant pool executor with 24 total threads.
2025.04.11 20:11:32,234	INFO	1	org.l2jmobius.gameserver.GameServer	-----------------------------------------------=[ IdManager ]
2025.04.11 20:11:32,253	INFO	1	org.l2jmobius.gameserver.instancemanager.IdManager	Updated characters online status.
2025.04.11 20:11:32,375	INFO	1	org.l2jmobius.gameserver.instancemanager.IdManager	IdManager: Cleaned 0 elements from database in 0 seconds.
2025.04.11 20:11:32,382	INFO	1	org.l2jmobius.gameserver.instancemanager.IdManager	IdManager: Cleaned 0 expired timestamps from database.
2025.04.11 20:11:32,408	INFO	1	org.l2jmobius.gameserver.instancemanager.IdManager	IdManager: 102912 id's available.
2025.04.11 20:11:32,408	INFO	1	org.l2jmobius.gameserver.GameServer	----------------------------------------=[ Scripting Engine ]
2025.04.11 20:11:32,776	INFO	1	org.l2jmobius.gameserver.scripting.ScriptEngineManager	Loaded 380 files to exclude.
2025.04.11 20:11:32,777	INFO	1	org.l2jmobius.gameserver.GameServer	---------------------------------------------------=[ World ]
2025.04.11 20:11:32,781	INFO	1	org.l2jmobius.commons.util.IXmlReader	InstanceManager: Multiverse Instance created.
2025.04.11 20:11:32,781	INFO	1	org.l2jmobius.commons.util.IXmlReader	InstanceManager: Universe Instance created.
2025.04.11 20:11:32,801	INFO	1	org.l2jmobius.commons.util.IXmlReader	InstanceManager: Loaded 2 instance templates.
2025.04.11 20:11:32,921	INFO	1	org.l2jmobius.commons.util.IXmlReader	MapRegionManager: Loaded 42 map regions.
2025.04.11 20:11:32,943	INFO	1	org.l2jmobius.gameserver.instancemanager.GlobalVariablesManager	GlobalVariablesManager: Loaded 5 variables.
2025.04.11 20:11:32,943	INFO	1	org.l2jmobius.gameserver.GameServer	----------------------------------------------------=[ Data ]
2025.04.11 20:11:32,969	INFO	1	org.l2jmobius.gameserver.data.xml.CategoryData	CategoryData: Loaded 160 categories.
2025.04.11 20:11:32,975	INFO	1	org.l2jmobius.gameserver.GameServer	--------------------------------------------------=[ Skills ]
2025.04.11 20:11:34,443	INFO	1	handlers.EffectMasterHandler	EffectMasterHandler: Loaded 143 effect handlers.
2025.04.11 20:11:34,564	INFO	1	org.l2jmobius.gameserver.data.sql.EnchantSkillTreesTable	EnchantSkillTreesTable: Loaded 14520 enchant skills.
2025.04.11 20:11:35,015	INFO	1	org.l2jmobius.commons.util.IXmlReader	SkillTreeData: Loaded 13741 Class Skills for 89 class skill trees.
2025.04.11 20:11:35,015	INFO	1	org.l2jmobius.commons.util.IXmlReader	SkillTreeData: Loaded 117 fishing skills, 8 Dwarven only fishing skills.
2025.04.11 20:11:35,018	INFO	1	org.l2jmobius.commons.util.IXmlReader	SkillTreeData: Loaded 64 clan skills, 64 for clan and 0 residential.
2025.04.11 20:11:35,018	INFO	1	org.l2jmobius.commons.util.IXmlReader	SkillTreeData: Loaded 8 noble skills.
2025.04.11 20:11:35,018	INFO	1	org.l2jmobius.commons.util.IXmlReader	SkillTreeData: Loaded 5 hero skills.
2025.04.11 20:11:35,018	INFO	1	org.l2jmobius.commons.util.IXmlReader	SkillTreeData: Loaded 25 game master skills.
2025.04.11 20:11:35,019	INFO	1	org.l2jmobius.commons.util.IXmlReader	SkillTreeData: Loaded 1 game master aura skills.
2025.04.11 20:11:36,714	INFO	1	org.l2jmobius.gameserver.data.xml.SkillData	SkillData: Loaded 29864 Skill templates from XML files.
2025.04.11 20:11:36,751	INFO	1	org.l2jmobius.gameserver.data.xml.PetSkillData	PetSkillData: Loaded 795 skills.
2025.04.11 20:11:36,751	INFO	1	org.l2jmobius.gameserver.GameServer	---------------------------------------------------=[ Items ]
2025.04.11 20:11:36,801	WARNING	1	org.l2jmobius.gameserver.util.DocumentItem	Cannot create item 485
2025.04.11 20:11:36,807	WARNING	1	org.l2jmobius.gameserver.util.DocumentItem	Cannot create item 486
2025.04.11 20:11:36,808	WARNING	1	org.l2jmobius.gameserver.util.DocumentItem	Cannot create item 488
2025.04.11 20:11:36,808	WARNING	1	org.l2jmobius.gameserver.util.DocumentItem	Cannot create item 489
2025.04.11 20:11:37,085	INFO	1	org.l2jmobius.gameserver.data.xml.ItemData	ItemData: Highest item id used: 13534
2025.04.11 20:11:37,087	INFO	1	org.l2jmobius.gameserver.data.xml.ItemData	ItemData: Loaded 6881 etc items.
2025.04.11 20:11:37,087	INFO	1	org.l2jmobius.gameserver.data.xml.ItemData	ItemData: Loaded 1102 armor items.
2025.04.11 20:11:37,087	INFO	1	org.l2jmobius.gameserver.data.xml.ItemData	ItemData: Loaded 1223 weapon items.
2025.04.11 20:11:37,087	INFO	1	org.l2jmobius.gameserver.data.xml.ItemData	ItemData: Loaded 9206 items in total.
2025.04.11 20:11:37,093	INFO	1	org.l2jmobius.commons.util.IXmlReader	EnchantItemGroupsData: Loaded 4 item group templates.
2025.04.11 20:11:37,093	INFO	1	org.l2jmobius.commons.util.IXmlReader	EnchantItemGroupsData: Loaded 1 scroll group templates.
2025.04.11 20:11:37,093	INFO	1	org.l2jmobius.commons.util.IXmlReader	EnchantItemGroupsData: Max weapon enchant is set to 16.
2025.04.11 20:11:37,093	INFO	1	org.l2jmobius.commons.util.IXmlReader	EnchantItemGroupsData: Max armor enchant is set to 16.
2025.04.11 20:11:37,094	INFO	1	org.l2jmobius.commons.util.IXmlReader	EnchantItemGroupsData: Max accessory enchant is set to 16.
2025.04.11 20:11:37,098	INFO	1	org.l2jmobius.commons.util.IXmlReader	EnchantItemData: Loaded 30 enchant scrolls.
2025.04.11 20:11:37,102	INFO	1	org.l2jmobius.commons.util.IXmlReader	EnchantItemOptionsData: Loaded 0 items and 0 options.
2025.04.11 20:11:37,623	INFO	1	org.l2jmobius.gameserver.data.xml.OptionData	OptionData: Loaded 16380 options.
2025.04.11 20:11:37,632	INFO	1	org.l2jmobius.commons.util.IXmlReader	EnchantItemHPBonusData: Loaded 6 enchant HP bonuses.
2025.04.11 20:11:37,635	INFO	1	org.l2jmobius.gameserver.data.MerchantPriceConfigTable	MerchantPriceConfigTable: Loaded 28 merchant price configs.
2025.04.11 20:11:38,380	WARNING	1	org.l2jmobius.commons.util.IXmlReader	Folder C:\Users\Usuario\Desktop\Server Interlude KameKase\game\data\buylists\custom doesn't exist!
2025.04.11 20:11:38,381	INFO	1	org.l2jmobius.gameserver.data.xml.BuyListData	BuyListData: Loaded 616 buyLists.
2025.04.11 20:11:38,562	WARNING	1	org.l2jmobius.commons.util.IXmlReader	Buy price 3000000 is less than sell price 3065000 at entry 6 of multisell 51004.
2025.04.11 20:11:38,563	WARNING	1	org.l2jmobius.commons.util.IXmlReader	Buy price 3000000 is less than sell price 3065000 at entry 7 of multisell 51004.
2025.04.11 20:11:38,563	WARNING	1	org.l2jmobius.commons.util.IXmlReader	Buy price 3000000 is less than sell price 3065000 at entry 8 of multisell 51004.
2025.04.11 20:11:38,563	WARNING	1	org.l2jmobius.commons.util.IXmlReader	Buy price 3000000 is less than sell price 3065000 at entry 12 of multisell 51004.
2025.04.11 20:11:38,563	WARNING	1	org.l2jmobius.commons.util.IXmlReader	Buy price 3000000 is less than sell price 3065000 at entry 13 of multisell 51004.
2025.04.11 20:11:38,563	WARNING	1	org.l2jmobius.commons.util.IXmlReader	Buy price 3000000 is less than sell price 3065000 at entry 14 of multisell 51004.
2025.04.11 20:11:38,563	WARNING	1	org.l2jmobius.commons.util.IXmlReader	Buy price 3000000 is less than sell price 3065000 at entry 15 of multisell 51004.
2025.04.11 20:11:38,563	WARNING	1	org.l2jmobius.commons.util.IXmlReader	Buy price 3000000 is less than sell price 3065000 at entry 16 of multisell 51004.
2025.04.11 20:11:38,563	WARNING	1	org.l2jmobius.commons.util.IXmlReader	Buy price 3000000 is less than sell price 3065000 at entry 17 of multisell 51004.
2025.04.11 20:11:38,563	WARNING	1	org.l2jmobius.commons.util.IXmlReader	Buy price 3000000 is less than sell price 3065000 at entry 21 of multisell 51004.
2025.04.11 20:11:38,563	WARNING	1	org.l2jmobius.commons.util.IXmlReader	Buy price 3000000 is less than sell price 3065000 at entry 22 of multisell 51004.
2025.04.11 20:11:38,563	WARNING	1	org.l2jmobius.commons.util.IXmlReader	Buy price 3000000 is less than sell price 3065000 at entry 23 of multisell 51004.
2025.04.11 20:11:38,563	WARNING	1	org.l2jmobius.commons.util.IXmlReader	Buy price 3000000 is less than sell price 3065000 at entry 25 of multisell 51004.
2025.04.11 20:11:38,564	WARNING	1	org.l2jmobius.commons.util.IXmlReader	Buy price 3000000 is less than sell price 3065000 at entry 26 of multisell 51004.
2025.04.11 20:11:38,564	WARNING	1	org.l2jmobius.commons.util.IXmlReader	Buy price 3000000 is less than sell price 3065000 at entry 27 of multisell 51004.
2025.04.11 20:11:38,564	WARNING	1	org.l2jmobius.commons.util.IXmlReader	Buy price 3000000 is less than sell price 3065000 at entry 28 of multisell 51004.
2025.04.11 20:11:38,564	WARNING	1	org.l2jmobius.commons.util.IXmlReader	Buy price 3000000 is less than sell price 3065000 at entry 32 of multisell 51004.
2025.04.11 20:11:38,564	WARNING	1	org.l2jmobius.commons.util.IXmlReader	Buy price 3000000 is less than sell price 3065000 at entry 33 of multisell 51004.
2025.04.11 20:11:38,564	WARNING	1	org.l2jmobius.commons.util.IXmlReader	Buy price 3000000 is less than sell price 3065000 at entry 34 of multisell 51004.
2025.04.11 20:11:38,564	WARNING	1	org.l2jmobius.commons.util.IXmlReader	Buy price 3000000 is less than sell price 3065000 at entry 38 of multisell 51004.
2025.04.11 20:11:38,564	WARNING	1	org.l2jmobius.commons.util.IXmlReader	Buy price 3000000 is less than sell price 3065000 at entry 39 of multisell 51004.
2025.04.11 20:11:38,564	WARNING	1	org.l2jmobius.commons.util.IXmlReader	Buy price 3000000 is less than sell price 3065000 at entry 40 of multisell 51004.
2025.04.11 20:11:38,564	WARNING	1	org.l2jmobius.commons.util.IXmlReader	Buy price 3000000 is less than sell price 3063775 at entry 41 of multisell 51004.
2025.04.11 20:11:38,564	WARNING	1	org.l2jmobius.commons.util.IXmlReader	Buy price 3000000 is less than sell price 3063775 at entry 42 of multisell 51004.
2025.04.11 20:11:38,564	WARNING	1	org.l2jmobius.commons.util.IXmlReader	Buy price 3000000 is less than sell price 3065000 at entry 46 of multisell 51004.
2025.04.11 20:11:38,564	WARNING	1	org.l2jmobius.commons.util.IXmlReader	Buy price 3000000 is less than sell price 3065000 at entry 47 of multisell 51004.
2025.04.11 20:11:38,565	WARNING	1	org.l2jmobius.commons.util.IXmlReader	Buy price 3000000 is less than sell price 3065000 at entry 48 of multisell 51004.
2025.04.11 20:11:38,565	WARNING	1	org.l2jmobius.commons.util.IXmlReader	Buy price 3000000 is less than sell price 3063775 at entry 49 of multisell 51004.
2025.04.11 20:11:38,565	WARNING	1	org.l2jmobius.commons.util.IXmlReader	Buy price 3000000 is less than sell price 3063775 at entry 50 of multisell 51004.
2025.04.11 20:11:38,565	WARNING	1	org.l2jmobius.commons.util.IXmlReader	Buy price 3000000 is less than sell price 3063775 at entry 51 of multisell 51004.
2025.04.11 20:11:38,565	WARNING	1	org.l2jmobius.commons.util.IXmlReader	Buy price 3000000 is less than sell price 3065000 at entry 52 of multisell 51004.
2025.04.11 20:11:38,565	WARNING	1	org.l2jmobius.commons.util.IXmlReader	Buy price 3000000 is less than sell price 3065000 at entry 53 of multisell 51004.
2025.04.11 20:11:38,565	WARNING	1	org.l2jmobius.commons.util.IXmlReader	Buy price 3000000 is less than sell price 3065000 at entry 54 of multisell 51004.
2025.04.11 20:11:38,572	WARNING	1	org.l2jmobius.commons.util.IXmlReader	Buy price 5000000 is less than sell price 8700000 at entry 5 of multisell 52000.
2025.04.11 20:11:38,581	WARNING	1	org.l2jmobius.commons.util.IXmlReader	Buy price 400000 is less than sell price 500000 at entry 8 of multisell 52005.
2025.04.11 20:11:38,581	WARNING	1	org.l2jmobius.commons.util.IXmlReader	Buy price 500000 is less than sell price 600000 at entry 9 of multisell 52005.
2025.04.11 20:11:38,581	WARNING	1	org.l2jmobius.commons.util.IXmlReader	Buy price 200000 is less than sell price 220000 at entry 11 of multisell 52005.
2025.04.11 20:11:38,582	WARNING	1	org.l2jmobius.commons.util.IXmlReader	Buy price 300000 is less than sell price 450000 at entry 12 of multisell 52005.
2025.04.11 20:11:38,582	WARNING	1	org.l2jmobius.commons.util.IXmlReader	Buy price 800000 is less than sell price 1220000 at entry 13 of multisell 52005.
2025.04.11 20:11:38,582	WARNING	1	org.l2jmobius.commons.util.IXmlReader	Buy price 500000 is less than sell price 1450000 at entry 14 of multisell 52005.
2025.04.11 20:11:38,582	WARNING	1	org.l2jmobius.commons.util.IXmlReader	Buy price 1000000 is less than sell price 1750000 at entry 15 of multisell 52005.
2025.04.11 20:11:38,612	WARNING	1	org.l2jmobius.commons.util.IXmlReader	MultisellData: can't find product with itemId: 486 in list: 52009
2025.04.11 20:11:38,612	WARNING	1	org.l2jmobius.commons.util.IXmlReader	MultisellData: can't find ingredient with itemId: 486 in list: 52009
2025.04.11 20:11:38,612	WARNING	1	org.l2jmobius.commons.util.IXmlReader	MultisellData: can't find product with itemId: 489 in list: 52009
2025.04.11 20:11:38,612	WARNING	1	org.l2jmobius.commons.util.IXmlReader	MultisellData: can't find ingredient with itemId: 489 in list: 52009
2025.04.11 20:11:38,618	INFO	1	org.l2jmobius.commons.util.IXmlReader	MultisellData: Loaded 113 multisell lists.
2025.04.11 20:11:38,650	INFO	1	org.l2jmobius.commons.util.IXmlReader	RecipeData: Loaded 871 recipes.
2025.04.11 20:11:38,664	INFO	1	org.l2jmobius.commons.util.IXmlReader	ArmorSetData: Loaded 51 armor sets.
2025.04.11 20:11:38,677	INFO	1	org.l2jmobius.commons.util.IXmlReader	FishData: Loaded 278 fishes.
2025.04.11 20:11:38,679	INFO	1	org.l2jmobius.commons.util.IXmlReader	FishingMonstersData: Loaded 8 fishing monsters.
2025.04.11 20:11:38,681	INFO	1	org.l2jmobius.commons.util.IXmlReader	FishingRodsData: Loaded 6 fishing rods.
2025.04.11 20:11:38,710	INFO	1	org.l2jmobius.commons.util.IXmlReader	HennaData: Loaded 180 henna data.
2025.04.11 20:11:38,711	INFO	1	org.l2jmobius.gameserver.GameServer	----------------------------------------------=[ Characters ]
2025.04.11 20:11:38,716	INFO	1	org.l2jmobius.commons.util.IXmlReader	ClassListData: Loaded 89 class data.
2025.04.11 20:11:38,721	INFO	1	org.l2jmobius.commons.util.IXmlReader	InitialEquipmentData: Loaded 9 initial equipment data.
2025.04.11 20:11:38,726	INFO	1	org.l2jmobius.commons.util.IXmlReader	InitialShortcutData: Loaded 5 initial global shortcut data.
2025.04.11 20:11:38,726	INFO	1	org.l2jmobius.commons.util.IXmlReader	InitialShortcutData: Loaded 4 initial shortcut data.
2025.04.11 20:11:38,726	INFO	1	org.l2jmobius.commons.util.IXmlReader	InitialShortcutData: Loaded 0 macro presets.
2025.04.11 20:11:38,730	INFO	1	org.l2jmobius.gameserver.data.xml.ExperienceData	ExperienceData: Loaded 81 levels.
2025.04.11 20:11:38,730	INFO	1	org.l2jmobius.gameserver.data.xml.ExperienceData	ExperienceData: Max Player Level is 80.
2025.04.11 20:11:38,730	INFO	1	org.l2jmobius.gameserver.data.xml.ExperienceData	ExperienceData: Max Pet Level is 80.
2025.04.11 20:11:38,737	INFO	1	org.l2jmobius.commons.util.IXmlReader	KarmaData: Loaded 80 karma modifiers.
2025.04.11 20:11:38,739	INFO	1	org.l2jmobius.commons.util.IXmlReader	HitConditionBonusData: Loaded hit condition bonuses.
2025.04.11 20:11:39,007	INFO	1	org.l2jmobius.gameserver.data.xml.PlayerTemplateData	PlayerTemplateData: Loaded 89 character templates.
2025.04.11 20:11:39,007	INFO	1	org.l2jmobius.gameserver.data.xml.PlayerTemplateData	PlayerTemplateData: Loaded 42720 level up gain records.
2025.04.11 20:11:39,011	INFO	1	org.l2jmobius.gameserver.data.sql.CharInfoTable	CharInfoTable: Loaded 33 char names.
2025.04.11 20:11:39,015	INFO	1	org.l2jmobius.commons.util.IXmlReader	AdminData: Loaded 10 access levels.
2025.04.11 20:11:39,018	INFO	1	org.l2jmobius.commons.util.IXmlReader	AdminData: Loaded 425 access commands.
2025.04.11 20:11:39,019	INFO	1	org.l2jmobius.gameserver.instancemanager.RaidBossPointsManager	RaidBossPointsManager: Loaded 0 Characters Raid Points.
2025.04.11 20:11:39,102	INFO	1	org.l2jmobius.commons.util.IXmlReader	PetDataTable: Loaded 12 pets.
2025.04.11 20:11:39,109	INFO	1	org.l2jmobius.gameserver.GameServer	---------------------------------------------------=[ Clans ]
2025.04.11 20:11:39,118	INFO	1	org.l2jmobius.gameserver.communitybbs.Manager.ForumsBBSManager	ForumsBBSManager: Loaded 4 forums. Last forum id used: 4
2025.04.11 20:11:39,118	INFO	1	org.l2jmobius.gameserver.data.sql.ClanTable	ClanTable: Restored 0 clans from the database.
2025.04.11 20:11:39,143	INFO	1	org.l2jmobius.gameserver.instancemanager.CHSiegeManager	CHSiegeManager: Loaded 6 conquerable clan halls.
2025.04.11 20:11:39,184	INFO	1	org.l2jmobius.gameserver.instancemanager.ClanHallAuctionManager	ClanHallAuctionManager: Loaded 38 auction(s)
2025.04.11 20:11:39,185	INFO	1	org.l2jmobius.gameserver.data.sql.ClanHallTable	ClanHallTable: Loaded 0 clan halls
2025.04.11 20:11:39,185	INFO	1	org.l2jmobius.gameserver.data.sql.ClanHallTable	ClanHallTable: Loaded 38 free clan halls
2025.04.11 20:11:39,185	INFO	1	org.l2jmobius.gameserver.GameServer	-------------------------------------------------=[ Geodata ]
2025.04.11 20:11:41,152	INFO	1	org.l2jmobius.gameserver.geoengine.GeoEngine	GeoEngine: Loaded 158 regions.
2025.04.11 20:11:41,152	INFO	1	org.l2jmobius.gameserver.GameServer	----------------------------------------------------=[ NPCs ]
2025.04.11 20:11:41,178	INFO	1	org.l2jmobius.gameserver.instancemanager.ZoneManager	ZoneManager 12 by 17 Zone Region Grid set up.
2025.04.11 20:11:42,366	INFO	1	org.l2jmobius.commons.util.IXmlReader	NpcData: Loaded 6519 NPCs.
2025.04.11 20:11:42,389	INFO	1	org.l2jmobius.commons.util.IXmlReader	NpcData: Loaded 19 custom NPCs.
2025.04.11 20:11:42,396	INFO	1	org.l2jmobius.commons.util.IXmlReader	SkillLearnData: Loaded 217 skill learn data.
2025.04.11 20:11:42,400	INFO	1	org.l2jmobius.gameserver.instancemanager.GrandBossManager	GrandBossManager: Gigantic Chaos Golem(25512) status is 0.
2025.04.11 20:11:42,402	INFO	1	org.l2jmobius.gameserver.instancemanager.GrandBossManager	GrandBossManager: Queen Ant(29001) status is 0.
2025.04.11 20:11:42,402	INFO	1	org.l2jmobius.gameserver.instancemanager.GrandBossManager	GrandBossManager: Core(29006) status is 0.
2025.04.11 20:11:42,402	INFO	1	org.l2jmobius.gameserver.instancemanager.GrandBossManager	GrandBossManager: Orfen(29014) status is 0.
2025.04.11 20:11:42,402	INFO	1	org.l2jmobius.gameserver.instancemanager.GrandBossManager	GrandBossManager: Baium(29020) status is 0.
2025.04.11 20:11:42,402	INFO	1	org.l2jmobius.gameserver.instancemanager.GrandBossManager	GrandBossManager: Zaken(29022) status is 0.
2025.04.11 20:11:42,402	INFO	1	org.l2jmobius.gameserver.instancemanager.GrandBossManager	GrandBossManager: Valakas(29028) status is 0.
2025.04.11 20:11:42,403	INFO	1	org.l2jmobius.gameserver.instancemanager.GrandBossManager	GrandBossManager: Frintezza(29045) status is 0.
2025.04.11 20:11:42,403	INFO	1	org.l2jmobius.gameserver.instancemanager.GrandBossManager	GrandBossManager: Antharas(29068) status is 0.
2025.04.11 20:11:42,403	INFO	1	org.l2jmobius.gameserver.instancemanager.GrandBossManager	GrandBossManager: Loaded 9 Instances
2025.04.11 20:11:42,529	INFO	1	org.l2jmobius.gameserver.instancemanager.ZoneManager	ZoneManager: Loaded 28 zone classes and 2413 zones.
2025.04.11 20:11:42,532	INFO	1	org.l2jmobius.gameserver.instancemanager.ZoneManager	ZoneManager: Last static id 200011.
2025.04.11 20:11:42,567	INFO	1	org.l2jmobius.commons.util.IXmlReader	DoorData: Loaded 547 doors.
2025.04.11 20:11:42,579	INFO	1	FenceData	FenceData: Loaded 1 fences.
2025.04.11 20:11:42,590	INFO	1	org.l2jmobius.gameserver.data.xml.LevelUpCrystalData	Soul crystal data : Loaded 39
2025.04.11 20:11:42,590	INFO	1	org.l2jmobius.gameserver.data.xml.LevelUpCrystalData	Npc leveling crystal data : Loaded 125
2025.04.11 20:11:42,591	INFO	1	org.l2jmobius.gameserver.data.xml.FakePlayerData	FakePlayerData: Disabled.
2025.04.11 20:11:42,593	INFO	1	org.l2jmobius.gameserver.instancemanager.FakePlayerChatManager	FakePlayerChatManager: Disabled.
2025.04.11 20:11:43,432	INFO	1	org.l2jmobius.gameserver.instancemanager.WalkingManager	WalkingManager: Loaded 14 walking routes.
2025.04.11 20:11:43,439	INFO	1	org.l2jmobius.commons.util.IXmlReader	StaticObjectData: Loaded 29 static object templates.
2025.04.11 20:11:43,449	INFO	1	org.l2jmobius.gameserver.instancemanager.CastleManager	CastleManager: Loaded 9 castles
2025.04.11 20:11:43,455	INFO	1	org.l2jmobius.gameserver.data.SchemeBufferTable	SchemeBufferTable: Loaded 28 players schemes and 38 available buffs.
2025.04.11 20:11:43,458	INFO	1	org.l2jmobius.gameserver.instancemanager.GrandBossManager	GrandBossManager: Initialized 14 Grand Boss Zones
2025.04.11 20:11:43,459	INFO	1	org.l2jmobius.gameserver.GameServer	------------------------------------------------=[ Olympiad ]
2025.04.11 20:11:43,467	INFO	1	org.l2jmobius.gameserver.model.olympiad.Olympiad	Olympiad System: Loading Olympiad System....
2025.04.11 20:11:43,467	INFO	1	org.l2jmobius.gameserver.model.olympiad.Olympiad	Olympiad System: Currently in Olympiad Period
2025.04.11 20:11:43,467	INFO	1	org.l2jmobius.gameserver.model.olympiad.Olympiad	Olympiad System: 28308 minutes until period ends
2025.04.11 20:11:43,467	INFO	1	org.l2jmobius.gameserver.model.olympiad.Olympiad	Olympiad System: Next weekly change is in 5733 minutes
2025.04.11 20:11:43,467	INFO	1	org.l2jmobius.gameserver.model.olympiad.Olympiad	Olympiad System: Loaded 0 Nobles
2025.04.11 20:11:43,470	INFO	1	org.l2jmobius.gameserver.model.olympiad.Olympiad	Olympiad System: Competition Period Starts in 0 days, 0 hours and 0 mins.
2025.04.11 20:11:43,481	INFO	1	org.l2jmobius.gameserver.model.olympiad.Olympiad	Olympiad System: Event starts/started : Fri Apr 11 18:00:43 ART 2025
2025.04.11 20:11:43,484	INFO	1	org.l2jmobius.gameserver.model.olympiad.Hero	Hero System: Loaded 0 Heroes.
2025.04.11 20:11:43,485	INFO	1	org.l2jmobius.gameserver.model.olympiad.Hero	Hero System: Loaded 0 all time Heroes.
2025.04.11 20:11:43,485	INFO	1	org.l2jmobius.gameserver.GameServer	---------------------------------------------=[ Seven Signs ]
2025.04.11 20:11:43,489	INFO	1	org.l2jmobius.gameserver.model.sevensigns.SevenSigns	SevenSigns: Currently in the Seal Validation period!
2025.04.11 20:11:43,489	INFO	1	org.l2jmobius.gameserver.model.sevensigns.SevenSigns	SevenSigns: The Seal of Avarice remains unclaimed.
2025.04.11 20:11:43,489	INFO	1	org.l2jmobius.gameserver.model.sevensigns.SevenSigns	SevenSigns: The Seal of Gnosis remains unclaimed.
2025.04.11 20:11:43,489	INFO	1	org.l2jmobius.gameserver.model.sevensigns.SevenSigns	SevenSigns: The Seal of Strife remains unclaimed.
2025.04.11 20:11:43,489	INFO	1	org.l2jmobius.gameserver.model.sevensigns.SevenSigns	SevenSigns: The competition ended with a tie last week.
2025.04.11 20:11:43,489	INFO	1	org.l2jmobius.gameserver.model.sevensigns.SevenSigns	SevenSigns: Next period change set to Mon Apr 14 18:00:43 ART 2025
2025.04.11 20:11:43,490	INFO	1	org.l2jmobius.gameserver.model.sevensigns.SevenSigns	SevenSigns: Next period begins in 2 days, 21 hours and 48 mins.
2025.04.11 20:11:43,490	INFO	1	org.l2jmobius.gameserver.GameServer	---------------------------------------------------=[ Cache ]
2025.04.11 20:11:43,491	INFO	1	org.l2jmobius.gameserver.cache.HtmCache	Cache[HTML]: Running lazy cache.
2025.04.11 20:11:43,496	INFO	1	org.l2jmobius.gameserver.data.sql.CrestTable	CrestTable: Loaded 0 Crests.
2025.04.11 20:11:43,506	INFO	1	org.l2jmobius.gameserver.data.sql.TeleportLocationTable	TeleportLocationTable: Loaded 704 teleport location templates.
2025.04.11 20:11:43,557	INFO	1	org.l2jmobius.gameserver.data.AugmentationData	AugmentationData: Loaded 22640 augmentations.
2025.04.11 20:11:43,563	INFO	1	org.l2jmobius.gameserver.instancemanager.SellBuffsManager	SellBuffsManager: Loaded 132 allowed buffs.
2025.04.11 20:11:43,563	INFO	1	org.l2jmobius.gameserver.GameServer	-------------------------------------------------=[ Scripts ]
2025.04.11 20:11:43,564	INFO	1	org.l2jmobius.gameserver.GameServer	Loading server scripts...
2025.04.11 20:11:43,706	INFO	52	org.l2jmobius.gameserver.model.olympiad.Olympiad	Olympiad System: Olympiad Game Started
2025.04.11 20:11:45,397	INFO	1	handlers.MasterHandler	Loading Handlers...
2025.04.11 20:11:45,487	INFO	1	handlers.MasterHandler	ActionHandler: Loaded 10 handlers.
2025.04.11 20:11:45,488	INFO	1	handlers.MasterHandler	ActionShiftHandler: Loaded 6 handlers.
2025.04.11 20:11:45,488	INFO	1	handlers.MasterHandler	AdminCommandHandler: Loaded 436 handlers.
2025.04.11 20:11:45,488	INFO	1	handlers.MasterHandler	BypassHandler: Loaded 38 handlers.
2025.04.11 20:11:45,488	INFO	1	handlers.MasterHandler	ChatHandler: Loaded 14 handlers.
2025.04.11 20:11:45,488	INFO	1	handlers.MasterHandler	CommunityBoardHandler: Loaded 27 handlers.
2025.04.11 20:11:45,488	INFO	1	handlers.MasterHandler	ItemHandler: Loaded 25 handlers.
2025.04.11 20:11:45,488	INFO	1	handlers.MasterHandler	PunishmentHandler: Loaded 3 handlers.
2025.04.11 20:11:45,488	INFO	1	handlers.MasterHandler	UserCommandHandler: Loaded 15 handlers.
2025.04.11 20:11:45,488	INFO	1	handlers.MasterHandler	VoicedCommandHandler: Loaded 15 handlers.
2025.04.11 20:11:45,488	INFO	1	handlers.MasterHandler	TargetHandler: Loaded 34 handlers.
2025.04.11 20:11:45,488	INFO	1	handlers.MasterHandler	Handlers Loaded...
2025.04.11 20:11:50,271	INFO	1	org.l2jmobius.commons.util.IXmlReader	NpcBuffersData: Loaded 10 buffers data.
2025.04.11 20:11:50,296	CONFIG	1	conquerablehalls.BanditStronghold.BanditStronghold	Bandit StrongHold siege scheduled for Fri Apr 25 12:00:00 ART 2025.
2025.04.11 20:11:50,302	CONFIG	1	conquerablehalls.DevastatedCastle.DevastatedCastle	Devastated Castle siege scheduled for Fri Apr 25 12:00:00 ART 2025.
2025.04.11 20:11:50,306	CONFIG	1	conquerablehalls.FortressOfResistance.FortressOfResistance	Fortress of Resistance siege scheduled for Fri Apr 25 12:00:00 ART 2025.
2025.04.11 20:11:50,312	CONFIG	1	conquerablehalls.FortressOfTheDead.FortressOfTheDead	Fortress of the Dead siege scheduled for Fri Apr 25 12:00:00 ART 2025.
2025.04.11 20:11:50,314	CONFIG	1	conquerablehalls.RainbowSpringsChateau.RainbowSpringsChateau	Rainbow Springs siege scheduled for Fri Apr 25 12:00:00 ART 2025.
2025.04.11 20:11:50,318	CONFIG	1	conquerablehalls.WildBeastReserve.WildBeastReserve	Beast Farm siege scheduled for Fri Apr 25 12:00:00 ART 2025.
2025.04.11 20:11:50,356	INFO	1	org.l2jmobius.gameserver.model.events.AbstractScript	Event Heavy Medal has passed... Ignored 
2025.04.11 20:11:50,357	INFO	1	org.l2jmobius.gameserver.model.events.AbstractScript	Event L2 Day has passed... Ignored 
2025.04.11 20:11:50,670	INFO	1	org.l2jmobius.gameserver.data.SpawnTable	SpawnTable: Initializing spawns...
2025.04.11 20:11:52,719	INFO	1	org.l2jmobius.gameserver.data.SpawnTable	SpawnTable: 36013 spawns have been initialized!
2025.04.11 20:11:52,722	INFO	1	org.l2jmobius.gameserver.instancemanager.DayNightSpawnManager	DayNightSpawnManager: Removed 0 day creatures
2025.04.11 20:11:52,736	INFO	1	org.l2jmobius.gameserver.instancemanager.DayNightSpawnManager	DayNightSpawnManager: Spawned 684 night creatures
2025.04.11 20:11:52,748	INFO	1	org.l2jmobius.gameserver.instancemanager.FourSepulchersManager	FourSepulchersManager: loaded 20 Mysterious-Box spawns.
2025.04.11 20:11:52,783	INFO	1	org.l2jmobius.gameserver.instancemanager.FourSepulchersManager	FourSepulchersManager: loaded 716 Physical type monsters spawns.
2025.04.11 20:11:52,808	INFO	1	org.l2jmobius.gameserver.instancemanager.FourSepulchersManager	FourSepulchersManager: loaded 716 Magical type monsters spawns.
2025.04.11 20:11:52,815	INFO	1	org.l2jmobius.gameserver.instancemanager.FourSepulchersManager	FourSepulchersManager: loaded 92 Church of duke monsters spawns.
2025.04.11 20:11:52,821	INFO	1	org.l2jmobius.gameserver.instancemanager.FourSepulchersManager	FourSepulchersManager: loaded 68 Emperor's grave NPC spawns.
2025.04.11 20:11:52,822	INFO	1	org.l2jmobius.gameserver.instancemanager.FourSepulchersManager	FourSepulchersManager: spawned Conquerors' Sepulcher Manager
2025.04.11 20:11:52,822	INFO	1	org.l2jmobius.gameserver.instancemanager.FourSepulchersManager	FourSepulchersManager: spawned Emperors' Sepulcher Manager
2025.04.11 20:11:52,822	INFO	1	org.l2jmobius.gameserver.instancemanager.FourSepulchersManager	FourSepulchersManager: spawned Great Sages' Sepulcher Manager
2025.04.11 20:11:52,823	INFO	1	org.l2jmobius.gameserver.instancemanager.FourSepulchersManager	FourSepulchersManager: spawned Judges' Sepulcher Manager
2025.04.11 20:11:52,824	INFO	1	org.l2jmobius.gameserver.instancemanager.FourSepulchersManager	FourSepulchersManager: Beginning in Attack time
2025.04.11 20:11:52,832	INFO	1	org.l2jmobius.gameserver.instancemanager.DimensionalRiftManager	DimensionalRiftManager: Loaded 7 room types with 56 rooms.
2025.04.11 20:11:52,837	INFO	1	org.l2jmobius.gameserver.instancemanager.DimensionalRiftManager	DimensionalRiftManager: Loaded 462 dimensional rift spawns, 0 errors.
2025.04.11 20:11:52,866	INFO	1	org.l2jmobius.gameserver.instancemanager.RaidBossSpawnManager	RaidBossSpawnManager: Loaded 190 Instances
2025.04.11 20:11:52,867	INFO	1	org.l2jmobius.gameserver.instancemanager.RaidBossSpawnManager	RaidBossSpawnManager: Scheduled 0 Instances
2025.04.11 20:11:52,867	INFO	1	org.l2jmobius.gameserver.GameServer	---------------------------------------------------=[ Siege ]
2025.04.11 20:11:52,876	INFO	1	org.l2jmobius.gameserver.data.xml.SiegeScheduleData	SiegeScheduleData: Loaded 9 siege schedulers.
2025.04.11 20:11:52,877	INFO	1	org.l2jmobius.gameserver.model.siege.Siege	Siege of Gludio: Sun Apr 13 16:00:00 ART 2025
2025.04.11 20:11:52,878	INFO	1	org.l2jmobius.gameserver.model.siege.Siege	Siege of Dion: Sun Apr 13 20:00:00 ART 2025
2025.04.11 20:11:52,879	INFO	1	org.l2jmobius.gameserver.model.siege.Siege	Siege of Giran: Sun Apr 13 16:00:00 ART 2025
2025.04.11 20:11:52,879	INFO	1	org.l2jmobius.gameserver.model.siege.Siege	Siege of Oren: Sun Apr 13 20:00:00 ART 2025
2025.04.11 20:11:52,879	INFO	1	org.l2jmobius.gameserver.model.siege.Siege	Siege of Aden: Sun Apr 13 16:00:00 ART 2025
2025.04.11 20:11:52,880	INFO	1	org.l2jmobius.gameserver.model.siege.Siege	Siege of Innadril: Sun Apr 13 20:00:00 ART 2025
2025.04.11 20:11:52,880	INFO	1	org.l2jmobius.gameserver.model.siege.Siege	Siege of Goddard: Sun Apr 13 16:00:00 ART 2025
2025.04.11 20:11:52,880	INFO	1	org.l2jmobius.gameserver.model.siege.Siege	Siege of Rune: Sun Apr 13 20:00:00 ART 2025
2025.04.11 20:11:52,881	INFO	1	org.l2jmobius.gameserver.model.siege.Siege	Siege of Schuttgart: Sun Apr 13 16:00:00 ART 2025
2025.04.11 20:11:52,892	INFO	1	org.l2jmobius.commons.util.IXmlReader	CastleManorManager: Loaded 258 seeds.
2025.04.11 20:11:52,900	INFO	1	org.l2jmobius.commons.util.IXmlReader	CastleManorManager: Manor data loaded.
2025.04.11 20:11:52,909	INFO	1	org.l2jmobius.gameserver.instancemanager.MercTicketManager	MercTicketManager: Loaded 0 Mercenary Tickets
2025.04.11 20:11:52,910	INFO	1	org.l2jmobius.gameserver.instancemanager.QuestManager	QuestManager: Loaded 342 quests.
2025.04.11 20:11:52,910	INFO	1	org.l2jmobius.gameserver.instancemanager.QuestManager	QuestManager: Loaded 121 scripts.
2025.04.11 20:11:52,916	INFO	1	org.l2jmobius.gameserver.instancemanager.games.MonsterRaceManager	MonsterRace: loaded 928 records, currently on race #929
2025.04.11 20:11:52,968	INFO	1	org.l2jmobius.gameserver.model.sevensigns.SevenSignsFestival	SevenSignsFestival: Initialization bypassed due to Seal Validation in effect.
2025.04.11 20:11:52,969	INFO	1	org.l2jmobius.gameserver.GameServer	AutoSpawnHandler: Loaded 124 handlers in total.
2025.04.11 20:11:52,982	INFO	1	org.l2jmobius.gameserver.taskmanager.TaskManager	TaskManager: Loaded 10 Tasks.
2025.04.11 20:11:52,987	INFO	1	org.l2jmobius.gameserver.instancemanager.PunishmentManager	PunishmentManager: Loaded 0 active and 0 expired punishments.
2025.04.11 20:11:52,988	INFO	1	org.l2jmobius.gameserver.GameServer	IdManager: Free ObjectID's remaining: 1879006971
2025.04.11 20:11:52,990	INFO	1	org.l2jmobius.gameserver.data.sql.OfflineTraderTable	OfflineTraderTable: Loading offline traders...
2025.04.11 20:11:52,991	INFO	1	org.l2jmobius.gameserver.data.sql.OfflineTraderTable	OfflineTraderTable: Loaded 0 offline traders.
2025.04.11 20:11:52,993	INFO	1	org.l2jmobius.gameserver.instancemanager.ServerRestartManager	Scheduled server restart at Sat Apr 12 06:00:00 ART 2025.
2025.04.11 20:11:53,678	INFO	1	org.l2jmobius.gameserver.GameServer	GameServer: Started, using 1408 of 4096 MB total memory.
2025.04.11 20:11:53,678	INFO	1	org.l2jmobius.gameserver.GameServer	GameServer: Maximum number of connected players is 2000.
2025.04.11 20:11:53,679	INFO	1	org.l2jmobius.gameserver.GameServer	GameServer: Server loaded in 22 seconds.
2025.04.11 20:11:53,696	INFO	138	org.l2jmobius.gameserver.LoginServerThread	LoginServerThread: Connecting to login on 127.0.0.1:9014
2025.04.11 20:11:53,768	INFO	138	org.l2jmobius.gameserver.LoginServerThread	LoginServerThread: Registered on login as Server 2: Sieghardt
2025.04.11 20:20:12,989	INFO	95	org.l2jmobius.gameserver.instancemanager.GlobalVariablesManager	GlobalVariablesManager: Stored 5 variables.
2025.04.11 20:26:52,983	INFO	63	org.l2jmobius.gameserver.taskmanager.tasks.TaskOlympiadSave	Olympiad System: Data updated.
2025.04.11 20:41:52,985	INFO	69	org.l2jmobius.gameserver.taskmanager.tasks.TaskSevenSignsUpdate	SevenSigns: Data updated successfully.
2025.04.11 20:50:12,993	INFO	74	org.l2jmobius.gameserver.instancemanager.GlobalVariablesManager	GlobalVariablesManager: Stored 5 variables.
2025.04.11 20:56:52,983	INFO	58	org.l2jmobius.gameserver.taskmanager.tasks.TaskOlympiadSave	Olympiad System: Data updated.
2025.04.11 21:00:00,109	INFO	117	org.l2jmobius.gameserver.instancemanager.DayNightSpawnManager	DayNightSpawnManager: Removed 684 night creatures
2025.04.11 21:00:00,129	INFO	117	org.l2jmobius.gameserver.instancemanager.DayNightSpawnManager	DayNightSpawnManager: Spawned 232 day creatures
2025.04.11 21:11:52,985	INFO	91	org.l2jmobius.gameserver.taskmanager.tasks.TaskSevenSignsUpdate	SevenSigns: Data updated successfully.
2025.04.11 21:20:12,990	INFO	64	org.l2jmobius.gameserver.instancemanager.GlobalVariablesManager	GlobalVariablesManager: Stored 5 variables.
2025.04.11 21:26:52,983	INFO	82	org.l2jmobius.gameserver.taskmanager.tasks.TaskOlympiadSave	Olympiad System: Data updated.
2025.04.11 21:41:52,983	INFO	76	org.l2jmobius.gameserver.taskmanager.tasks.TaskSevenSignsUpdate	SevenSigns: Data updated successfully.
2025.04.11 21:50:12,988	INFO	52	org.l2jmobius.gameserver.instancemanager.GlobalVariablesManager	GlobalVariablesManager: Stored 5 variables.
2025.04.11 21:56:52,983	INFO	66	org.l2jmobius.gameserver.taskmanager.tasks.TaskOlympiadSave	Olympiad System: Data updated.
2025.04.11 22:11:52,984	INFO	76	org.l2jmobius.gameserver.taskmanager.tasks.TaskSevenSignsUpdate	SevenSigns: Data updated successfully.
2025.04.11 22:20:12,988	INFO	88	org.l2jmobius.gameserver.instancemanager.GlobalVariablesManager	GlobalVariablesManager: Stored 5 variables.
2025.04.11 22:26:52,983	INFO	77	org.l2jmobius.gameserver.taskmanager.tasks.TaskOlympiadSave	Olympiad System: Data updated.
2025.04.11 22:38:08,229	WARNING	138	org.l2jmobius.gameserver.LoginServerThread	LoginServerThread: LoginServer not available, trying to reconnect...
