2025.04.13 18:27:50,770	INFO	1	org.l2jmobius.commons.util.IXmlReader	Network Config: ipconfig.xml doesn't exist using automatic configuration...
2025.04.13 18:27:51,255	INFO	1	org.l2jmobius.commons.util.IXmlReader	Network Config: Adding new subnet: 192.168.100.0/24 address: 192.168.100.5
2025.04.13 18:27:51,255	INFO	1	org.l2jmobius.commons.util.IXmlReader	Network Config: Adding new subnet: 127.0.0.0/8 address: 127.0.0.1
2025.04.13 18:27:51,256	INFO	1	org.l2jmobius.commons.util.IXmlReader	Network Config: Adding new subnet: 0.0.0.0/0 address: 190.124.152.183
2025.04.13 18:27:51,284	INFO	1	org.l2jmobius.Config	Loaded 6 Filter Words.
2025.04.13 18:27:51,306	INFO	1	org.l2jmobius.gameserver.GameServer	------------------------------------------------=[ Database ]
2025.04.13 18:27:51,505	INFO	1	org.l2jmobius.commons.database.DatabaseFactory	Database: HikariCP pool initialized successfully.
2025.04.13 18:27:51,655	INFO	1	org.l2jmobius.commons.database.DatabaseFactory	Database: Initialized with a valid connection.
2025.04.13 18:27:51,663	INFO	1	org.l2jmobius.gameserver.GameServer	----------------------------------------------=[ ThreadPool ]
2025.04.13 18:27:51,665	INFO	1	org.l2jmobius.commons.threads.ThreadPool	ThreadPool: Initialized
2025.04.13 18:27:51,665	INFO	1	org.l2jmobius.commons.threads.ThreadPool	...scheduled pool executor with 12 high priority threads.
2025.04.13 18:27:51,671	INFO	1	org.l2jmobius.commons.threads.ThreadPool	...scheduled pool executor with 48 total threads.
2025.04.13 18:27:51,671	INFO	1	org.l2jmobius.commons.threads.ThreadPool	...instant pool executor with 24 total threads.
2025.04.13 18:27:51,672	INFO	1	org.l2jmobius.gameserver.GameServer	-----------------------------------------------=[ IdManager ]
2025.04.13 18:27:51,682	INFO	1	org.l2jmobius.gameserver.instancemanager.IdManager	Updated characters online status.
2025.04.13 18:27:51,729	INFO	1	org.l2jmobius.gameserver.instancemanager.IdManager	IdManager: Cleaned 127 elements from database in 0 seconds.
2025.04.13 18:27:51,737	INFO	1	org.l2jmobius.gameserver.instancemanager.IdManager	IdManager: Cleaned 0 expired timestamps from database.
2025.04.13 18:27:51,762	INFO	1	org.l2jmobius.gameserver.instancemanager.IdManager	IdManager: 102912 id's available.
2025.04.13 18:27:51,763	INFO	1	org.l2jmobius.gameserver.GameServer	----------------------------------------=[ Scripting Engine ]
2025.04.13 18:27:51,965	INFO	1	org.l2jmobius.gameserver.scripting.ScriptEngineManager	Loaded 380 files to exclude.
2025.04.13 18:27:51,967	INFO	1	org.l2jmobius.gameserver.GameServer	---------------------------------------------------=[ World ]
2025.04.13 18:27:51,972	INFO	1	org.l2jmobius.commons.util.IXmlReader	InstanceManager: Multiverse Instance created.
2025.04.13 18:27:51,972	INFO	1	org.l2jmobius.commons.util.IXmlReader	InstanceManager: Universe Instance created.
2025.04.13 18:27:51,993	INFO	1	org.l2jmobius.commons.util.IXmlReader	InstanceManager: Loaded 2 instance templates.
2025.04.13 18:27:52,124	INFO	1	org.l2jmobius.commons.util.IXmlReader	MapRegionManager: Loaded 42 map regions.
2025.04.13 18:27:52,145	INFO	1	org.l2jmobius.gameserver.instancemanager.GlobalVariablesManager	GlobalVariablesManager: Loaded 5 variables.
2025.04.13 18:27:52,146	INFO	1	org.l2jmobius.gameserver.GameServer	----------------------------------------------------=[ Data ]
2025.04.13 18:27:52,175	INFO	1	org.l2jmobius.gameserver.data.xml.CategoryData	CategoryData: Loaded 160 categories.
2025.04.13 18:27:52,181	INFO	1	org.l2jmobius.gameserver.GameServer	--------------------------------------------------=[ Skills ]
2025.04.13 18:27:53,593	INFO	1	handlers.EffectMasterHandler	EffectMasterHandler: Loaded 143 effect handlers.
2025.04.13 18:27:53,724	INFO	1	org.l2jmobius.gameserver.data.sql.EnchantSkillTreesTable	EnchantSkillTreesTable: Loaded 14520 enchant skills.
2025.04.13 18:27:54,153	INFO	1	org.l2jmobius.commons.util.IXmlReader	SkillTreeData: Loaded 13741 Class Skills for 89 class skill trees.
2025.04.13 18:27:54,153	INFO	1	org.l2jmobius.commons.util.IXmlReader	SkillTreeData: Loaded 117 fishing skills, 8 Dwarven only fishing skills.
2025.04.13 18:27:54,156	INFO	1	org.l2jmobius.commons.util.IXmlReader	SkillTreeData: Loaded 64 clan skills, 64 for clan and 0 residential.
2025.04.13 18:27:54,157	INFO	1	org.l2jmobius.commons.util.IXmlReader	SkillTreeData: Loaded 8 noble skills.
2025.04.13 18:27:54,157	INFO	1	org.l2jmobius.commons.util.IXmlReader	SkillTreeData: Loaded 5 hero skills.
2025.04.13 18:27:54,157	INFO	1	org.l2jmobius.commons.util.IXmlReader	SkillTreeData: Loaded 25 game master skills.
2025.04.13 18:27:54,157	INFO	1	org.l2jmobius.commons.util.IXmlReader	SkillTreeData: Loaded 1 game master aura skills.
2025.04.13 18:27:56,013	INFO	1	org.l2jmobius.gameserver.data.xml.SkillData	SkillData: Loaded 29864 Skill templates from XML files.
2025.04.13 18:27:56,046	INFO	1	org.l2jmobius.gameserver.data.xml.PetSkillData	PetSkillData: Loaded 795 skills.
2025.04.13 18:27:56,047	INFO	1	org.l2jmobius.gameserver.GameServer	---------------------------------------------------=[ Items ]
2025.04.13 18:27:56,096	WARNING	1	org.l2jmobius.gameserver.util.DocumentItem	Cannot create item 485
2025.04.13 18:27:56,102	WARNING	1	org.l2jmobius.gameserver.util.DocumentItem	Cannot create item 486
2025.04.13 18:27:56,103	WARNING	1	org.l2jmobius.gameserver.util.DocumentItem	Cannot create item 488
2025.04.13 18:27:56,103	WARNING	1	org.l2jmobius.gameserver.util.DocumentItem	Cannot create item 489
2025.04.13 18:27:56,359	INFO	1	org.l2jmobius.gameserver.data.xml.ItemData	ItemData: Highest item id used: 13534
2025.04.13 18:27:56,360	INFO	1	org.l2jmobius.gameserver.data.xml.ItemData	ItemData: Loaded 6881 etc items.
2025.04.13 18:27:56,361	INFO	1	org.l2jmobius.gameserver.data.xml.ItemData	ItemData: Loaded 1102 armor items.
2025.04.13 18:27:56,361	INFO	1	org.l2jmobius.gameserver.data.xml.ItemData	ItemData: Loaded 1223 weapon items.
2025.04.13 18:27:56,361	INFO	1	org.l2jmobius.gameserver.data.xml.ItemData	ItemData: Loaded 9206 items in total.
2025.04.13 18:27:56,367	INFO	1	org.l2jmobius.commons.util.IXmlReader	EnchantItemGroupsData: Loaded 4 item group templates.
2025.04.13 18:27:56,367	INFO	1	org.l2jmobius.commons.util.IXmlReader	EnchantItemGroupsData: Loaded 1 scroll group templates.
2025.04.13 18:27:56,367	INFO	1	org.l2jmobius.commons.util.IXmlReader	EnchantItemGroupsData: Max weapon enchant is set to 16.
2025.04.13 18:27:56,367	INFO	1	org.l2jmobius.commons.util.IXmlReader	EnchantItemGroupsData: Max armor enchant is set to 16.
2025.04.13 18:27:56,367	INFO	1	org.l2jmobius.commons.util.IXmlReader	EnchantItemGroupsData: Max accessory enchant is set to 16.
2025.04.13 18:27:56,371	INFO	1	org.l2jmobius.commons.util.IXmlReader	EnchantItemData: Loaded 30 enchant scrolls.
2025.04.13 18:27:56,373	INFO	1	org.l2jmobius.commons.util.IXmlReader	EnchantItemOptionsData: Loaded 0 items and 0 options.
2025.04.13 18:27:56,857	INFO	1	org.l2jmobius.gameserver.data.xml.OptionData	OptionData: Loaded 16380 options.
2025.04.13 18:27:56,865	INFO	1	org.l2jmobius.commons.util.IXmlReader	EnchantItemHPBonusData: Loaded 6 enchant HP bonuses.
2025.04.13 18:27:56,868	INFO	1	org.l2jmobius.gameserver.data.MerchantPriceConfigTable	MerchantPriceConfigTable: Loaded 28 merchant price configs.
2025.04.13 18:27:57,407	WARNING	1	org.l2jmobius.commons.util.IXmlReader	Folder C:\Users\Usuario\Desktop\Server Interlude KameKase\game\data\buylists\custom doesn't exist!
2025.04.13 18:27:57,408	INFO	1	org.l2jmobius.gameserver.data.xml.BuyListData	BuyListData: Loaded 616 buyLists.
2025.04.13 18:27:57,553	WARNING	1	org.l2jmobius.commons.util.IXmlReader	Buy price 3000000 is less than sell price 3065000 at entry 6 of multisell 51004.
2025.04.13 18:27:57,554	WARNING	1	org.l2jmobius.commons.util.IXmlReader	Buy price 3000000 is less than sell price 3065000 at entry 7 of multisell 51004.
2025.04.13 18:27:57,554	WARNING	1	org.l2jmobius.commons.util.IXmlReader	Buy price 3000000 is less than sell price 3065000 at entry 8 of multisell 51004.
2025.04.13 18:27:57,554	WARNING	1	org.l2jmobius.commons.util.IXmlReader	Buy price 3000000 is less than sell price 3065000 at entry 12 of multisell 51004.
2025.04.13 18:27:57,554	WARNING	1	org.l2jmobius.commons.util.IXmlReader	Buy price 3000000 is less than sell price 3065000 at entry 13 of multisell 51004.
2025.04.13 18:27:57,554	WARNING	1	org.l2jmobius.commons.util.IXmlReader	Buy price 3000000 is less than sell price 3065000 at entry 14 of multisell 51004.
2025.04.13 18:27:57,554	WARNING	1	org.l2jmobius.commons.util.IXmlReader	Buy price 3000000 is less than sell price 3065000 at entry 15 of multisell 51004.
2025.04.13 18:27:57,554	WARNING	1	org.l2jmobius.commons.util.IXmlReader	Buy price 3000000 is less than sell price 3065000 at entry 16 of multisell 51004.
2025.04.13 18:27:57,554	WARNING	1	org.l2jmobius.commons.util.IXmlReader	Buy price 3000000 is less than sell price 3065000 at entry 17 of multisell 51004.
2025.04.13 18:27:57,554	WARNING	1	org.l2jmobius.commons.util.IXmlReader	Buy price 3000000 is less than sell price 3065000 at entry 21 of multisell 51004.
2025.04.13 18:27:57,554	WARNING	1	org.l2jmobius.commons.util.IXmlReader	Buy price 3000000 is less than sell price 3065000 at entry 22 of multisell 51004.
2025.04.13 18:27:57,554	WARNING	1	org.l2jmobius.commons.util.IXmlReader	Buy price 3000000 is less than sell price 3065000 at entry 23 of multisell 51004.
2025.04.13 18:27:57,555	WARNING	1	org.l2jmobius.commons.util.IXmlReader	Buy price 3000000 is less than sell price 3065000 at entry 25 of multisell 51004.
2025.04.13 18:27:57,555	WARNING	1	org.l2jmobius.commons.util.IXmlReader	Buy price 3000000 is less than sell price 3065000 at entry 26 of multisell 51004.
2025.04.13 18:27:57,555	WARNING	1	org.l2jmobius.commons.util.IXmlReader	Buy price 3000000 is less than sell price 3065000 at entry 27 of multisell 51004.
2025.04.13 18:27:57,555	WARNING	1	org.l2jmobius.commons.util.IXmlReader	Buy price 3000000 is less than sell price 3065000 at entry 28 of multisell 51004.
2025.04.13 18:27:57,555	WARNING	1	org.l2jmobius.commons.util.IXmlReader	Buy price 3000000 is less than sell price 3065000 at entry 32 of multisell 51004.
2025.04.13 18:27:57,555	WARNING	1	org.l2jmobius.commons.util.IXmlReader	Buy price 3000000 is less than sell price 3065000 at entry 33 of multisell 51004.
2025.04.13 18:27:57,555	WARNING	1	org.l2jmobius.commons.util.IXmlReader	Buy price 3000000 is less than sell price 3065000 at entry 34 of multisell 51004.
2025.04.13 18:27:57,555	WARNING	1	org.l2jmobius.commons.util.IXmlReader	Buy price 3000000 is less than sell price 3065000 at entry 38 of multisell 51004.
2025.04.13 18:27:57,555	WARNING	1	org.l2jmobius.commons.util.IXmlReader	Buy price 3000000 is less than sell price 3065000 at entry 39 of multisell 51004.
2025.04.13 18:27:57,555	WARNING	1	org.l2jmobius.commons.util.IXmlReader	Buy price 3000000 is less than sell price 3065000 at entry 40 of multisell 51004.
2025.04.13 18:27:57,555	WARNING	1	org.l2jmobius.commons.util.IXmlReader	Buy price 3000000 is less than sell price 3063775 at entry 41 of multisell 51004.
2025.04.13 18:27:57,555	WARNING	1	org.l2jmobius.commons.util.IXmlReader	Buy price 3000000 is less than sell price 3063775 at entry 42 of multisell 51004.
2025.04.13 18:27:57,555	WARNING	1	org.l2jmobius.commons.util.IXmlReader	Buy price 3000000 is less than sell price 3065000 at entry 46 of multisell 51004.
2025.04.13 18:27:57,555	WARNING	1	org.l2jmobius.commons.util.IXmlReader	Buy price 3000000 is less than sell price 3065000 at entry 47 of multisell 51004.
2025.04.13 18:27:57,555	WARNING	1	org.l2jmobius.commons.util.IXmlReader	Buy price 3000000 is less than sell price 3065000 at entry 48 of multisell 51004.
2025.04.13 18:27:57,555	WARNING	1	org.l2jmobius.commons.util.IXmlReader	Buy price 3000000 is less than sell price 3063775 at entry 49 of multisell 51004.
2025.04.13 18:27:57,555	WARNING	1	org.l2jmobius.commons.util.IXmlReader	Buy price 3000000 is less than sell price 3063775 at entry 50 of multisell 51004.
2025.04.13 18:27:57,555	WARNING	1	org.l2jmobius.commons.util.IXmlReader	Buy price 3000000 is less than sell price 3063775 at entry 51 of multisell 51004.
2025.04.13 18:27:57,555	WARNING	1	org.l2jmobius.commons.util.IXmlReader	Buy price 3000000 is less than sell price 3065000 at entry 52 of multisell 51004.
2025.04.13 18:27:57,557	WARNING	1	org.l2jmobius.commons.util.IXmlReader	Buy price 3000000 is less than sell price 3065000 at entry 53 of multisell 51004.
2025.04.13 18:27:57,557	WARNING	1	org.l2jmobius.commons.util.IXmlReader	Buy price 3000000 is less than sell price 3065000 at entry 54 of multisell 51004.
2025.04.13 18:27:57,564	WARNING	1	org.l2jmobius.commons.util.IXmlReader	Buy price 5000000 is less than sell price 8700000 at entry 5 of multisell 52000.
2025.04.13 18:27:57,570	WARNING	1	org.l2jmobius.commons.util.IXmlReader	Buy price 400000 is less than sell price 500000 at entry 8 of multisell 52005.
2025.04.13 18:27:57,570	WARNING	1	org.l2jmobius.commons.util.IXmlReader	Buy price 500000 is less than sell price 600000 at entry 9 of multisell 52005.
2025.04.13 18:27:57,570	WARNING	1	org.l2jmobius.commons.util.IXmlReader	Buy price 200000 is less than sell price 220000 at entry 11 of multisell 52005.
2025.04.13 18:27:57,570	WARNING	1	org.l2jmobius.commons.util.IXmlReader	Buy price 300000 is less than sell price 450000 at entry 12 of multisell 52005.
2025.04.13 18:27:57,570	WARNING	1	org.l2jmobius.commons.util.IXmlReader	Buy price 800000 is less than sell price 1220000 at entry 13 of multisell 52005.
2025.04.13 18:27:57,571	WARNING	1	org.l2jmobius.commons.util.IXmlReader	Buy price 500000 is less than sell price 1450000 at entry 14 of multisell 52005.
2025.04.13 18:27:57,571	WARNING	1	org.l2jmobius.commons.util.IXmlReader	Buy price 1000000 is less than sell price 1750000 at entry 15 of multisell 52005.
2025.04.13 18:27:57,595	WARNING	1	org.l2jmobius.commons.util.IXmlReader	MultisellData: can't find product with itemId: 486 in list: 52009
2025.04.13 18:27:57,595	WARNING	1	org.l2jmobius.commons.util.IXmlReader	MultisellData: can't find ingredient with itemId: 486 in list: 52009
2025.04.13 18:27:57,595	WARNING	1	org.l2jmobius.commons.util.IXmlReader	MultisellData: can't find product with itemId: 489 in list: 52009
2025.04.13 18:27:57,595	WARNING	1	org.l2jmobius.commons.util.IXmlReader	MultisellData: can't find ingredient with itemId: 489 in list: 52009
2025.04.13 18:27:57,603	INFO	1	org.l2jmobius.commons.util.IXmlReader	MultisellData: Loaded 113 multisell lists.
2025.04.13 18:27:57,635	INFO	1	org.l2jmobius.commons.util.IXmlReader	RecipeData: Loaded 871 recipes.
2025.04.13 18:27:57,649	INFO	1	org.l2jmobius.commons.util.IXmlReader	ArmorSetData: Loaded 51 armor sets.
2025.04.13 18:27:57,659	INFO	1	org.l2jmobius.commons.util.IXmlReader	FishData: Loaded 278 fishes.
2025.04.13 18:27:57,662	INFO	1	org.l2jmobius.commons.util.IXmlReader	FishingMonstersData: Loaded 8 fishing monsters.
2025.04.13 18:27:57,664	INFO	1	org.l2jmobius.commons.util.IXmlReader	FishingRodsData: Loaded 6 fishing rods.
2025.04.13 18:27:57,685	INFO	1	org.l2jmobius.commons.util.IXmlReader	HennaData: Loaded 180 henna data.
2025.04.13 18:27:57,687	INFO	1	org.l2jmobius.gameserver.GameServer	----------------------------------------------=[ Characters ]
2025.04.13 18:27:57,690	INFO	1	org.l2jmobius.commons.util.IXmlReader	ClassListData: Loaded 89 class data.
2025.04.13 18:27:57,700	INFO	1	org.l2jmobius.commons.util.IXmlReader	InitialEquipmentData: Loaded 9 initial equipment data.
2025.04.13 18:27:57,703	INFO	1	org.l2jmobius.commons.util.IXmlReader	InitialShortcutData: Loaded 5 initial global shortcut data.
2025.04.13 18:27:57,704	INFO	1	org.l2jmobius.commons.util.IXmlReader	InitialShortcutData: Loaded 4 initial shortcut data.
2025.04.13 18:27:57,704	INFO	1	org.l2jmobius.commons.util.IXmlReader	InitialShortcutData: Loaded 0 macro presets.
2025.04.13 18:27:57,707	INFO	1	org.l2jmobius.gameserver.data.xml.ExperienceData	ExperienceData: Loaded 81 levels.
2025.04.13 18:27:57,707	INFO	1	org.l2jmobius.gameserver.data.xml.ExperienceData	ExperienceData: Max Player Level is 80.
2025.04.13 18:27:57,707	INFO	1	org.l2jmobius.gameserver.data.xml.ExperienceData	ExperienceData: Max Pet Level is 80.
2025.04.13 18:27:57,711	INFO	1	org.l2jmobius.commons.util.IXmlReader	KarmaData: Loaded 80 karma modifiers.
2025.04.13 18:27:57,713	INFO	1	org.l2jmobius.commons.util.IXmlReader	HitConditionBonusData: Loaded hit condition bonuses.
2025.04.13 18:27:57,935	INFO	1	org.l2jmobius.gameserver.data.xml.PlayerTemplateData	PlayerTemplateData: Loaded 89 character templates.
2025.04.13 18:27:57,935	INFO	1	org.l2jmobius.gameserver.data.xml.PlayerTemplateData	PlayerTemplateData: Loaded 42720 level up gain records.
2025.04.13 18:27:57,938	INFO	1	org.l2jmobius.gameserver.data.sql.CharInfoTable	CharInfoTable: Loaded 33 char names.
2025.04.13 18:27:57,941	INFO	1	org.l2jmobius.commons.util.IXmlReader	AdminData: Loaded 10 access levels.
2025.04.13 18:27:57,945	INFO	1	org.l2jmobius.commons.util.IXmlReader	AdminData: Loaded 425 access commands.
2025.04.13 18:27:57,948	INFO	1	org.l2jmobius.gameserver.instancemanager.RaidBossPointsManager	RaidBossPointsManager: Loaded 0 Characters Raid Points.
2025.04.13 18:27:58,020	INFO	1	org.l2jmobius.commons.util.IXmlReader	PetDataTable: Loaded 12 pets.
2025.04.13 18:27:58,024	INFO	1	org.l2jmobius.gameserver.GameServer	---------------------------------------------------=[ Clans ]
2025.04.13 18:27:58,036	INFO	1	org.l2jmobius.gameserver.communitybbs.Manager.ForumsBBSManager	ForumsBBSManager: Loaded 4 forums. Last forum id used: 4
2025.04.13 18:27:58,036	INFO	1	org.l2jmobius.gameserver.data.sql.ClanTable	ClanTable: Restored 0 clans from the database.
2025.04.13 18:27:58,044	INFO	1	org.l2jmobius.gameserver.instancemanager.CHSiegeManager	CHSiegeManager: Loaded 6 conquerable clan halls.
2025.04.13 18:27:58,083	INFO	1	org.l2jmobius.gameserver.instancemanager.ClanHallAuctionManager	ClanHallAuctionManager: Loaded 38 auction(s)
2025.04.13 18:27:58,084	INFO	1	org.l2jmobius.gameserver.data.sql.ClanHallTable	ClanHallTable: Loaded 0 clan halls
2025.04.13 18:27:58,084	INFO	1	org.l2jmobius.gameserver.data.sql.ClanHallTable	ClanHallTable: Loaded 38 free clan halls
2025.04.13 18:27:58,084	INFO	1	org.l2jmobius.gameserver.GameServer	-------------------------------------------------=[ Geodata ]
2025.04.13 18:27:59,740	INFO	1	org.l2jmobius.gameserver.geoengine.GeoEngine	GeoEngine: Loaded 158 regions.
2025.04.13 18:27:59,740	INFO	1	org.l2jmobius.gameserver.GameServer	----------------------------------------------------=[ NPCs ]
2025.04.13 18:27:59,765	INFO	1	org.l2jmobius.gameserver.instancemanager.ZoneManager	ZoneManager 12 by 17 Zone Region Grid set up.
2025.04.13 18:28:01,007	INFO	1	org.l2jmobius.commons.util.IXmlReader	NpcData: Loaded 6519 NPCs.
2025.04.13 18:28:01,030	INFO	1	org.l2jmobius.commons.util.IXmlReader	NpcData: Loaded 19 custom NPCs.
2025.04.13 18:28:01,034	INFO	1	org.l2jmobius.commons.util.IXmlReader	SkillLearnData: Loaded 217 skill learn data.
2025.04.13 18:28:01,039	INFO	1	org.l2jmobius.gameserver.instancemanager.GrandBossManager	GrandBossManager: Gigantic Chaos Golem(25512) status is 0.
2025.04.13 18:28:01,041	INFO	1	org.l2jmobius.gameserver.instancemanager.GrandBossManager	GrandBossManager: Queen Ant(29001) status is 0.
2025.04.13 18:28:01,041	INFO	1	org.l2jmobius.gameserver.instancemanager.GrandBossManager	GrandBossManager: Core(29006) status is 0.
2025.04.13 18:28:01,041	INFO	1	org.l2jmobius.gameserver.instancemanager.GrandBossManager	GrandBossManager: Orfen(29014) status is 0.
2025.04.13 18:28:01,041	INFO	1	org.l2jmobius.gameserver.instancemanager.GrandBossManager	GrandBossManager: Baium(29020) status is 0.
2025.04.13 18:28:01,041	INFO	1	org.l2jmobius.gameserver.instancemanager.GrandBossManager	GrandBossManager: Zaken(29022) status is 0.
2025.04.13 18:28:01,041	INFO	1	org.l2jmobius.gameserver.instancemanager.GrandBossManager	GrandBossManager: Valakas(29028) status is 0.
2025.04.13 18:28:01,041	INFO	1	org.l2jmobius.gameserver.instancemanager.GrandBossManager	GrandBossManager: Frintezza(29045) status is 0.
2025.04.13 18:28:01,042	INFO	1	org.l2jmobius.gameserver.instancemanager.GrandBossManager	GrandBossManager: Antharas(29068) status is 0.
2025.04.13 18:28:01,042	INFO	1	org.l2jmobius.gameserver.instancemanager.GrandBossManager	GrandBossManager: Loaded 9 Instances
2025.04.13 18:28:01,153	INFO	1	org.l2jmobius.gameserver.instancemanager.ZoneManager	ZoneManager: Loaded 28 zone classes and 2413 zones.
2025.04.13 18:28:01,156	INFO	1	org.l2jmobius.gameserver.instancemanager.ZoneManager	ZoneManager: Last static id 200011.
2025.04.13 18:28:01,204	INFO	1	org.l2jmobius.commons.util.IXmlReader	DoorData: Loaded 547 doors.
2025.04.13 18:28:01,217	INFO	1	FenceData	FenceData: Loaded 1 fences.
2025.04.13 18:28:01,229	INFO	1	org.l2jmobius.gameserver.data.xml.LevelUpCrystalData	Soul crystal data : Loaded 39
2025.04.13 18:28:01,230	INFO	1	org.l2jmobius.gameserver.data.xml.LevelUpCrystalData	Npc leveling crystal data : Loaded 125
2025.04.13 18:28:01,230	INFO	1	org.l2jmobius.gameserver.data.xml.FakePlayerData	FakePlayerData: Disabled.
2025.04.13 18:28:01,232	INFO	1	org.l2jmobius.gameserver.instancemanager.FakePlayerChatManager	FakePlayerChatManager: Disabled.
2025.04.13 18:28:02,119	INFO	1	org.l2jmobius.gameserver.instancemanager.WalkingManager	WalkingManager: Loaded 14 walking routes.
2025.04.13 18:28:02,125	INFO	1	org.l2jmobius.commons.util.IXmlReader	StaticObjectData: Loaded 29 static object templates.
2025.04.13 18:28:02,140	INFO	1	org.l2jmobius.gameserver.instancemanager.CastleManager	CastleManager: Loaded 9 castles
2025.04.13 18:28:02,147	INFO	1	org.l2jmobius.gameserver.data.SchemeBufferTable	SchemeBufferTable: Loaded 36 players schemes and 38 available buffs.
2025.04.13 18:28:02,147	INFO	1	org.l2jmobius.gameserver.instancemanager.GrandBossManager	GrandBossManager: Initialized 14 Grand Boss Zones
2025.04.13 18:28:02,149	INFO	1	org.l2jmobius.gameserver.GameServer	------------------------------------------------=[ Olympiad ]
2025.04.13 18:28:02,157	INFO	1	org.l2jmobius.gameserver.model.olympiad.Olympiad	Olympiad System: Loading Olympiad System....
2025.04.13 18:28:02,158	INFO	1	org.l2jmobius.gameserver.model.olympiad.Olympiad	Olympiad System: Currently in Olympiad Period
2025.04.13 18:28:02,158	INFO	1	org.l2jmobius.gameserver.model.olympiad.Olympiad	Olympiad System: 25531 minutes until period ends
2025.04.13 18:28:02,158	INFO	1	org.l2jmobius.gameserver.model.olympiad.Olympiad	Olympiad System: Next weekly change is in 2957 minutes
2025.04.13 18:28:02,158	INFO	1	org.l2jmobius.gameserver.model.olympiad.Olympiad	Olympiad System: Loaded 0 Nobles
2025.04.13 18:28:02,163	INFO	1	org.l2jmobius.gameserver.model.olympiad.Olympiad	Olympiad System: Competition Period Starts in 0 days, 0 hours and 0 mins.
2025.04.13 18:28:02,173	INFO	1	org.l2jmobius.gameserver.model.olympiad.Olympiad	Olympiad System: Event starts/started : Sun Apr 13 18:00:02 ART 2025
2025.04.13 18:28:02,177	INFO	1	org.l2jmobius.gameserver.model.olympiad.Hero	Hero System: Loaded 0 Heroes.
2025.04.13 18:28:02,177	INFO	1	org.l2jmobius.gameserver.model.olympiad.Hero	Hero System: Loaded 0 all time Heroes.
2025.04.13 18:28:02,178	INFO	1	org.l2jmobius.gameserver.GameServer	---------------------------------------------=[ Seven Signs ]
2025.04.13 18:28:02,181	INFO	1	org.l2jmobius.gameserver.model.sevensigns.SevenSigns	SevenSigns: Currently in the Seal Validation period!
2025.04.13 18:28:02,181	INFO	1	org.l2jmobius.gameserver.model.sevensigns.SevenSigns	SevenSigns: The Seal of Avarice remains unclaimed.
2025.04.13 18:28:02,181	INFO	1	org.l2jmobius.gameserver.model.sevensigns.SevenSigns	SevenSigns: The Seal of Gnosis remains unclaimed.
2025.04.13 18:28:02,181	INFO	1	org.l2jmobius.gameserver.model.sevensigns.SevenSigns	SevenSigns: The Seal of Strife remains unclaimed.
2025.04.13 18:28:02,181	INFO	1	org.l2jmobius.gameserver.model.sevensigns.SevenSigns	SevenSigns: The competition ended with a tie last week.
2025.04.13 18:28:02,181	INFO	1	org.l2jmobius.gameserver.model.sevensigns.SevenSigns	SevenSigns: Next period change set to Mon Apr 14 18:00:02 ART 2025
2025.04.13 18:28:02,182	INFO	1	org.l2jmobius.gameserver.model.sevensigns.SevenSigns	SevenSigns: Next period begins in 0 days, 23 hours and 31 mins.
2025.04.13 18:28:02,182	INFO	1	org.l2jmobius.gameserver.GameServer	---------------------------------------------------=[ Cache ]
2025.04.13 18:28:02,182	INFO	1	org.l2jmobius.gameserver.cache.HtmCache	Cache[HTML]: Running lazy cache.
2025.04.13 18:28:02,184	INFO	1	org.l2jmobius.gameserver.data.sql.CrestTable	CrestTable: Loaded 0 Crests.
2025.04.13 18:28:02,193	INFO	1	org.l2jmobius.gameserver.data.sql.TeleportLocationTable	TeleportLocationTable: Loaded 704 teleport location templates.
2025.04.13 18:28:02,238	INFO	1	org.l2jmobius.gameserver.data.AugmentationData	AugmentationData: Loaded 22640 augmentations.
2025.04.13 18:28:02,242	INFO	1	org.l2jmobius.gameserver.instancemanager.SellBuffsManager	SellBuffsManager: Loaded 132 allowed buffs.
2025.04.13 18:28:02,242	INFO	1	org.l2jmobius.gameserver.GameServer	-------------------------------------------------=[ Scripts ]
2025.04.13 18:28:02,243	INFO	1	org.l2jmobius.gameserver.GameServer	Loading server scripts...
2025.04.13 18:28:02,382	INFO	52	org.l2jmobius.gameserver.model.olympiad.Olympiad	Olympiad System: Olympiad Game Started
2025.04.13 18:28:04,308	INFO	1	handlers.MasterHandler	Loading Handlers...
2025.04.13 18:28:04,411	INFO	1	handlers.MasterHandler	ActionHandler: Loaded 10 handlers.
2025.04.13 18:28:04,411	INFO	1	handlers.MasterHandler	ActionShiftHandler: Loaded 6 handlers.
2025.04.13 18:28:04,412	INFO	1	handlers.MasterHandler	AdminCommandHandler: Loaded 436 handlers.
2025.04.13 18:28:04,412	INFO	1	handlers.MasterHandler	BypassHandler: Loaded 38 handlers.
2025.04.13 18:28:04,412	INFO	1	handlers.MasterHandler	ChatHandler: Loaded 14 handlers.
2025.04.13 18:28:04,412	INFO	1	handlers.MasterHandler	CommunityBoardHandler: Loaded 27 handlers.
2025.04.13 18:28:04,412	INFO	1	handlers.MasterHandler	ItemHandler: Loaded 25 handlers.
2025.04.13 18:28:04,412	INFO	1	handlers.MasterHandler	PunishmentHandler: Loaded 3 handlers.
2025.04.13 18:28:04,412	INFO	1	handlers.MasterHandler	UserCommandHandler: Loaded 15 handlers.
2025.04.13 18:28:04,412	INFO	1	handlers.MasterHandler	VoicedCommandHandler: Loaded 15 handlers.
2025.04.13 18:28:04,412	INFO	1	handlers.MasterHandler	TargetHandler: Loaded 34 handlers.
2025.04.13 18:28:04,412	INFO	1	handlers.MasterHandler	Handlers Loaded...
2025.04.13 18:28:10,820	INFO	1	org.l2jmobius.commons.util.IXmlReader	NpcBuffersData: Loaded 10 buffers data.
2025.04.13 18:28:10,868	CONFIG	1	conquerablehalls.BanditStronghold.BanditStronghold	Bandit StrongHold siege scheduled for Fri Apr 25 12:00:00 ART 2025.
2025.04.13 18:28:10,871	CONFIG	1	conquerablehalls.DevastatedCastle.DevastatedCastle	Devastated Castle siege scheduled for Fri Apr 25 12:00:00 ART 2025.
2025.04.13 18:28:10,875	CONFIG	1	conquerablehalls.FortressOfResistance.FortressOfResistance	Fortress of Resistance siege scheduled for Fri Apr 25 12:00:00 ART 2025.
2025.04.13 18:28:10,883	CONFIG	1	conquerablehalls.FortressOfTheDead.FortressOfTheDead	Fortress of the Dead siege scheduled for Fri Apr 25 12:00:00 ART 2025.
2025.04.13 18:28:10,888	CONFIG	1	conquerablehalls.RainbowSpringsChateau.RainbowSpringsChateau	Rainbow Springs siege scheduled for Fri Apr 25 12:00:00 ART 2025.
2025.04.13 18:28:10,894	CONFIG	1	conquerablehalls.WildBeastReserve.WildBeastReserve	Beast Farm siege scheduled for Fri Apr 25 12:00:00 ART 2025.
2025.04.13 18:28:10,956	INFO	1	org.l2jmobius.gameserver.model.events.AbstractScript	Event Heavy Medal has passed... Ignored 
2025.04.13 18:28:10,960	INFO	1	org.l2jmobius.gameserver.model.events.AbstractScript	Event L2 Day has passed... Ignored 
2025.04.13 18:28:11,550	INFO	1	org.l2jmobius.gameserver.data.SpawnTable	SpawnTable: Initializing spawns...
2025.04.13 18:28:15,277	INFO	1	org.l2jmobius.gameserver.data.SpawnTable	SpawnTable: 36013 spawns have been initialized!
2025.04.13 18:28:15,281	INFO	1	org.l2jmobius.gameserver.instancemanager.DayNightSpawnManager	DayNightSpawnManager: Removed 0 night creatures
2025.04.13 18:28:15,293	INFO	1	org.l2jmobius.gameserver.instancemanager.DayNightSpawnManager	DayNightSpawnManager: Spawned 232 day creatures
2025.04.13 18:28:15,301	INFO	1	org.l2jmobius.gameserver.instancemanager.FourSepulchersManager	FourSepulchersManager: loaded 20 Mysterious-Box spawns.
2025.04.13 18:28:15,336	INFO	1	org.l2jmobius.gameserver.instancemanager.FourSepulchersManager	FourSepulchersManager: loaded 716 Physical type monsters spawns.
2025.04.13 18:28:15,367	INFO	1	org.l2jmobius.gameserver.instancemanager.FourSepulchersManager	FourSepulchersManager: loaded 716 Magical type monsters spawns.
2025.04.13 18:28:15,376	INFO	1	org.l2jmobius.gameserver.instancemanager.FourSepulchersManager	FourSepulchersManager: loaded 92 Church of duke monsters spawns.
2025.04.13 18:28:15,384	INFO	1	org.l2jmobius.gameserver.instancemanager.FourSepulchersManager	FourSepulchersManager: loaded 68 Emperor's grave NPC spawns.
2025.04.13 18:28:15,384	INFO	1	org.l2jmobius.gameserver.instancemanager.FourSepulchersManager	FourSepulchersManager: spawned Conquerors' Sepulcher Manager
2025.04.13 18:28:15,385	INFO	1	org.l2jmobius.gameserver.instancemanager.FourSepulchersManager	FourSepulchersManager: spawned Emperors' Sepulcher Manager
2025.04.13 18:28:15,385	INFO	1	org.l2jmobius.gameserver.instancemanager.FourSepulchersManager	FourSepulchersManager: spawned Great Sages' Sepulcher Manager
2025.04.13 18:28:15,385	INFO	1	org.l2jmobius.gameserver.instancemanager.FourSepulchersManager	FourSepulchersManager: spawned Judges' Sepulcher Manager
2025.04.13 18:28:15,386	INFO	1	org.l2jmobius.gameserver.instancemanager.FourSepulchersManager	FourSepulchersManager: Beginning in Attack time
2025.04.13 18:28:15,390	INFO	1	org.l2jmobius.gameserver.instancemanager.DimensionalRiftManager	DimensionalRiftManager: Loaded 7 room types with 56 rooms.
2025.04.13 18:28:15,398	INFO	1	org.l2jmobius.gameserver.instancemanager.DimensionalRiftManager	DimensionalRiftManager: Loaded 462 dimensional rift spawns, 0 errors.
2025.04.13 18:28:15,441	INFO	1	org.l2jmobius.gameserver.instancemanager.RaidBossSpawnManager	RaidBossSpawnManager: Loaded 190 Instances
2025.04.13 18:28:15,441	INFO	1	org.l2jmobius.gameserver.instancemanager.RaidBossSpawnManager	RaidBossSpawnManager: Scheduled 0 Instances
2025.04.13 18:28:15,441	INFO	1	org.l2jmobius.gameserver.GameServer	---------------------------------------------------=[ Siege ]
2025.04.13 18:28:15,453	INFO	1	org.l2jmobius.gameserver.data.xml.SiegeScheduleData	SiegeScheduleData: Loaded 9 siege schedulers.
2025.04.13 18:28:15,456	INFO	1	org.l2jmobius.gameserver.model.siege.Siege	Siege of Gludio: Sun Apr 20 16:00:00 ART 2025
2025.04.13 18:28:15,458	INFO	1	org.l2jmobius.gameserver.model.siege.Siege	Siege of Dion: Sun Apr 13 20:00:00 ART 2025
2025.04.13 18:28:15,460	INFO	1	org.l2jmobius.gameserver.model.siege.Siege	Siege of Giran: Sun Apr 20 16:00:00 ART 2025
2025.04.13 18:28:15,461	INFO	1	org.l2jmobius.gameserver.model.siege.Siege	Siege of Oren: Sun Apr 13 20:00:00 ART 2025
2025.04.13 18:28:15,464	INFO	1	org.l2jmobius.gameserver.model.siege.Siege	Siege of Aden: Sun Apr 20 16:00:00 ART 2025
2025.04.13 18:28:15,465	INFO	1	org.l2jmobius.gameserver.model.siege.Siege	Siege of Innadril: Sun Apr 13 20:00:00 ART 2025
2025.04.13 18:28:15,466	INFO	1	org.l2jmobius.gameserver.model.siege.Siege	Siege of Goddard: Sun Apr 20 16:00:00 ART 2025
2025.04.13 18:28:15,467	INFO	1	org.l2jmobius.gameserver.model.siege.Siege	Siege of Rune: Sun Apr 13 20:00:00 ART 2025
2025.04.13 18:28:15,468	INFO	1	org.l2jmobius.gameserver.model.siege.Siege	Siege of Schuttgart: Sun Apr 20 16:00:00 ART 2025
2025.04.13 18:28:15,485	INFO	1	org.l2jmobius.commons.util.IXmlReader	CastleManorManager: Loaded 258 seeds.
2025.04.13 18:28:15,492	INFO	1	org.l2jmobius.commons.util.IXmlReader	CastleManorManager: Manor data loaded.
2025.04.13 18:28:15,500	INFO	1	org.l2jmobius.gameserver.instancemanager.MercTicketManager	MercTicketManager: Loaded 0 Mercenary Tickets
2025.04.13 18:28:15,501	INFO	1	org.l2jmobius.gameserver.instancemanager.QuestManager	QuestManager: Loaded 342 quests.
2025.04.13 18:28:15,501	INFO	1	org.l2jmobius.gameserver.instancemanager.QuestManager	QuestManager: Loaded 121 scripts.
2025.04.13 18:28:15,511	INFO	1	org.l2jmobius.gameserver.instancemanager.games.MonsterRaceManager	MonsterRace: loaded 1017 records, currently on race #1018
2025.04.13 18:28:15,740	INFO	1	org.l2jmobius.gameserver.model.sevensigns.SevenSignsFestival	SevenSignsFestival: Initialization bypassed due to Seal Validation in effect.
2025.04.13 18:28:15,741	INFO	1	org.l2jmobius.gameserver.GameServer	AutoSpawnHandler: Loaded 124 handlers in total.
2025.04.13 18:28:15,753	INFO	1	org.l2jmobius.gameserver.taskmanager.TaskManager	TaskManager: Loaded 10 Tasks.
2025.04.13 18:28:15,757	INFO	1	org.l2jmobius.gameserver.instancemanager.PunishmentManager	PunishmentManager: Loaded 0 active and 0 expired punishments.
2025.04.13 18:28:15,758	INFO	1	org.l2jmobius.gameserver.GameServer	IdManager: Free ObjectID's remaining: 1879007262
2025.04.13 18:28:15,762	INFO	1	org.l2jmobius.gameserver.data.sql.OfflineTraderTable	OfflineTraderTable: Loading offline traders...
2025.04.13 18:28:15,763	INFO	1	org.l2jmobius.gameserver.data.sql.OfflineTraderTable	OfflineTraderTable: Loaded 0 offline traders.
2025.04.13 18:28:15,765	INFO	1	org.l2jmobius.gameserver.instancemanager.ServerRestartManager	Scheduled server restart at Mon Apr 14 06:00:00 ART 2025.
2025.04.13 18:28:17,321	INFO	1	org.l2jmobius.gameserver.GameServer	GameServer: Started, using 1436 of 4096 MB total memory.
2025.04.13 18:28:17,322	INFO	1	org.l2jmobius.gameserver.GameServer	GameServer: Maximum number of connected players is 2000.
2025.04.13 18:28:17,323	INFO	1	org.l2jmobius.gameserver.GameServer	GameServer: Server loaded in 27 seconds.
2025.04.13 18:28:17,350	INFO	138	org.l2jmobius.gameserver.LoginServerThread	LoginServerThread: Connecting to login on 127.0.0.1:9014
2025.04.13 18:28:17,441	INFO	138	org.l2jmobius.gameserver.LoginServerThread	LoginServerThread: Registered on login as Server 2: Sieghardt
2025.04.13 18:28:41,473	INFO	40	org.l2jmobius.gameserver.ui.SystemPanel	New maximum connected count of 2!
2025.04.13 18:28:42,153	SEVERE	217	org.l2jmobius.gameserver.model.item.instance.Item	Item item_id=485 not known, object_id=268476759
2025.04.13 18:28:43,469	INFO	40	org.l2jmobius.gameserver.ui.SystemPanel	New maximum connected count of 3!
2025.04.13 18:28:53,481	INFO	40	org.l2jmobius.gameserver.ui.SystemPanel	New maximum connected count of 4!
2025.04.13 18:36:35,763	INFO	89	org.l2jmobius.gameserver.instancemanager.GlobalVariablesManager	GlobalVariablesManager: Stored 5 variables.
2025.04.13 18:43:15,769	INFO	82	org.l2jmobius.gameserver.taskmanager.tasks.TaskOlympiadSave	Olympiad System: Data updated.
2025.04.13 18:58:15,762	INFO	93	org.l2jmobius.gameserver.taskmanager.tasks.TaskSevenSignsUpdate	SevenSigns: Data updated successfully.
2025.04.13 19:06:35,761	INFO	59	org.l2jmobius.gameserver.instancemanager.GlobalVariablesManager	GlobalVariablesManager: Stored 5 variables.
2025.04.13 19:13:15,754	INFO	66	org.l2jmobius.gameserver.taskmanager.tasks.TaskOlympiadSave	Olympiad System: Data updated.
2025.04.13 19:28:15,765	INFO	72	org.l2jmobius.gameserver.taskmanager.tasks.TaskSevenSignsUpdate	SevenSigns: Data updated successfully.
2025.04.13 19:36:35,767	INFO	88	org.l2jmobius.gameserver.instancemanager.GlobalVariablesManager	GlobalVariablesManager: Stored 5 variables.
2025.04.13 19:43:15,754	INFO	72	org.l2jmobius.gameserver.taskmanager.tasks.TaskOlympiadSave	Olympiad System: Data updated.
2025.04.13 19:58:15,755	INFO	77	org.l2jmobius.gameserver.taskmanager.tasks.TaskSevenSignsUpdate	SevenSigns: Data updated successfully.
2025.04.13 20:00:00,050	INFO	96	org.l2jmobius.gameserver.instancemanager.DayNightSpawnManager	DayNightSpawnManager: Removed 232 day creatures
2025.04.13 20:00:00,074	INFO	96	org.l2jmobius.gameserver.instancemanager.DayNightSpawnManager	DayNightSpawnManager: Spawned 684 night creatures
2025.04.13 20:00:00,988	INFO	70	org.l2jmobius.gameserver.model.siege.Siege	Siege of Dion: Sun Apr 13 20:00:00 ART 2025
2025.04.13 20:00:00,989	INFO	77	org.l2jmobius.gameserver.model.siege.Siege	Siege of Oren: Sun Apr 13 20:00:00 ART 2025
2025.04.13 20:00:00,990	INFO	70	org.l2jmobius.gameserver.model.siege.Siege	Siege of Innadril: Sun Apr 13 20:00:00 ART 2025
2025.04.13 20:00:00,993	INFO	70	org.l2jmobius.gameserver.model.siege.Siege	Siege of Rune: Sun Apr 13 20:00:00 ART 2025
2025.04.13 20:06:35,768	INFO	67	org.l2jmobius.gameserver.instancemanager.GlobalVariablesManager	GlobalVariablesManager: Stored 5 variables.
2025.04.13 20:08:12,774	INFO	94	ai.bosses.Zaken.Zaken	Zaken door id 21240006 opened, game time 00.00.
2025.04.13 20:13:12,783	INFO	94	ai.bosses.Zaken.Zaken	Zaken door id 21240006 closed.
2025.04.13 20:13:15,754	INFO	74	org.l2jmobius.gameserver.taskmanager.tasks.TaskOlympiadSave	Olympiad System: Data updated.
2025.04.13 20:28:15,755	INFO	95	org.l2jmobius.gameserver.taskmanager.tasks.TaskSevenSignsUpdate	SevenSigns: Data updated successfully.
2025.04.13 20:36:35,758	INFO	73	org.l2jmobius.gameserver.instancemanager.GlobalVariablesManager	GlobalVariablesManager: Stored 5 variables.
2025.04.13 20:39:10,468	INFO	40	org.l2jmobius.gameserver.ui.SystemPanel	New maximum connected count of 5!
2025.04.13 20:39:46,480	INFO	40	org.l2jmobius.gameserver.ui.SystemPanel	New maximum connected count of 6!
2025.04.13 20:40:38,469	INFO	40	org.l2jmobius.gameserver.ui.SystemPanel	New maximum connected count of 7!
2025.04.13 20:43:15,753	INFO	90	org.l2jmobius.gameserver.taskmanager.tasks.TaskOlympiadSave	Olympiad System: Data updated.
2025.04.13 20:58:15,756	INFO	72	org.l2jmobius.gameserver.taskmanager.tasks.TaskSevenSignsUpdate	SevenSigns: Data updated successfully.
2025.04.13 21:00:00,079	INFO	109	org.l2jmobius.gameserver.instancemanager.DayNightSpawnManager	DayNightSpawnManager: Removed 684 night creatures
2025.04.13 21:00:00,082	INFO	109	org.l2jmobius.gameserver.instancemanager.DayNightSpawnManager	DayNightSpawnManager: Spawned 232 day creatures
2025.04.13 21:06:35,759	INFO	68	org.l2jmobius.gameserver.instancemanager.GlobalVariablesManager	GlobalVariablesManager: Stored 5 variables.
2025.04.13 21:13:15,754	INFO	66	org.l2jmobius.gameserver.taskmanager.tasks.TaskOlympiadSave	Olympiad System: Data updated.
2025.04.13 21:28:15,756	INFO	74	org.l2jmobius.gameserver.taskmanager.tasks.TaskSevenSignsUpdate	SevenSigns: Data updated successfully.
2025.04.13 21:36:35,759	INFO	62	org.l2jmobius.gameserver.instancemanager.GlobalVariablesManager	GlobalVariablesManager: Stored 5 variables.
2025.04.13 21:43:15,761	INFO	55	org.l2jmobius.gameserver.taskmanager.tasks.TaskOlympiadSave	Olympiad System: Data updated.
2025.04.13 21:58:15,755	INFO	62	org.l2jmobius.gameserver.taskmanager.tasks.TaskSevenSignsUpdate	SevenSigns: Data updated successfully.
2025.04.13 22:06:35,758	INFO	54	org.l2jmobius.gameserver.instancemanager.GlobalVariablesManager	GlobalVariablesManager: Stored 5 variables.
2025.04.13 22:13:15,753	INFO	73	org.l2jmobius.gameserver.taskmanager.tasks.TaskOlympiadSave	Olympiad System: Data updated.
2025.04.13 22:28:15,755	INFO	70	org.l2jmobius.gameserver.taskmanager.tasks.TaskSevenSignsUpdate	SevenSigns: Data updated successfully.
2025.04.13 22:36:35,759	INFO	63	org.l2jmobius.gameserver.instancemanager.GlobalVariablesManager	GlobalVariablesManager: Stored 5 variables.
2025.04.13 22:43:15,766	INFO	60	org.l2jmobius.gameserver.taskmanager.tasks.TaskOlympiadSave	Olympiad System: Data updated.
2025.04.13 22:58:15,761	INFO	56	org.l2jmobius.gameserver.taskmanager.tasks.TaskSevenSignsUpdate	SevenSigns: Data updated successfully.
2025.04.13 23:06:35,770	INFO	91	org.l2jmobius.gameserver.instancemanager.GlobalVariablesManager	GlobalVariablesManager: Stored 5 variables.
2025.04.13 23:13:15,754	INFO	71	org.l2jmobius.gameserver.taskmanager.tasks.TaskOlympiadSave	Olympiad System: Data updated.
2025.04.13 23:28:15,756	INFO	56	org.l2jmobius.gameserver.taskmanager.tasks.TaskSevenSignsUpdate	SevenSigns: Data updated successfully.
2025.04.13 23:36:35,759	INFO	51	org.l2jmobius.gameserver.instancemanager.GlobalVariablesManager	GlobalVariablesManager: Stored 5 variables.
2025.04.13 23:43:15,758	INFO	65	org.l2jmobius.gameserver.taskmanager.tasks.TaskOlympiadSave	Olympiad System: Data updated.
2025.04.13 23:58:15,756	INFO	65	org.l2jmobius.gameserver.taskmanager.tasks.TaskSevenSignsUpdate	SevenSigns: Data updated successfully.
2025.04.14 00:00:00,009	INFO	106	org.l2jmobius.gameserver.instancemanager.DayNightSpawnManager	DayNightSpawnManager: Removed 232 day creatures
2025.04.14 00:00:00,021	INFO	106	org.l2jmobius.gameserver.instancemanager.DayNightSpawnManager	DayNightSpawnManager: Spawned 684 night creatures
2025.04.14 00:00:02,165	INFO	49	org.l2jmobius.gameserver.model.olympiad.Olympiad	Olympiad System: Olympiad Game Ended
2025.04.14 00:00:02,168	INFO	49	org.l2jmobius.gameserver.model.olympiad.Olympiad	Olympiad System: Competition Period Starts in 0 days, 18 hours and 0 mins.
2025.04.14 00:00:02,169	INFO	49	org.l2jmobius.gameserver.model.olympiad.Olympiad	Olympiad System: Event starts/started : Mon Apr 14 18:00:02 ART 2025
2025.04.14 00:06:35,758	INFO	77	org.l2jmobius.gameserver.instancemanager.GlobalVariablesManager	GlobalVariablesManager: Stored 5 variables.
2025.04.14 00:08:12,785	INFO	64	ai.bosses.Zaken.Zaken	Zaken door id 21240006 opened, game time 00.00.
2025.04.14 00:10:00,770	INFO	90	org.l2jmobius.gameserver.taskmanager.tasks.TaskRaidPointsReset	Raid Points Reset Global Task: launched.
2025.04.14 00:13:12,792	INFO	77	ai.bosses.Zaken.Zaken	Zaken door id 21240006 closed.
2025.04.14 00:28:15,764	INFO	61	org.l2jmobius.gameserver.taskmanager.tasks.TaskSevenSignsUpdate	SevenSigns: Data updated successfully.
2025.04.14 00:36:35,769	INFO	76	org.l2jmobius.gameserver.instancemanager.GlobalVariablesManager	GlobalVariablesManager: Stored 5 variables.
2025.04.14 00:58:15,760	INFO	56	org.l2jmobius.gameserver.taskmanager.tasks.TaskSevenSignsUpdate	SevenSigns: Data updated successfully.
2025.04.14 01:00:00,073	INFO	112	org.l2jmobius.gameserver.instancemanager.DayNightSpawnManager	DayNightSpawnManager: Removed 684 night creatures
2025.04.14 01:00:00,076	INFO	112	org.l2jmobius.gameserver.instancemanager.DayNightSpawnManager	DayNightSpawnManager: Spawned 232 day creatures
2025.04.14 01:06:35,761	INFO	79	org.l2jmobius.gameserver.instancemanager.GlobalVariablesManager	GlobalVariablesManager: Stored 5 variables.
2025.04.14 01:28:15,757	INFO	54	org.l2jmobius.gameserver.taskmanager.tasks.TaskSevenSignsUpdate	SevenSigns: Data updated successfully.
2025.04.14 01:36:35,759	INFO	84	org.l2jmobius.gameserver.instancemanager.GlobalVariablesManager	GlobalVariablesManager: Stored 5 variables.
2025.04.14 01:58:15,760	INFO	82	org.l2jmobius.gameserver.taskmanager.tasks.TaskSevenSignsUpdate	SevenSigns: Data updated successfully.
2025.04.14 02:06:35,763	INFO	77	org.l2jmobius.gameserver.instancemanager.GlobalVariablesManager	GlobalVariablesManager: Stored 5 variables.
2025.04.14 02:28:15,756	INFO	65	org.l2jmobius.gameserver.taskmanager.tasks.TaskSevenSignsUpdate	SevenSigns: Data updated successfully.
2025.04.14 02:36:35,769	INFO	89	org.l2jmobius.gameserver.instancemanager.GlobalVariablesManager	GlobalVariablesManager: Stored 5 variables.
2025.04.14 02:58:15,762	INFO	67	org.l2jmobius.gameserver.taskmanager.tasks.TaskSevenSignsUpdate	SevenSigns: Data updated successfully.
2025.04.14 03:06:35,779	INFO	92	org.l2jmobius.gameserver.instancemanager.GlobalVariablesManager	GlobalVariablesManager: Stored 5 variables.
2025.04.14 03:28:15,761	INFO	91	org.l2jmobius.gameserver.taskmanager.tasks.TaskSevenSignsUpdate	SevenSigns: Data updated successfully.
2025.04.14 03:36:35,767	INFO	68	org.l2jmobius.gameserver.instancemanager.GlobalVariablesManager	GlobalVariablesManager: Stored 5 variables.
2025.04.14 03:58:15,768	INFO	77	org.l2jmobius.gameserver.taskmanager.tasks.TaskSevenSignsUpdate	SevenSigns: Data updated successfully.
2025.04.14 04:00:00,108	INFO	112	org.l2jmobius.gameserver.instancemanager.DayNightSpawnManager	DayNightSpawnManager: Removed 232 day creatures
2025.04.14 04:00:00,117	INFO	112	org.l2jmobius.gameserver.instancemanager.DayNightSpawnManager	DayNightSpawnManager: Spawned 684 night creatures
2025.04.14 04:06:35,766	INFO	68	org.l2jmobius.gameserver.instancemanager.GlobalVariablesManager	GlobalVariablesManager: Stored 5 variables.
2025.04.14 04:08:12,781	INFO	90	ai.bosses.Zaken.Zaken	Zaken door id 21240006 opened, game time 00.00.
2025.04.14 04:13:12,785	INFO	77	ai.bosses.Zaken.Zaken	Zaken door id 21240006 closed.
2025.04.14 04:28:15,766	INFO	92	org.l2jmobius.gameserver.taskmanager.tasks.TaskSevenSignsUpdate	SevenSigns: Data updated successfully.
2025.04.14 04:36:35,763	INFO	82	org.l2jmobius.gameserver.instancemanager.GlobalVariablesManager	GlobalVariablesManager: Stored 5 variables.
2025.04.14 04:58:15,760	INFO	64	org.l2jmobius.gameserver.taskmanager.tasks.TaskSevenSignsUpdate	SevenSigns: Data updated successfully.
2025.04.14 05:00:00,116	INFO	98	org.l2jmobius.gameserver.instancemanager.DayNightSpawnManager	DayNightSpawnManager: Removed 684 night creatures
2025.04.14 05:00:00,119	INFO	98	org.l2jmobius.gameserver.instancemanager.DayNightSpawnManager	DayNightSpawnManager: Spawned 232 day creatures
2025.04.14 05:06:35,772	INFO	69	org.l2jmobius.gameserver.instancemanager.GlobalVariablesManager	GlobalVariablesManager: Stored 5 variables.
2025.04.14 05:28:15,763	INFO	91	org.l2jmobius.gameserver.taskmanager.tasks.TaskSevenSignsUpdate	SevenSigns: Data updated successfully.
2025.04.14 05:36:35,766	INFO	77	org.l2jmobius.gameserver.instancemanager.GlobalVariablesManager	GlobalVariablesManager: Stored 5 variables.
2025.04.14 05:50:00,771	WARNING	53	org.l2jmobius.gameserver.Shutdown	Server scheduled restart issued shutdown command. Restart in 600 seconds!
2025.04.14 05:58:15,767	INFO	68	org.l2jmobius.gameserver.taskmanager.tasks.TaskSevenSignsUpdate	SevenSigns: Data updated successfully.
2025.04.14 06:00:06,833	WARNING	967	org.l2jmobius.gameserver.Shutdown	GM shutdown countdown is over. restarting NOW!
2025.04.14 06:00:06,871	INFO	967	org.l2jmobius.gameserver.Shutdown	All players disconnected and saved(36ms).
2025.04.14 06:00:06,871	INFO	967	org.l2jmobius.gameserver.Shutdown	Game Time Task Manager: Thread interruped(1ms).
2025.04.14 06:00:06,871	INFO	967	org.l2jmobius.commons.threads.ThreadPool	ThreadPool: Shutting down.
2025.04.14 06:00:06,872	INFO	967	org.l2jmobius.gameserver.Shutdown	Thread Pool Manager: Manager has been shut down(0ms).
2025.04.14 06:00:06,872	INFO	967	org.l2jmobius.gameserver.Shutdown	Login Server Thread: Thread interruped(1ms).
2025.04.14 06:00:06,872	INFO	967	org.l2jmobius.gameserver.Shutdown	GM restart received. Restarting NOW!
2025.04.14 06:00:06,872	INFO	967	org.l2jmobius.gameserver.Shutdown	SevenSigns: Seven Signs data saved(0ms).
2025.04.14 06:00:06,873	INFO	967	org.l2jmobius.gameserver.Shutdown	SevenSigns: Seven Signs status saved(0ms).
2025.04.14 06:00:06,888	INFO	967	org.l2jmobius.gameserver.Shutdown	RaidBossSpawnManager: All raidboss info saved(16ms).
2025.04.14 06:00:06,889	INFO	967	org.l2jmobius.gameserver.Shutdown	GrandBossManager: All Grand Boss info saved(1ms).
2025.04.14 06:00:06,890	INFO	967	org.l2jmobius.gameserver.Shutdown	Olympiad System: Data saved(1ms).
2025.04.14 06:00:06,890	INFO	967	org.l2jmobius.gameserver.Shutdown	Hero System: Data saved(0ms).
2025.04.14 06:00:06,891	INFO	967	org.l2jmobius.gameserver.Shutdown	Clan System: Data saved(0ms).
2025.04.14 06:00:06,891	INFO	967	org.l2jmobius.gameserver.Shutdown	Cursed Weapons Manager: Data saved(1ms).
2025.04.14 06:00:06,891	INFO	967	org.l2jmobius.gameserver.Shutdown	Castle Manor Manager: Data saved(0ms).
2025.04.14 06:00:06,891	CONFIG	967	conquerablehalls.FortressOfTheDead.FortressOfTheDead	FortressOfTheDead: Successfully saved attackers to database.
2025.04.14 06:00:06,891	CONFIG	967	conquerablehalls.DevastatedCastle.DevastatedCastle	DevastatedCastle: Successfully saved attackers to database.
2025.04.14 06:00:06,891	CONFIG	967	conquerablehalls.BanditStronghold.BanditStronghold	BanditStronghold: Successfully saved attackers to database.
2025.04.14 06:00:06,892	CONFIG	967	conquerablehalls.FortressOfResistance.FortressOfResistance	FortressOfResistance: Successfully saved attackers to database.
2025.04.14 06:00:06,892	CONFIG	967	conquerablehalls.RainbowSpringsChateau.RainbowSpringsChateau	RainbowSpringsChateau: Successfully saved attackers to database.
2025.04.14 06:00:06,892	CONFIG	967	conquerablehalls.WildBeastReserve.WildBeastReserve	WildBeastReserve: Successfully saved attackers to database.
2025.04.14 06:00:06,892	INFO	967	org.l2jmobius.gameserver.Shutdown	CHSiegeManager: Siegable hall attacker lists saved!
2025.04.14 06:00:06,892	INFO	967	org.l2jmobius.gameserver.Shutdown	Quest Manager: Data saved(1ms).
2025.04.14 06:00:06,898	INFO	967	org.l2jmobius.gameserver.instancemanager.GlobalVariablesManager	GlobalVariablesManager: Stored 5 variables.
2025.04.14 06:00:06,898	INFO	967	org.l2jmobius.gameserver.Shutdown	Global Variables Manager: Variables saved(6ms).
2025.04.14 06:00:06,898	INFO	967	org.l2jmobius.gameserver.Shutdown	Fishing Championship data has been saved.
2025.04.14 06:00:06,943	INFO	967	org.l2jmobius.gameserver.Shutdown	SchemeBufferTable data has been saved.
2025.04.14 06:00:11,956	INFO	967	org.l2jmobius.commons.database.DatabaseFactory	Database: HikariCP pool closed successfully.
2025.04.14 06:00:11,956	INFO	967	org.l2jmobius.gameserver.Shutdown	Database Factory: Database connection has been shut down(2ms).
2025.04.14 06:00:11,956	INFO	967	org.l2jmobius.gameserver.Shutdown	The server has been successfully shut down in 5seconds.
