2025.03.30 17:22:17,019	INFO	1	org.l2jmobius.commons.util.IXmlReader	Network Config: ipconfig.xml doesn't exist using automatic configuration...
2025.03.30 17:22:17,466	INFO	1	org.l2jmobius.commons.util.IXmlReader	Network Config: Adding new subnet: 192.168.100.0/24 address: 192.168.100.5
2025.03.30 17:22:17,467	INFO	1	org.l2jmobius.commons.util.IXmlReader	Network Config: Adding new subnet: 127.0.0.0/8 address: 127.0.0.1
2025.03.30 17:22:17,467	INFO	1	org.l2jmobius.commons.util.IXmlReader	Network Config: Adding new subnet: 0.0.0.0/0 address: 190.124.152.183
2025.03.30 17:22:17,497	INFO	1	org.l2jmobius.Config	Loaded 6 Filter Words.
2025.03.30 17:22:17,522	INFO	1	org.l2jmobius.gameserver.GameServer	------------------------------------------------=[ Database ]
2025.03.30 17:22:17,732	INFO	1	org.l2jmobius.commons.database.DatabaseFactory	Database: HikariCP pool initialized successfully.
2025.03.30 17:22:17,905	INFO	1	org.l2jmobius.commons.database.DatabaseFactory	Database: Initialized with a valid connection.
2025.03.30 17:22:17,913	INFO	1	org.l2jmobius.gameserver.GameServer	----------------------------------------------=[ ThreadPool ]
2025.03.30 17:22:17,916	INFO	1	org.l2jmobius.commons.threads.ThreadPool	ThreadPool: Initialized
2025.03.30 17:22:17,916	INFO	1	org.l2jmobius.commons.threads.ThreadPool	...scheduled pool executor with 12 high priority threads.
2025.03.30 17:22:17,924	INFO	1	org.l2jmobius.commons.threads.ThreadPool	...scheduled pool executor with 48 total threads.
2025.03.30 17:22:17,924	INFO	1	org.l2jmobius.commons.threads.ThreadPool	...instant pool executor with 24 total threads.
2025.03.30 17:22:17,926	INFO	1	org.l2jmobius.gameserver.GameServer	-----------------------------------------------=[ IdManager ]
2025.03.30 17:22:17,933	INFO	1	org.l2jmobius.gameserver.instancemanager.IdManager	Updated characters online status.
2025.03.30 17:22:17,975	INFO	1	org.l2jmobius.gameserver.instancemanager.IdManager	IdManager: Cleaned 0 elements from database in 0 seconds.
2025.03.30 17:22:17,983	INFO	1	org.l2jmobius.gameserver.instancemanager.IdManager	IdManager: Cleaned 0 expired timestamps from database.
2025.03.30 17:22:18,002	INFO	1	org.l2jmobius.gameserver.instancemanager.IdManager	IdManager: 102912 id's available.
2025.03.30 17:22:18,003	INFO	1	org.l2jmobius.gameserver.GameServer	----------------------------------------=[ Scripting Engine ]
2025.03.30 17:22:18,176	INFO	1	org.l2jmobius.gameserver.scripting.ScriptEngineManager	Loaded 380 files to exclude.
2025.03.30 17:22:18,176	INFO	1	org.l2jmobius.gameserver.GameServer	---------------------------------------------------=[ World ]
2025.03.30 17:22:18,180	INFO	1	org.l2jmobius.commons.util.IXmlReader	InstanceManager: Multiverse Instance created.
2025.03.30 17:22:18,181	INFO	1	org.l2jmobius.commons.util.IXmlReader	InstanceManager: Universe Instance created.
2025.03.30 17:22:18,201	INFO	1	org.l2jmobius.commons.util.IXmlReader	InstanceManager: Loaded 2 instance templates.
2025.03.30 17:22:18,334	INFO	1	org.l2jmobius.commons.util.IXmlReader	MapRegionManager: Loaded 42 map regions.
2025.03.30 17:22:18,352	INFO	1	org.l2jmobius.gameserver.instancemanager.GlobalVariablesManager	GlobalVariablesManager: Loaded 5 variables.
2025.03.30 17:22:18,352	INFO	1	org.l2jmobius.gameserver.GameServer	----------------------------------------------------=[ Data ]
2025.03.30 17:22:18,380	INFO	1	org.l2jmobius.gameserver.data.xml.CategoryData	CategoryData: Loaded 160 categories.
2025.03.30 17:22:18,384	INFO	1	org.l2jmobius.gameserver.GameServer	--------------------------------------------------=[ Skills ]
2025.03.30 17:22:19,781	INFO	1	handlers.EffectMasterHandler	EffectMasterHandler: Loaded 143 effect handlers.
2025.03.30 17:22:19,881	INFO	1	org.l2jmobius.gameserver.data.sql.EnchantSkillTreesTable	EnchantSkillTreesTable: Loaded 14520 enchant skills.
2025.03.30 17:22:20,296	INFO	1	org.l2jmobius.commons.util.IXmlReader	SkillTreeData: Loaded 13741 Class Skills for 89 class skill trees.
2025.03.30 17:22:20,296	INFO	1	org.l2jmobius.commons.util.IXmlReader	SkillTreeData: Loaded 117 fishing skills, 8 Dwarven only fishing skills.
2025.03.30 17:22:20,299	INFO	1	org.l2jmobius.commons.util.IXmlReader	SkillTreeData: Loaded 64 clan skills, 64 for clan and 0 residential.
2025.03.30 17:22:20,299	INFO	1	org.l2jmobius.commons.util.IXmlReader	SkillTreeData: Loaded 8 noble skills.
2025.03.30 17:22:20,299	INFO	1	org.l2jmobius.commons.util.IXmlReader	SkillTreeData: Loaded 5 hero skills.
2025.03.30 17:22:20,299	INFO	1	org.l2jmobius.commons.util.IXmlReader	SkillTreeData: Loaded 25 game master skills.
2025.03.30 17:22:20,299	INFO	1	org.l2jmobius.commons.util.IXmlReader	SkillTreeData: Loaded 1 game master aura skills.
2025.03.30 17:22:22,108	INFO	1	org.l2jmobius.gameserver.data.xml.SkillData	SkillData: Loaded 29864 Skill templates from XML files.
2025.03.30 17:22:22,142	INFO	1	org.l2jmobius.gameserver.data.xml.PetSkillData	PetSkillData: Loaded 795 skills.
2025.03.30 17:22:22,142	INFO	1	org.l2jmobius.gameserver.GameServer	---------------------------------------------------=[ Items ]
2025.03.30 17:22:22,194	WARNING	1	org.l2jmobius.gameserver.util.DocumentItem	Cannot create item 485
2025.03.30 17:22:22,198	WARNING	1	org.l2jmobius.gameserver.util.DocumentItem	Cannot create item 486
2025.03.30 17:22:22,199	WARNING	1	org.l2jmobius.gameserver.util.DocumentItem	Cannot create item 488
2025.03.30 17:22:22,200	WARNING	1	org.l2jmobius.gameserver.util.DocumentItem	Cannot create item 489
2025.03.30 17:22:22,443	INFO	1	org.l2jmobius.gameserver.data.xml.ItemData	ItemData: Highest item id used: 13534
2025.03.30 17:22:22,445	INFO	1	org.l2jmobius.gameserver.data.xml.ItemData	ItemData: Loaded 6881 etc items.
2025.03.30 17:22:22,445	INFO	1	org.l2jmobius.gameserver.data.xml.ItemData	ItemData: Loaded 1102 armor items.
2025.03.30 17:22:22,445	INFO	1	org.l2jmobius.gameserver.data.xml.ItemData	ItemData: Loaded 1223 weapon items.
2025.03.30 17:22:22,445	INFO	1	org.l2jmobius.gameserver.data.xml.ItemData	ItemData: Loaded 9206 items in total.
2025.03.30 17:22:22,451	INFO	1	org.l2jmobius.commons.util.IXmlReader	EnchantItemGroupsData: Loaded 4 item group templates.
2025.03.30 17:22:22,451	INFO	1	org.l2jmobius.commons.util.IXmlReader	EnchantItemGroupsData: Loaded 1 scroll group templates.
2025.03.30 17:22:22,451	INFO	1	org.l2jmobius.commons.util.IXmlReader	EnchantItemGroupsData: Max weapon enchant is set to 16.
2025.03.30 17:22:22,451	INFO	1	org.l2jmobius.commons.util.IXmlReader	EnchantItemGroupsData: Max armor enchant is set to 16.
2025.03.30 17:22:22,451	INFO	1	org.l2jmobius.commons.util.IXmlReader	EnchantItemGroupsData: Max accessory enchant is set to 16.
2025.03.30 17:22:22,458	INFO	1	org.l2jmobius.commons.util.IXmlReader	EnchantItemData: Loaded 30 enchant scrolls.
2025.03.30 17:22:22,461	INFO	1	org.l2jmobius.commons.util.IXmlReader	EnchantItemOptionsData: Loaded 0 items and 0 options.
2025.03.30 17:22:22,947	INFO	1	org.l2jmobius.gameserver.data.xml.OptionData	OptionData: Loaded 16380 options.
2025.03.30 17:22:22,956	INFO	1	org.l2jmobius.commons.util.IXmlReader	EnchantItemHPBonusData: Loaded 6 enchant HP bonuses.
2025.03.30 17:22:22,959	INFO	1	org.l2jmobius.gameserver.data.MerchantPriceConfigTable	MerchantPriceConfigTable: Loaded 28 merchant price configs.
2025.03.30 17:22:23,559	WARNING	1	org.l2jmobius.commons.util.IXmlReader	Folder C:\Users\Usuario\Desktop\Server Interlude KameKase\game\data\buylists\custom doesn't exist!
2025.03.30 17:22:23,559	INFO	1	org.l2jmobius.gameserver.data.xml.BuyListData	BuyListData: Loaded 616 buyLists.
2025.03.30 17:22:23,724	WARNING	1	org.l2jmobius.commons.util.IXmlReader	Buy price 3000000 is less than sell price 3065000 at entry 6 of multisell 51004.
2025.03.30 17:22:23,725	WARNING	1	org.l2jmobius.commons.util.IXmlReader	Buy price 3000000 is less than sell price 3065000 at entry 7 of multisell 51004.
2025.03.30 17:22:23,725	WARNING	1	org.l2jmobius.commons.util.IXmlReader	Buy price 3000000 is less than sell price 3065000 at entry 8 of multisell 51004.
2025.03.30 17:22:23,725	WARNING	1	org.l2jmobius.commons.util.IXmlReader	Buy price 3000000 is less than sell price 3065000 at entry 12 of multisell 51004.
2025.03.30 17:22:23,725	WARNING	1	org.l2jmobius.commons.util.IXmlReader	Buy price 3000000 is less than sell price 3065000 at entry 13 of multisell 51004.
2025.03.30 17:22:23,725	WARNING	1	org.l2jmobius.commons.util.IXmlReader	Buy price 3000000 is less than sell price 3065000 at entry 14 of multisell 51004.
2025.03.30 17:22:23,725	WARNING	1	org.l2jmobius.commons.util.IXmlReader	Buy price 3000000 is less than sell price 3065000 at entry 15 of multisell 51004.
2025.03.30 17:22:23,725	WARNING	1	org.l2jmobius.commons.util.IXmlReader	Buy price 3000000 is less than sell price 3065000 at entry 16 of multisell 51004.
2025.03.30 17:22:23,725	WARNING	1	org.l2jmobius.commons.util.IXmlReader	Buy price 3000000 is less than sell price 3065000 at entry 17 of multisell 51004.
2025.03.30 17:22:23,725	WARNING	1	org.l2jmobius.commons.util.IXmlReader	Buy price 3000000 is less than sell price 3065000 at entry 21 of multisell 51004.
2025.03.30 17:22:23,725	WARNING	1	org.l2jmobius.commons.util.IXmlReader	Buy price 3000000 is less than sell price 3065000 at entry 22 of multisell 51004.
2025.03.30 17:22:23,725	WARNING	1	org.l2jmobius.commons.util.IXmlReader	Buy price 3000000 is less than sell price 3065000 at entry 23 of multisell 51004.
2025.03.30 17:22:23,725	WARNING	1	org.l2jmobius.commons.util.IXmlReader	Buy price 3000000 is less than sell price 3065000 at entry 25 of multisell 51004.
2025.03.30 17:22:23,725	WARNING	1	org.l2jmobius.commons.util.IXmlReader	Buy price 3000000 is less than sell price 3065000 at entry 26 of multisell 51004.
2025.03.30 17:22:23,725	WARNING	1	org.l2jmobius.commons.util.IXmlReader	Buy price 3000000 is less than sell price 3065000 at entry 27 of multisell 51004.
2025.03.30 17:22:23,726	WARNING	1	org.l2jmobius.commons.util.IXmlReader	Buy price 3000000 is less than sell price 3065000 at entry 28 of multisell 51004.
2025.03.30 17:22:23,726	WARNING	1	org.l2jmobius.commons.util.IXmlReader	Buy price 3000000 is less than sell price 3065000 at entry 32 of multisell 51004.
2025.03.30 17:22:23,726	WARNING	1	org.l2jmobius.commons.util.IXmlReader	Buy price 3000000 is less than sell price 3065000 at entry 33 of multisell 51004.
2025.03.30 17:22:23,726	WARNING	1	org.l2jmobius.commons.util.IXmlReader	Buy price 3000000 is less than sell price 3065000 at entry 34 of multisell 51004.
2025.03.30 17:22:23,726	WARNING	1	org.l2jmobius.commons.util.IXmlReader	Buy price 3000000 is less than sell price 3065000 at entry 38 of multisell 51004.
2025.03.30 17:22:23,726	WARNING	1	org.l2jmobius.commons.util.IXmlReader	Buy price 3000000 is less than sell price 3065000 at entry 39 of multisell 51004.
2025.03.30 17:22:23,726	WARNING	1	org.l2jmobius.commons.util.IXmlReader	Buy price 3000000 is less than sell price 3065000 at entry 40 of multisell 51004.
2025.03.30 17:22:23,726	WARNING	1	org.l2jmobius.commons.util.IXmlReader	Buy price 3000000 is less than sell price 3063775 at entry 41 of multisell 51004.
2025.03.30 17:22:23,726	WARNING	1	org.l2jmobius.commons.util.IXmlReader	Buy price 3000000 is less than sell price 3063775 at entry 42 of multisell 51004.
2025.03.30 17:22:23,726	WARNING	1	org.l2jmobius.commons.util.IXmlReader	Buy price 3000000 is less than sell price 3065000 at entry 46 of multisell 51004.
2025.03.30 17:22:23,726	WARNING	1	org.l2jmobius.commons.util.IXmlReader	Buy price 3000000 is less than sell price 3065000 at entry 47 of multisell 51004.
2025.03.30 17:22:23,726	WARNING	1	org.l2jmobius.commons.util.IXmlReader	Buy price 3000000 is less than sell price 3065000 at entry 48 of multisell 51004.
2025.03.30 17:22:23,727	WARNING	1	org.l2jmobius.commons.util.IXmlReader	Buy price 3000000 is less than sell price 3063775 at entry 49 of multisell 51004.
2025.03.30 17:22:23,727	WARNING	1	org.l2jmobius.commons.util.IXmlReader	Buy price 3000000 is less than sell price 3063775 at entry 50 of multisell 51004.
2025.03.30 17:22:23,727	WARNING	1	org.l2jmobius.commons.util.IXmlReader	Buy price 3000000 is less than sell price 3063775 at entry 51 of multisell 51004.
2025.03.30 17:22:23,727	WARNING	1	org.l2jmobius.commons.util.IXmlReader	Buy price 3000000 is less than sell price 3065000 at entry 52 of multisell 51004.
2025.03.30 17:22:23,727	WARNING	1	org.l2jmobius.commons.util.IXmlReader	Buy price 3000000 is less than sell price 3065000 at entry 53 of multisell 51004.
2025.03.30 17:22:23,727	WARNING	1	org.l2jmobius.commons.util.IXmlReader	Buy price 3000000 is less than sell price 3065000 at entry 54 of multisell 51004.
2025.03.30 17:22:23,733	WARNING	1	org.l2jmobius.commons.util.IXmlReader	Buy price 5000000 is less than sell price 8700000 at entry 5 of multisell 52000.
2025.03.30 17:22:23,738	WARNING	1	org.l2jmobius.commons.util.IXmlReader	Buy price 400000 is less than sell price 500000 at entry 8 of multisell 52005.
2025.03.30 17:22:23,739	WARNING	1	org.l2jmobius.commons.util.IXmlReader	Buy price 500000 is less than sell price 600000 at entry 9 of multisell 52005.
2025.03.30 17:22:23,739	WARNING	1	org.l2jmobius.commons.util.IXmlReader	Buy price 200000 is less than sell price 220000 at entry 11 of multisell 52005.
2025.03.30 17:22:23,739	WARNING	1	org.l2jmobius.commons.util.IXmlReader	Buy price 300000 is less than sell price 450000 at entry 12 of multisell 52005.
2025.03.30 17:22:23,739	WARNING	1	org.l2jmobius.commons.util.IXmlReader	Buy price 800000 is less than sell price 1220000 at entry 13 of multisell 52005.
2025.03.30 17:22:23,739	WARNING	1	org.l2jmobius.commons.util.IXmlReader	Buy price 500000 is less than sell price 1450000 at entry 14 of multisell 52005.
2025.03.30 17:22:23,739	WARNING	1	org.l2jmobius.commons.util.IXmlReader	Buy price 1000000 is less than sell price 1750000 at entry 15 of multisell 52005.
2025.03.30 17:22:23,745	WARNING	1	org.l2jmobius.commons.util.IXmlReader	Buy price 128 is less than sell price 12500 at entry 5 of multisell 52009.
2025.03.30 17:22:23,746	SEVERE	1	org.l2jmobius.commons.util.IXmlReader	MultisellData: Error in file C:\Users\Usuario\Desktop\Server Interlude KameKase\game\data\multisell\52009.xml
2025.03.30 17:22:23,776	INFO	1	org.l2jmobius.commons.util.IXmlReader	MultisellData: Loaded 112 multisell lists.
2025.03.30 17:22:23,809	INFO	1	org.l2jmobius.commons.util.IXmlReader	RecipeData: Loaded 871 recipes.
2025.03.30 17:22:23,822	INFO	1	org.l2jmobius.commons.util.IXmlReader	ArmorSetData: Loaded 51 armor sets.
2025.03.30 17:22:23,837	INFO	1	org.l2jmobius.commons.util.IXmlReader	FishData: Loaded 278 fishes.
2025.03.30 17:22:23,841	INFO	1	org.l2jmobius.commons.util.IXmlReader	FishingMonstersData: Loaded 8 fishing monsters.
2025.03.30 17:22:23,843	INFO	1	org.l2jmobius.commons.util.IXmlReader	FishingRodsData: Loaded 6 fishing rods.
2025.03.30 17:22:23,869	INFO	1	org.l2jmobius.commons.util.IXmlReader	HennaData: Loaded 180 henna data.
2025.03.30 17:22:23,870	INFO	1	org.l2jmobius.gameserver.GameServer	----------------------------------------------=[ Characters ]
2025.03.30 17:22:23,874	INFO	1	org.l2jmobius.commons.util.IXmlReader	ClassListData: Loaded 89 class data.
2025.03.30 17:22:23,879	INFO	1	org.l2jmobius.commons.util.IXmlReader	InitialEquipmentData: Loaded 9 initial equipment data.
2025.03.30 17:22:23,883	INFO	1	org.l2jmobius.commons.util.IXmlReader	InitialShortcutData: Loaded 5 initial global shortcut data.
2025.03.30 17:22:23,883	INFO	1	org.l2jmobius.commons.util.IXmlReader	InitialShortcutData: Loaded 4 initial shortcut data.
2025.03.30 17:22:23,883	INFO	1	org.l2jmobius.commons.util.IXmlReader	InitialShortcutData: Loaded 0 macro presets.
2025.03.30 17:22:23,886	INFO	1	org.l2jmobius.gameserver.data.xml.ExperienceData	ExperienceData: Loaded 81 levels.
2025.03.30 17:22:23,886	INFO	1	org.l2jmobius.gameserver.data.xml.ExperienceData	ExperienceData: Max Player Level is 80.
2025.03.30 17:22:23,886	INFO	1	org.l2jmobius.gameserver.data.xml.ExperienceData	ExperienceData: Max Pet Level is 80.
2025.03.30 17:22:23,893	INFO	1	org.l2jmobius.commons.util.IXmlReader	KarmaData: Loaded 80 karma modifiers.
2025.03.30 17:22:23,895	INFO	1	org.l2jmobius.commons.util.IXmlReader	HitConditionBonusData: Loaded hit condition bonuses.
2025.03.30 17:22:24,114	INFO	1	org.l2jmobius.gameserver.data.xml.PlayerTemplateData	PlayerTemplateData: Loaded 89 character templates.
2025.03.30 17:22:24,114	INFO	1	org.l2jmobius.gameserver.data.xml.PlayerTemplateData	PlayerTemplateData: Loaded 42720 level up gain records.
2025.03.30 17:22:24,117	INFO	1	org.l2jmobius.gameserver.data.sql.CharInfoTable	CharInfoTable: Loaded 23 char names.
2025.03.30 17:22:24,121	INFO	1	org.l2jmobius.commons.util.IXmlReader	AdminData: Loaded 10 access levels.
2025.03.30 17:22:24,125	INFO	1	org.l2jmobius.commons.util.IXmlReader	AdminData: Loaded 425 access commands.
2025.03.30 17:22:24,126	INFO	1	org.l2jmobius.gameserver.instancemanager.RaidBossPointsManager	RaidBossPointsManager: Loaded 0 Characters Raid Points.
2025.03.30 17:22:24,205	INFO	1	org.l2jmobius.commons.util.IXmlReader	PetDataTable: Loaded 12 pets.
2025.03.30 17:22:24,209	INFO	1	org.l2jmobius.gameserver.GameServer	---------------------------------------------------=[ Clans ]
2025.03.30 17:22:24,218	INFO	1	org.l2jmobius.gameserver.communitybbs.Manager.ForumsBBSManager	ForumsBBSManager: Loaded 4 forums. Last forum id used: 4
2025.03.30 17:22:24,219	INFO	1	org.l2jmobius.gameserver.data.sql.ClanTable	ClanTable: Restored 0 clans from the database.
2025.03.30 17:22:24,226	INFO	1	org.l2jmobius.gameserver.instancemanager.CHSiegeManager	CHSiegeManager: Loaded 6 conquerable clan halls.
2025.03.30 17:22:24,266	INFO	1	org.l2jmobius.gameserver.instancemanager.ClanHallAuctionManager	ClanHallAuctionManager: Loaded 38 auction(s)
2025.03.30 17:22:24,268	INFO	1	org.l2jmobius.gameserver.data.sql.ClanHallTable	ClanHallTable: Loaded 0 clan halls
2025.03.30 17:22:24,268	INFO	1	org.l2jmobius.gameserver.data.sql.ClanHallTable	ClanHallTable: Loaded 38 free clan halls
2025.03.30 17:22:24,268	INFO	1	org.l2jmobius.gameserver.GameServer	-------------------------------------------------=[ Geodata ]
2025.03.30 17:22:24,989	INFO	1	org.l2jmobius.gameserver.geoengine.GeoEngine	GeoEngine: Loaded 158 regions.
2025.03.30 17:22:24,990	INFO	1	org.l2jmobius.gameserver.GameServer	----------------------------------------------------=[ NPCs ]
2025.03.30 17:22:25,012	INFO	1	org.l2jmobius.gameserver.instancemanager.ZoneManager	ZoneManager 12 by 17 Zone Region Grid set up.
2025.03.30 17:22:26,169	INFO	1	org.l2jmobius.commons.util.IXmlReader	NpcData: Loaded 6519 NPCs.
2025.03.30 17:22:26,194	INFO	1	org.l2jmobius.commons.util.IXmlReader	NpcData: Loaded 19 custom NPCs.
2025.03.30 17:22:26,199	INFO	1	org.l2jmobius.commons.util.IXmlReader	SkillLearnData: Loaded 217 skill learn data.
2025.03.30 17:22:26,205	INFO	1	org.l2jmobius.gameserver.instancemanager.GrandBossManager	GrandBossManager: Gigantic Chaos Golem(25512) status is 0.
2025.03.30 17:22:26,206	INFO	1	org.l2jmobius.gameserver.instancemanager.GrandBossManager	GrandBossManager: Queen Ant(29001) status is 0.
2025.03.30 17:22:26,207	INFO	1	org.l2jmobius.gameserver.instancemanager.GrandBossManager	GrandBossManager: Core(29006) status is 0.
2025.03.30 17:22:26,207	INFO	1	org.l2jmobius.gameserver.instancemanager.GrandBossManager	GrandBossManager: Orfen(29014) status is 0.
2025.03.30 17:22:26,207	INFO	1	org.l2jmobius.gameserver.instancemanager.GrandBossManager	GrandBossManager: Baium(29020) status is 0.
2025.03.30 17:22:26,207	INFO	1	org.l2jmobius.gameserver.instancemanager.GrandBossManager	GrandBossManager: Zaken(29022) status is 0.
2025.03.30 17:22:26,207	INFO	1	org.l2jmobius.gameserver.instancemanager.GrandBossManager	GrandBossManager: Valakas(29028) status is 0.
2025.03.30 17:22:26,207	INFO	1	org.l2jmobius.gameserver.instancemanager.GrandBossManager	GrandBossManager: Frintezza(29045) status is 0.
2025.03.30 17:22:26,207	INFO	1	org.l2jmobius.gameserver.instancemanager.GrandBossManager	GrandBossManager: Antharas(29068) status is 0.
2025.03.30 17:22:26,208	INFO	1	org.l2jmobius.gameserver.instancemanager.GrandBossManager	GrandBossManager: Loaded 9 Instances
2025.03.30 17:22:26,327	INFO	1	org.l2jmobius.gameserver.instancemanager.ZoneManager	ZoneManager: Loaded 28 zone classes and 2413 zones.
2025.03.30 17:22:26,329	INFO	1	org.l2jmobius.gameserver.instancemanager.ZoneManager	ZoneManager: Last static id 200011.
2025.03.30 17:22:26,378	INFO	1	org.l2jmobius.commons.util.IXmlReader	DoorData: Loaded 547 doors.
2025.03.30 17:22:26,391	INFO	1	FenceData	FenceData: Loaded 1 fences.
2025.03.30 17:22:26,403	INFO	1	org.l2jmobius.gameserver.data.xml.LevelUpCrystalData	Soul crystal data : Loaded 39
2025.03.30 17:22:26,403	INFO	1	org.l2jmobius.gameserver.data.xml.LevelUpCrystalData	Npc leveling crystal data : Loaded 125
2025.03.30 17:22:26,404	INFO	1	org.l2jmobius.gameserver.data.xml.FakePlayerData	FakePlayerData: Disabled.
2025.03.30 17:22:26,405	INFO	1	org.l2jmobius.gameserver.instancemanager.FakePlayerChatManager	FakePlayerChatManager: Disabled.
2025.03.30 17:22:27,323	INFO	1	org.l2jmobius.gameserver.instancemanager.WalkingManager	WalkingManager: Loaded 14 walking routes.
2025.03.30 17:22:27,330	INFO	1	org.l2jmobius.commons.util.IXmlReader	StaticObjectData: Loaded 29 static object templates.
2025.03.30 17:22:27,344	INFO	1	org.l2jmobius.gameserver.instancemanager.CastleManager	CastleManager: Loaded 9 castles
2025.03.30 17:22:27,350	INFO	1	org.l2jmobius.gameserver.data.SchemeBufferTable	SchemeBufferTable: Loaded 18 players schemes and 38 available buffs.
2025.03.30 17:22:27,351	INFO	1	org.l2jmobius.gameserver.instancemanager.GrandBossManager	GrandBossManager: Initialized 14 Grand Boss Zones
2025.03.30 17:22:27,352	INFO	1	org.l2jmobius.gameserver.GameServer	------------------------------------------------=[ Olympiad ]
2025.03.30 17:22:27,360	INFO	1	org.l2jmobius.gameserver.model.olympiad.Olympiad	Olympiad System: Loading Olympiad System....
2025.03.30 17:22:27,361	INFO	1	org.l2jmobius.gameserver.model.olympiad.Olympiad	Olympiad System: Currently in Olympiad Period
2025.03.30 17:22:27,361	INFO	1	org.l2jmobius.gameserver.model.olympiad.Olympiad	Olympiad System: 2557 minutes until period ends
2025.03.30 17:22:27,361	INFO	1	org.l2jmobius.gameserver.model.olympiad.Olympiad	Olympiad System: Next weekly change is in 1573 minutes
2025.03.30 17:22:27,361	INFO	1	org.l2jmobius.gameserver.model.olympiad.Olympiad	Olympiad System: Loaded 0 Nobles
2025.03.30 17:22:27,365	INFO	1	org.l2jmobius.gameserver.model.olympiad.Olympiad	Olympiad System: Competition Period Starts in 0 days, 0 hours and 38 mins.
2025.03.30 17:22:27,375	INFO	1	org.l2jmobius.gameserver.model.olympiad.Olympiad	Olympiad System: Event starts/started : Sun Mar 30 18:00:27 ART 2025
2025.03.30 17:22:27,378	INFO	1	org.l2jmobius.gameserver.model.olympiad.Hero	Hero System: Loaded 0 Heroes.
2025.03.30 17:22:27,378	INFO	1	org.l2jmobius.gameserver.model.olympiad.Hero	Hero System: Loaded 0 all time Heroes.
2025.03.30 17:22:27,378	INFO	1	org.l2jmobius.gameserver.GameServer	---------------------------------------------=[ Seven Signs ]
2025.03.30 17:22:27,381	INFO	1	org.l2jmobius.gameserver.model.sevensigns.SevenSigns	SevenSigns: Currently in the Seal Validation period!
2025.03.30 17:22:27,382	INFO	1	org.l2jmobius.gameserver.model.sevensigns.SevenSigns	SevenSigns: The Seal of Avarice remains unclaimed.
2025.03.30 17:22:27,382	INFO	1	org.l2jmobius.gameserver.model.sevensigns.SevenSigns	SevenSigns: The Seal of Gnosis remains unclaimed.
2025.03.30 17:22:27,382	INFO	1	org.l2jmobius.gameserver.model.sevensigns.SevenSigns	SevenSigns: The Seal of Strife remains unclaimed.
2025.03.30 17:22:27,382	INFO	1	org.l2jmobius.gameserver.model.sevensigns.SevenSigns	SevenSigns: The competition ended with a tie last week.
2025.03.30 17:22:27,382	INFO	1	org.l2jmobius.gameserver.model.sevensigns.SevenSigns	SevenSigns: Next period change set to Mon Mar 31 18:00:27 ART 2025
2025.03.30 17:22:27,383	INFO	1	org.l2jmobius.gameserver.model.sevensigns.SevenSigns	SevenSigns: Next period begins in 1 days, 0 hours and 37 mins.
2025.03.30 17:22:27,383	INFO	1	org.l2jmobius.gameserver.GameServer	---------------------------------------------------=[ Cache ]
2025.03.30 17:22:27,384	INFO	1	org.l2jmobius.gameserver.cache.HtmCache	Cache[HTML]: Running lazy cache.
2025.03.30 17:22:27,385	INFO	1	org.l2jmobius.gameserver.data.sql.CrestTable	CrestTable: Loaded 0 Crests.
2025.03.30 17:22:27,394	INFO	1	org.l2jmobius.gameserver.data.sql.TeleportLocationTable	TeleportLocationTable: Loaded 704 teleport location templates.
2025.03.30 17:22:27,442	INFO	1	org.l2jmobius.gameserver.data.AugmentationData	AugmentationData: Loaded 22640 augmentations.
2025.03.30 17:22:27,447	INFO	1	org.l2jmobius.gameserver.instancemanager.SellBuffsManager	SellBuffsManager: Loaded 132 allowed buffs.
2025.03.30 17:22:27,448	INFO	1	org.l2jmobius.gameserver.GameServer	-------------------------------------------------=[ Scripts ]
2025.03.30 17:22:27,449	INFO	1	org.l2jmobius.gameserver.GameServer	Loading server scripts...
2025.03.30 17:22:29,342	INFO	1	handlers.MasterHandler	Loading Handlers...
2025.03.30 17:22:29,485	INFO	1	handlers.MasterHandler	ActionHandler: Loaded 10 handlers.
2025.03.30 17:22:29,485	INFO	1	handlers.MasterHandler	ActionShiftHandler: Loaded 6 handlers.
2025.03.30 17:22:29,485	INFO	1	handlers.MasterHandler	AdminCommandHandler: Loaded 436 handlers.
2025.03.30 17:22:29,485	INFO	1	handlers.MasterHandler	BypassHandler: Loaded 38 handlers.
2025.03.30 17:22:29,485	INFO	1	handlers.MasterHandler	ChatHandler: Loaded 14 handlers.
2025.03.30 17:22:29,485	INFO	1	handlers.MasterHandler	CommunityBoardHandler: Loaded 27 handlers.
2025.03.30 17:22:29,485	INFO	1	handlers.MasterHandler	ItemHandler: Loaded 25 handlers.
2025.03.30 17:22:29,485	INFO	1	handlers.MasterHandler	PunishmentHandler: Loaded 3 handlers.
2025.03.30 17:22:29,485	INFO	1	handlers.MasterHandler	UserCommandHandler: Loaded 15 handlers.
2025.03.30 17:22:29,485	INFO	1	handlers.MasterHandler	VoicedCommandHandler: Loaded 15 handlers.
2025.03.30 17:22:29,485	INFO	1	handlers.MasterHandler	TargetHandler: Loaded 34 handlers.
2025.03.30 17:22:29,487	INFO	1	handlers.MasterHandler	Handlers Loaded...
2025.03.30 17:22:34,289	INFO	1	org.l2jmobius.commons.util.IXmlReader	NpcBuffersData: Loaded 10 buffers data.
2025.03.30 17:22:34,324	CONFIG	1	conquerablehalls.BanditStronghold.BanditStronghold	Bandit StrongHold siege scheduled for Wed Apr 09 12:00:00 ART 2025.
2025.03.30 17:22:34,327	CONFIG	1	conquerablehalls.DevastatedCastle.DevastatedCastle	Devastated Castle siege scheduled for Wed Apr 09 12:00:00 ART 2025.
2025.03.30 17:22:34,329	CONFIG	1	conquerablehalls.FortressOfResistance.FortressOfResistance	Fortress of Resistance siege scheduled for Wed Apr 09 12:00:00 ART 2025.
2025.03.30 17:22:34,335	CONFIG	1	conquerablehalls.FortressOfTheDead.FortressOfTheDead	Fortress of the Dead siege scheduled for Wed Apr 09 12:00:00 ART 2025.
2025.03.30 17:22:34,339	CONFIG	1	conquerablehalls.RainbowSpringsChateau.RainbowSpringsChateau	Rainbow Springs siege scheduled for Wed Apr 09 12:00:00 ART 2025.
2025.03.30 17:22:34,342	CONFIG	1	conquerablehalls.WildBeastReserve.WildBeastReserve	Beast Farm siege scheduled for Wed Apr 09 12:00:00 ART 2025.
2025.03.30 17:22:34,405	INFO	1	org.l2jmobius.gameserver.model.events.AbstractScript	Event Heavy Medal has passed... Ignored 
2025.03.30 17:22:34,408	INFO	1	org.l2jmobius.gameserver.model.events.AbstractScript	Event L2 Day has passed... Ignored 
2025.03.30 17:22:34,877	INFO	1	org.l2jmobius.gameserver.data.SpawnTable	SpawnTable: Initializing spawns...
2025.03.30 17:22:36,902	INFO	1	org.l2jmobius.gameserver.data.SpawnTable	SpawnTable: 36013 spawns have been initialized!
2025.03.30 17:22:36,906	INFO	1	org.l2jmobius.gameserver.instancemanager.DayNightSpawnManager	DayNightSpawnManager: Removed 0 night creatures
2025.03.30 17:22:36,910	INFO	1	org.l2jmobius.gameserver.instancemanager.DayNightSpawnManager	DayNightSpawnManager: Spawned 232 day creatures
2025.03.30 17:22:36,917	INFO	1	org.l2jmobius.gameserver.instancemanager.FourSepulchersManager	FourSepulchersManager: loaded 20 Mysterious-Box spawns.
2025.03.30 17:22:36,949	INFO	1	org.l2jmobius.gameserver.instancemanager.FourSepulchersManager	FourSepulchersManager: loaded 716 Physical type monsters spawns.
2025.03.30 17:22:36,979	INFO	1	org.l2jmobius.gameserver.instancemanager.FourSepulchersManager	FourSepulchersManager: loaded 716 Magical type monsters spawns.
2025.03.30 17:22:36,986	INFO	1	org.l2jmobius.gameserver.instancemanager.FourSepulchersManager	FourSepulchersManager: loaded 92 Church of duke monsters spawns.
2025.03.30 17:22:36,995	INFO	1	org.l2jmobius.gameserver.instancemanager.FourSepulchersManager	FourSepulchersManager: loaded 68 Emperor's grave NPC spawns.
2025.03.30 17:22:36,995	INFO	1	org.l2jmobius.gameserver.instancemanager.FourSepulchersManager	FourSepulchersManager: spawned Conquerors' Sepulcher Manager
2025.03.30 17:22:36,995	INFO	1	org.l2jmobius.gameserver.instancemanager.FourSepulchersManager	FourSepulchersManager: spawned Emperors' Sepulcher Manager
2025.03.30 17:22:36,995	INFO	1	org.l2jmobius.gameserver.instancemanager.FourSepulchersManager	FourSepulchersManager: spawned Great Sages' Sepulcher Manager
2025.03.30 17:22:36,996	INFO	1	org.l2jmobius.gameserver.instancemanager.FourSepulchersManager	FourSepulchersManager: spawned Judges' Sepulcher Manager
2025.03.30 17:22:36,996	INFO	1	org.l2jmobius.gameserver.instancemanager.FourSepulchersManager	FourSepulchersManager: Beginning in Attack time
2025.03.30 17:22:37,000	INFO	1	org.l2jmobius.gameserver.instancemanager.DimensionalRiftManager	DimensionalRiftManager: Loaded 7 room types with 56 rooms.
2025.03.30 17:22:37,005	INFO	1	org.l2jmobius.gameserver.instancemanager.DimensionalRiftManager	DimensionalRiftManager: Loaded 462 dimensional rift spawns, 0 errors.
2025.03.30 17:22:37,020	INFO	1	org.l2jmobius.gameserver.instancemanager.RaidBossSpawnManager	RaidBossSpawnManager: Loaded 190 Instances
2025.03.30 17:22:37,020	INFO	1	org.l2jmobius.gameserver.instancemanager.RaidBossSpawnManager	RaidBossSpawnManager: Scheduled 0 Instances
2025.03.30 17:22:37,020	INFO	1	org.l2jmobius.gameserver.GameServer	---------------------------------------------------=[ Siege ]
2025.03.30 17:22:37,030	INFO	1	org.l2jmobius.gameserver.data.xml.SiegeScheduleData	SiegeScheduleData: Loaded 9 siege schedulers.
2025.03.30 17:22:37,183	INFO	1	org.l2jmobius.gameserver.model.siege.Siege	Siege of Gludio: Sun Apr 06 16:00:00 ART 2025
2025.03.30 17:22:37,184	INFO	1	org.l2jmobius.gameserver.model.siege.Siege	Siege of Dion: Sun Mar 30 20:00:00 ART 2025
2025.03.30 17:22:37,184	INFO	1	org.l2jmobius.gameserver.model.siege.Siege	Siege of Giran: Sun Apr 06 16:00:00 ART 2025
2025.03.30 17:22:37,184	INFO	1	org.l2jmobius.gameserver.model.siege.Siege	Siege of Oren: Sun Mar 30 20:00:00 ART 2025
2025.03.30 17:22:37,186	INFO	1	org.l2jmobius.gameserver.model.siege.Siege	Siege of Aden: Sun Apr 06 16:00:00 ART 2025
2025.03.30 17:22:37,186	INFO	1	org.l2jmobius.gameserver.model.siege.Siege	Siege of Innadril: Sun Mar 30 20:00:00 ART 2025
2025.03.30 17:22:37,187	INFO	1	org.l2jmobius.gameserver.model.siege.Siege	Siege of Goddard: Sun Apr 06 16:00:00 ART 2025
2025.03.30 17:22:37,187	INFO	1	org.l2jmobius.gameserver.model.siege.Siege	Siege of Rune: Sun Mar 30 20:00:00 ART 2025
2025.03.30 17:22:37,190	INFO	1	org.l2jmobius.gameserver.model.siege.Siege	Siege of Schuttgart: Sun Apr 06 16:00:00 ART 2025
2025.03.30 17:22:37,200	INFO	1	org.l2jmobius.commons.util.IXmlReader	CastleManorManager: Loaded 258 seeds.
2025.03.30 17:22:37,204	INFO	1	org.l2jmobius.commons.util.IXmlReader	CastleManorManager: Manor data loaded.
2025.03.30 17:22:37,212	INFO	1	org.l2jmobius.gameserver.instancemanager.MercTicketManager	MercTicketManager: Loaded 0 Mercenary Tickets
2025.03.30 17:22:37,212	INFO	1	org.l2jmobius.gameserver.instancemanager.QuestManager	QuestManager: Loaded 342 quests.
2025.03.30 17:22:37,212	INFO	1	org.l2jmobius.gameserver.instancemanager.QuestManager	QuestManager: Loaded 121 scripts.
2025.03.30 17:22:37,216	INFO	1	org.l2jmobius.gameserver.instancemanager.games.MonsterRaceManager	MonsterRace: loaded 490 records, currently on race #491
2025.03.30 17:22:37,257	INFO	1	org.l2jmobius.gameserver.model.sevensigns.SevenSignsFestival	SevenSignsFestival: Initialization bypassed due to Seal Validation in effect.
2025.03.30 17:22:37,258	INFO	1	org.l2jmobius.gameserver.GameServer	AutoSpawnHandler: Loaded 124 handlers in total.
2025.03.30 17:22:37,265	INFO	1	org.l2jmobius.gameserver.taskmanager.TaskManager	TaskManager: Loaded 10 Tasks.
2025.03.30 17:22:37,267	INFO	1	org.l2jmobius.gameserver.instancemanager.PunishmentManager	PunishmentManager: Loaded 0 active and 0 expired punishments.
2025.03.30 17:22:37,267	INFO	1	org.l2jmobius.gameserver.GameServer	IdManager: Free ObjectID's remaining: 1879007691
2025.03.30 17:22:37,269	INFO	1	org.l2jmobius.gameserver.data.sql.OfflineTraderTable	OfflineTraderTable: Loading offline traders...
2025.03.30 17:22:37,269	INFO	1	org.l2jmobius.gameserver.data.sql.OfflineTraderTable	OfflineTraderTable: Loaded 0 offline traders.
2025.03.30 17:22:37,270	INFO	1	org.l2jmobius.gameserver.instancemanager.ServerRestartManager	Scheduled server restart at Mon Mar 31 06:00:00 ART 2025.
2025.03.30 17:22:37,781	INFO	1	org.l2jmobius.gameserver.GameServer	GameServer: Started, using 1414 of 4096 MB total memory.
2025.03.30 17:22:37,781	INFO	1	org.l2jmobius.gameserver.GameServer	GameServer: Maximum number of connected players is 2000.
2025.03.30 17:22:37,782	INFO	1	org.l2jmobius.gameserver.GameServer	GameServer: Server loaded in 21 seconds.
2025.03.30 17:22:37,799	INFO	137	org.l2jmobius.gameserver.LoginServerThread	LoginServerThread: Connecting to login on 127.0.0.1:9014
2025.03.30 17:22:37,881	INFO	137	org.l2jmobius.gameserver.LoginServerThread	LoginServerThread: Registered on login as Server 2: Sieghardt
2025.03.30 17:24:44,279	SEVERE	213	org.l2jmobius.gameserver.model.item.instance.Item	Item item_id=485 not known, object_id=268476759
2025.03.30 17:24:45,745	INFO	40	org.l2jmobius.gameserver.ui.SystemPanel	New maximum connected count of 2!
2025.03.30 17:26:03,372	SEVERE	201	org.l2jmobius.gameserver.model.item.instance.Item	Item item_id=485 not known, object_id=268476759
2025.03.30 17:28:08,745	INFO	40	org.l2jmobius.gameserver.ui.SystemPanel	New maximum connected count of 3!
2025.03.30 17:30:35,063	WARNING	53	org.l2jmobius.gameserver.model.actor.Creature	dasdsa has karma and dropped id = 6607, count = 1
2025.03.30 17:30:57,272	INFO	55	org.l2jmobius.gameserver.instancemanager.GlobalVariablesManager	GlobalVariablesManager: Stored 5 variables.
2025.03.30 17:44:39,111	WARNING	38	org.l2jmobius.gameserver.Shutdown	Server scheduled restart issued shutdown command. Restart in 1 seconds!
2025.03.30 17:44:40,124	WARNING	239	org.l2jmobius.gameserver.Shutdown	GM shutdown countdown is over. restarting NOW!
2025.03.30 17:44:40,189	INFO	239	org.l2jmobius.gameserver.Shutdown	All players disconnected and saved(61ms).
2025.03.30 17:44:40,189	INFO	239	org.l2jmobius.gameserver.Shutdown	Game Time Task Manager: Thread interruped(3ms).
2025.03.30 17:44:40,189	INFO	239	org.l2jmobius.commons.threads.ThreadPool	ThreadPool: Shutting down.
2025.03.30 17:44:40,190	INFO	239	org.l2jmobius.gameserver.Shutdown	Thread Pool Manager: Manager has been shut down(1ms).
2025.03.30 17:44:40,190	INFO	239	org.l2jmobius.gameserver.Shutdown	Login Server Thread: Thread interruped(0ms).
2025.03.30 17:44:40,190	INFO	239	org.l2jmobius.gameserver.Shutdown	GM restart received. Restarting NOW!
2025.03.30 17:44:40,191	INFO	239	org.l2jmobius.gameserver.Shutdown	SevenSigns: Seven Signs data saved(0ms).
2025.03.30 17:44:40,193	INFO	239	org.l2jmobius.gameserver.Shutdown	SevenSigns: Seven Signs status saved(2ms).
2025.03.30 17:44:40,230	INFO	239	org.l2jmobius.gameserver.Shutdown	RaidBossSpawnManager: All raidboss info saved(37ms).
2025.03.30 17:44:40,236	INFO	239	org.l2jmobius.gameserver.Shutdown	GrandBossManager: All Grand Boss info saved(6ms).
2025.03.30 17:44:40,239	INFO	239	org.l2jmobius.gameserver.Shutdown	Olympiad System: Data saved(2ms).
2025.03.30 17:44:40,240	INFO	239	org.l2jmobius.gameserver.Shutdown	Hero System: Data saved(2ms).
2025.03.30 17:44:40,241	INFO	239	org.l2jmobius.gameserver.Shutdown	Clan System: Data saved(1ms).
2025.03.30 17:44:40,241	INFO	239	org.l2jmobius.gameserver.Shutdown	Cursed Weapons Manager: Data saved(0ms).
2025.03.30 17:44:40,243	INFO	239	org.l2jmobius.gameserver.Shutdown	Castle Manor Manager: Data saved(2ms).
2025.03.30 17:44:40,244	CONFIG	239	conquerablehalls.FortressOfTheDead.FortressOfTheDead	FortressOfTheDead: Successfully saved attackers to database.
2025.03.30 17:44:40,244	CONFIG	239	conquerablehalls.DevastatedCastle.DevastatedCastle	DevastatedCastle: Successfully saved attackers to database.
2025.03.30 17:44:40,244	CONFIG	239	conquerablehalls.BanditStronghold.BanditStronghold	BanditStronghold: Successfully saved attackers to database.
2025.03.30 17:44:40,244	CONFIG	239	conquerablehalls.FortressOfResistance.FortressOfResistance	FortressOfResistance: Successfully saved attackers to database.
2025.03.30 17:44:40,246	CONFIG	239	conquerablehalls.RainbowSpringsChateau.RainbowSpringsChateau	RainbowSpringsChateau: Successfully saved attackers to database.
2025.03.30 17:44:40,246	CONFIG	239	conquerablehalls.WildBeastReserve.WildBeastReserve	WildBeastReserve: Successfully saved attackers to database.
2025.03.30 17:44:40,246	INFO	239	org.l2jmobius.gameserver.Shutdown	CHSiegeManager: Siegable hall attacker lists saved!
2025.03.30 17:44:40,247	INFO	239	org.l2jmobius.gameserver.Shutdown	Quest Manager: Data saved(3ms).
2025.03.30 17:44:40,254	INFO	239	org.l2jmobius.gameserver.instancemanager.GlobalVariablesManager	GlobalVariablesManager: Stored 5 variables.
2025.03.30 17:44:40,254	INFO	239	org.l2jmobius.gameserver.Shutdown	Global Variables Manager: Variables saved(8ms).
2025.03.30 17:44:40,256	INFO	239	org.l2jmobius.gameserver.Shutdown	Fishing Championship data has been saved.
2025.03.30 17:44:40,284	INFO	239	org.l2jmobius.gameserver.Shutdown	SchemeBufferTable data has been saved.
2025.03.30 17:44:45,287	INFO	239	org.l2jmobius.commons.database.DatabaseFactory	Database: HikariCP pool closed successfully.
2025.03.30 17:44:45,288	INFO	239	org.l2jmobius.gameserver.Shutdown	Database Factory: Database connection has been shut down(3ms).
2025.03.30 17:44:45,288	INFO	239	org.l2jmobius.gameserver.Shutdown	The server has been successfully shut down in 5seconds.
